#
# There is insufficient memory for the Java Runtime Environment to continue.
# Native memory allocation (malloc) failed to allocate 2102736 bytes for Chunk::new
# Possible reasons:
#   The system is out of physical RAM or swap space
#   The process is running with CompressedOops enabled, and the Java Heap may be blocking the growth of the native heap
# Possible solutions:
#   Reduce memory load on the system
#   Increase physical memory or swap space
#   Check if swap backing store is full
#   Decrease Java heap size (-Xmx/-Xms)
#   Decrease number of Java threads
#   Decrease Java thread stack sizes (-Xss)
#   Set larger code cache with -XX:ReservedCodeCacheSize=
#   JVM is running with Unscaled Compressed Oops mode in which the Java heap is
#     placed in the first 4GB address space. The Java Heap base address is the
#     maximum limit for the native heap growth. Please use -XX:HeapBaseMinAddress
#     to set the Java Heap base and to place the Java Heap above 4GB virtual address.
# This output file may be truncated or incomplete.
#
#  Out of Memory Error (./open/src/hotspot/share/memory/arena.cpp:197), pid=15128, tid=1556
#
# JRE version: Java(TM) SE Runtime Environment 18.9 (11.0.12+8) (build 11.0.12+8-LTS-237)
# Java VM: Java HotSpot(TM) 64-Bit Server VM 18.9 (11.0.12+8-LTS-237, mixed mode, tiered, compressed oops, g1 gc, windows-amd64)
# No core dump will be written. Minidumps are not enabled by default on client versions of Windows
#

---------------  S U M M A R Y ------------

Command Line: com.backend.WorkersConsoleTrama.WorkerSaveDataBaseTrama

Host: 11th Gen Intel(R) Core(TM) i7-1165G7 @ 2.80GHz, 8 cores, 7G,  Windows 10 , 64 bit Build 19041 (10.0.19041.1202)
Time: Mon Oct 25 17:00:38 2021 Hora est. Pacífico, Sudamérica elapsed time: 6.058847 seconds (0d 0h 0m 6s)

---------------  T H R E A D  ---------------

Current thread (0x00000181ffeca000):  JavaThread "C2 CompilerThread0" daemon [_thread_in_native, id=1556, stack(0x00000032f9000000,0x00000032f9100000)]


Current CompileTask:
C2:   6058 4308       4       jdk.internal.loader.ClassLoaders$AppClassLoader::loadClass (40 bytes)

Stack: [0x00000032f9000000,0x00000032f9100000]
Native frames: (J=compiled Java code, j=interpreted, Vv=VM code, C=native code)
V  [jvm.dll+0x617d9a]
V  [jvm.dll+0x74eeef]
V  [jvm.dll+0x750599]
V  [jvm.dll+0x750c23]
V  [jvm.dll+0x2438d8]
V  [jvm.dll+0xba6dc]
V  [jvm.dll+0xbac9c]
V  [jvm.dll+0x346972]
V  [jvm.dll+0x193e79]
V  [jvm.dll+0x1fd212]
V  [jvm.dll+0x1fc2ed]
V  [jvm.dll+0x17f18c]
V  [jvm.dll+0x20b87c]
V  [jvm.dll+0x20997b]
V  [jvm.dll+0x716359]
V  [jvm.dll+0x70f064]
V  [jvm.dll+0x616f66]
C  [ucrtbase.dll+0x21bb2]
C  [KERNEL32.DLL+0x17034]
C  [ntdll.dll+0x52651]


---------------  P R O C E S S  ---------------

Threads class SMR info:
_java_thread_list=0x00000181982cdc60, length=13, elements={
0x00000181f4141800, 0x00000181ffea9800, 0x00000181ffeb2800, 0x00000181ffec3000,
0x00000181ffec7000, 0x00000181ffec8000, 0x00000181ffeca000, 0x00000181955e2000,
0x00000181955eb800, 0x0000018195998000, 0x0000018196997800, 0x0000018196bdb800,
0x0000018196e60800
}

Java Threads: ( => current thread )
  0x00000181f4141800 JavaThread "main" [_thread_blocked, id=14512, stack(0x00000032f8400000,0x00000032f8500000)]
  0x00000181ffea9800 JavaThread "Reference Handler" daemon [_thread_blocked, id=14660, stack(0x00000032f8b00000,0x00000032f8c00000)]
  0x00000181ffeb2800 JavaThread "Finalizer" daemon [_thread_blocked, id=10972, stack(0x00000032f8c00000,0x00000032f8d00000)]
  0x00000181ffec3000 JavaThread "Signal Dispatcher" daemon [_thread_blocked, id=17228, stack(0x00000032f8d00000,0x00000032f8e00000)]
  0x00000181ffec7000 JavaThread "Attach Listener" daemon [_thread_blocked, id=312, stack(0x00000032f8e00000,0x00000032f8f00000)]
  0x00000181ffec8000 JavaThread "Service Thread" daemon [_thread_blocked, id=14240, stack(0x00000032f8f00000,0x00000032f9000000)]
=>0x00000181ffeca000 JavaThread "C2 CompilerThread0" daemon [_thread_in_native, id=1556, stack(0x00000032f9000000,0x00000032f9100000)]
  0x00000181955e2000 JavaThread "C1 CompilerThread0" daemon [_thread_blocked, id=18428, stack(0x00000032f9100000,0x00000032f9200000)]
  0x00000181955eb800 JavaThread "Sweeper thread" daemon [_thread_blocked, id=9936, stack(0x00000032f9200000,0x00000032f9300000)]
  0x0000018195998000 JavaThread "Common-Cleaner" daemon [_thread_blocked, id=20656, stack(0x00000032f9400000,0x00000032f9500000)]
  0x0000018196997800 JavaThread "Thread-0" [_thread_blocked, id=18116, stack(0x00000032f9600000,0x00000032f9700000)]
  0x0000018196bdb800 JavaThread "restartedMain" [_thread_in_native, id=12268, stack(0x00000032f9700000,0x00000032f9800000)]
  0x0000018196e60800 JavaThread "C2 CompilerThread1" daemon [_thread_in_native, id=20760, stack(0x00000032f9c00000,0x00000032f9d00000)]

Other Threads:
  0x00000181ffea2800 VMThread "VM Thread" [stack: 0x00000032f8a00000,0x00000032f8b00000] [id=2944]
  0x0000018195783800 WatcherThread [stack: 0x00000032f9300000,0x00000032f9400000] [id=19816]
  0x00000181f4154800 GCTaskThread "GC Thread#0" [stack: 0x00000032f8500000,0x00000032f8600000] [id=6192]
  0x000001819699d000 GCTaskThread "GC Thread#1" [stack: 0x00000032f9500000,0x00000032f9600000] [id=10684]
  0x0000018196d58800 GCTaskThread "GC Thread#2" [stack: 0x00000032f9800000,0x00000032f9900000] [id=14924]
  0x0000018196b62000 GCTaskThread "GC Thread#3" [stack: 0x00000032f9900000,0x00000032f9a00000] [id=7048]
  0x0000018196a73000 GCTaskThread "GC Thread#4" [stack: 0x00000032f9a00000,0x00000032f9b00000] [id=17016]
  0x00000181964cf000 GCTaskThread "GC Thread#5" [stack: 0x00000032f9b00000,0x00000032f9c00000] [id=5544]
  0x0000018196b7c000 GCTaskThread "GC Thread#6" [stack: 0x00000032f9e00000,0x00000032f9f00000] [id=15404]
  0x00000181980c3800 GCTaskThread "GC Thread#7" [stack: 0x00000032f9f00000,0x00000032fa000000] [id=16100]
  0x00000181f4184800 ConcurrentGCThread "G1 Main Marker" [stack: 0x00000032f8600000,0x00000032f8700000] [id=5540]
  0x00000181f4186000 ConcurrentGCThread "G1 Conc#0" [stack: 0x00000032f8700000,0x00000032f8800000] [id=20528]
  0x00000181970e9800 ConcurrentGCThread "G1 Conc#1" [stack: 0x00000032fa000000,0x00000032fa100000] [id=19432]
  0x00000181ffcda800 ConcurrentGCThread "G1 Refine#0" [stack: 0x00000032f8800000,0x00000032f8900000] [id=8244]
  0x00000181ffcdb000 ConcurrentGCThread "G1 Young RemSet Sampling" [stack: 0x00000032f8900000,0x00000032f8a00000] [id=12140]

Threads with active compile tasks:
C2 CompilerThread0   6078 4308       4       jdk.internal.loader.ClassLoaders$AppClassLoader::loadClass (40 bytes)
C2 CompilerThread1   6078 4289   !   4       jdk.internal.loader.BuiltinClassLoader::loadClassOrNull (143 bytes)

VM state:not at safepoint (normal execution)

VM Mutex/Monitor currently owned by a thread: None

Heap address: 0x0000000084400000, size: 1980 MB, Compressed Oops mode: 32-bit
Narrow klass base: 0x0000000000000000, Narrow klass shift: 3
Compressed class space size: 1073741824 Address: 0x0000000100000000

Heap:
 garbage-first heap   total 152576K, used 71457K [0x0000000084400000, 0x0000000100000000)
  region size 1024K, 59 young (60416K), 6 survivors (6144K)
 Metaspace       used 42652K, capacity 43733K, committed 44028K, reserved 1087488K
  class space    used 5122K, capacity 5552K, committed 5632K, reserved 1048576K
Heap Regions: E=young(eden), S=young(survivor), O=old, HS=humongous(starts), HC=humongous(continues), CS=collection set, F=free, A=archive, TAMS=top-at-mark-start (previous, next)
|   0|0x0000000084400000, 0x0000000084500000, 0x0000000084500000|100%|HS|  |TAMS 0x0000000084500000, 0x0000000084400000| Complete 
|   1|0x0000000084500000, 0x0000000084600000, 0x0000000084600000|100%|HS|  |TAMS 0x0000000084600000, 0x0000000084500000| Complete 
|   2|0x0000000084600000, 0x0000000084700000, 0x0000000084700000|100%| O|  |TAMS 0x0000000084700000, 0x0000000084600000| Untracked 
|   3|0x0000000084700000, 0x0000000084800000, 0x0000000084800000|100%| O|  |TAMS 0x0000000084800000, 0x0000000084700000| Untracked 
|   4|0x0000000084800000, 0x0000000084900000, 0x0000000084900000|100%| O|  |TAMS 0x0000000084900000, 0x0000000084800000| Untracked 
|   5|0x0000000084900000, 0x0000000084a00000, 0x0000000084a00000|100%| O|  |TAMS 0x0000000084a00000, 0x0000000084900000| Untracked 
|   6|0x0000000084a00000, 0x0000000084b00000, 0x0000000084b00000|100%| O|  |TAMS 0x0000000084b00000, 0x0000000084a00000| Untracked 
|   7|0x0000000084b00000, 0x0000000084c00000, 0x0000000084c00000|100%| O|  |TAMS 0x0000000084c00000, 0x0000000084b00000| Untracked 
|   8|0x0000000084c00000, 0x0000000084d00000, 0x0000000084d00000|100%| O|  |TAMS 0x0000000084d00000, 0x0000000084c00000| Untracked 
|   9|0x0000000084d00000, 0x0000000084e00000, 0x0000000084e00000|100%| O|  |TAMS 0x0000000084e00000, 0x0000000084d00000| Untracked 
|  10|0x0000000084e00000, 0x0000000084f00000, 0x0000000084f00000|100%| O|  |TAMS 0x0000000084f00000, 0x0000000084e00000| Untracked 
|  11|0x0000000084f00000, 0x0000000085000000, 0x0000000085000000|100%| O|  |TAMS 0x0000000085000000, 0x0000000084f00000| Untracked 
|  12|0x0000000085000000, 0x000000008500e800, 0x0000000085100000|  5%| O|  |TAMS 0x000000008500e800, 0x0000000085000000| Untracked 
|  13|0x0000000085100000, 0x0000000085100000, 0x0000000085200000|  0%| F|  |TAMS 0x0000000085100000, 0x0000000085100000| Untracked 
|  14|0x0000000085200000, 0x0000000085200000, 0x0000000085300000|  0%| F|  |TAMS 0x0000000085200000, 0x0000000085200000| Untracked 
|  15|0x0000000085300000, 0x0000000085300000, 0x0000000085400000|  0%| F|  |TAMS 0x0000000085300000, 0x0000000085300000| Untracked 
|  16|0x0000000085400000, 0x0000000085400000, 0x0000000085500000|  0%| F|  |TAMS 0x0000000085400000, 0x0000000085400000| Untracked 
|  17|0x0000000085500000, 0x0000000085500000, 0x0000000085600000|  0%| F|  |TAMS 0x0000000085500000, 0x0000000085500000| Untracked 
|  18|0x0000000085600000, 0x0000000085600000, 0x0000000085700000|  0%| F|  |TAMS 0x0000000085600000, 0x0000000085600000| Untracked 
|  19|0x0000000085700000, 0x0000000085700000, 0x0000000085800000|  0%| F|  |TAMS 0x0000000085700000, 0x0000000085700000| Untracked 
|  20|0x0000000085800000, 0x0000000085800000, 0x0000000085900000|  0%| F|  |TAMS 0x0000000085800000, 0x0000000085800000| Untracked 
|  21|0x0000000085900000, 0x0000000085900000, 0x0000000085a00000|  0%| F|  |TAMS 0x0000000085900000, 0x0000000085900000| Untracked 
|  22|0x0000000085a00000, 0x0000000085a00000, 0x0000000085b00000|  0%| F|  |TAMS 0x0000000085a00000, 0x0000000085a00000| Untracked 
|  23|0x0000000085b00000, 0x0000000085b00000, 0x0000000085c00000|  0%| F|  |TAMS 0x0000000085b00000, 0x0000000085b00000| Untracked 
|  24|0x0000000085c00000, 0x0000000085c00000, 0x0000000085d00000|  0%| F|  |TAMS 0x0000000085c00000, 0x0000000085c00000| Untracked 
|  25|0x0000000085d00000, 0x0000000085d00000, 0x0000000085e00000|  0%| F|  |TAMS 0x0000000085d00000, 0x0000000085d00000| Untracked 
|  26|0x0000000085e00000, 0x0000000085e00000, 0x0000000085f00000|  0%| F|  |TAMS 0x0000000085e00000, 0x0000000085e00000| Untracked 
|  27|0x0000000085f00000, 0x0000000085f00000, 0x0000000086000000|  0%| F|  |TAMS 0x0000000085f00000, 0x0000000085f00000| Untracked 
|  28|0x0000000086000000, 0x0000000086000000, 0x0000000086100000|  0%| F|  |TAMS 0x0000000086000000, 0x0000000086000000| Untracked 
|  29|0x0000000086100000, 0x0000000086100000, 0x0000000086200000|  0%| F|  |TAMS 0x0000000086100000, 0x0000000086100000| Untracked 
|  30|0x0000000086200000, 0x0000000086200000, 0x0000000086300000|  0%| F|  |TAMS 0x0000000086200000, 0x0000000086200000| Untracked 
|  31|0x0000000086300000, 0x0000000086300000, 0x0000000086400000|  0%| F|  |TAMS 0x0000000086300000, 0x0000000086300000| Untracked 
|  32|0x0000000086400000, 0x0000000086400000, 0x0000000086500000|  0%| F|  |TAMS 0x0000000086400000, 0x0000000086400000| Untracked 
|  33|0x0000000086500000, 0x0000000086500000, 0x0000000086600000|  0%| F|  |TAMS 0x0000000086500000, 0x0000000086500000| Untracked 
|  34|0x0000000086600000, 0x0000000086600000, 0x0000000086700000|  0%| F|  |TAMS 0x0000000086600000, 0x0000000086600000| Untracked 
|  35|0x0000000086700000, 0x0000000086700000, 0x0000000086800000|  0%| F|  |TAMS 0x0000000086700000, 0x0000000086700000| Untracked 
|  36|0x0000000086800000, 0x0000000086800000, 0x0000000086900000|  0%| F|  |TAMS 0x0000000086800000, 0x0000000086800000| Untracked 
|  37|0x0000000086900000, 0x0000000086900000, 0x0000000086a00000|  0%| F|  |TAMS 0x0000000086900000, 0x0000000086900000| Untracked 
|  38|0x0000000086a00000, 0x0000000086a00000, 0x0000000086b00000|  0%| F|  |TAMS 0x0000000086a00000, 0x0000000086a00000| Untracked 
|  39|0x0000000086b00000, 0x0000000086b00000, 0x0000000086c00000|  0%| F|  |TAMS 0x0000000086b00000, 0x0000000086b00000| Untracked 
|  40|0x0000000086c00000, 0x0000000086c00000, 0x0000000086d00000|  0%| F|  |TAMS 0x0000000086c00000, 0x0000000086c00000| Untracked 
|  41|0x0000000086d00000, 0x0000000086d00000, 0x0000000086e00000|  0%| F|  |TAMS 0x0000000086d00000, 0x0000000086d00000| Untracked 
|  42|0x0000000086e00000, 0x0000000086e00000, 0x0000000086f00000|  0%| F|  |TAMS 0x0000000086e00000, 0x0000000086e00000| Untracked 
|  43|0x0000000086f00000, 0x0000000086f00000, 0x0000000087000000|  0%| F|  |TAMS 0x0000000086f00000, 0x0000000086f00000| Untracked 
|  44|0x0000000087000000, 0x0000000087000000, 0x0000000087100000|  0%| F|  |TAMS 0x0000000087000000, 0x0000000087000000| Untracked 
|  45|0x0000000087100000, 0x0000000087100000, 0x0000000087200000|  0%| F|  |TAMS 0x0000000087100000, 0x0000000087100000| Untracked 
|  46|0x0000000087200000, 0x0000000087200000, 0x0000000087300000|  0%| F|  |TAMS 0x0000000087200000, 0x0000000087200000| Untracked 
|  47|0x0000000087300000, 0x0000000087300000, 0x0000000087400000|  0%| F|  |TAMS 0x0000000087300000, 0x0000000087300000| Untracked 
|  48|0x0000000087400000, 0x0000000087400000, 0x0000000087500000|  0%| F|  |TAMS 0x0000000087400000, 0x0000000087400000| Untracked 
|  49|0x0000000087500000, 0x0000000087500000, 0x0000000087600000|  0%| F|  |TAMS 0x0000000087500000, 0x0000000087500000| Untracked 
|  50|0x0000000087600000, 0x0000000087600000, 0x0000000087700000|  0%| F|  |TAMS 0x0000000087600000, 0x0000000087600000| Untracked 
|  51|0x0000000087700000, 0x0000000087700000, 0x0000000087800000|  0%| F|  |TAMS 0x0000000087700000, 0x0000000087700000| Untracked 
|  52|0x0000000087800000, 0x0000000087800000, 0x0000000087900000|  0%| F|  |TAMS 0x0000000087800000, 0x0000000087800000| Untracked 
|  53|0x0000000087900000, 0x0000000087900000, 0x0000000087a00000|  0%| F|  |TAMS 0x0000000087900000, 0x0000000087900000| Untracked 
|  54|0x0000000087a00000, 0x0000000087a00000, 0x0000000087b00000|  0%| F|  |TAMS 0x0000000087a00000, 0x0000000087a00000| Untracked 
|  55|0x0000000087b00000, 0x0000000087b00000, 0x0000000087c00000|  0%| F|  |TAMS 0x0000000087b00000, 0x0000000087b00000| Untracked 
|  56|0x0000000087c00000, 0x0000000087c00000, 0x0000000087d00000|  0%| F|  |TAMS 0x0000000087c00000, 0x0000000087c00000| Untracked 
|  57|0x0000000087d00000, 0x0000000087d00000, 0x0000000087e00000|  0%| F|  |TAMS 0x0000000087d00000, 0x0000000087d00000| Untracked 
|  58|0x0000000087e00000, 0x0000000087e00000, 0x0000000087f00000|  0%| F|  |TAMS 0x0000000087e00000, 0x0000000087e00000| Untracked 
|  59|0x0000000087f00000, 0x0000000087f00000, 0x0000000088000000|  0%| F|  |TAMS 0x0000000087f00000, 0x0000000087f00000| Untracked 
|  60|0x0000000088000000, 0x0000000088000000, 0x0000000088100000|  0%| F|  |TAMS 0x0000000088000000, 0x0000000088000000| Untracked 
|  61|0x0000000088100000, 0x0000000088100000, 0x0000000088200000|  0%| F|  |TAMS 0x0000000088100000, 0x0000000088100000| Untracked 
|  62|0x0000000088200000, 0x0000000088200000, 0x0000000088300000|  0%| F|  |TAMS 0x0000000088200000, 0x0000000088200000| Untracked 
|  63|0x0000000088300000, 0x0000000088300000, 0x0000000088400000|  0%| F|  |TAMS 0x0000000088300000, 0x0000000088300000| Untracked 
|  64|0x0000000088400000, 0x0000000088400000, 0x0000000088500000|  0%| F|  |TAMS 0x0000000088400000, 0x0000000088400000| Untracked 
|  65|0x0000000088500000, 0x0000000088500000, 0x0000000088600000|  0%| F|  |TAMS 0x0000000088500000, 0x0000000088500000| Untracked 
|  66|0x0000000088600000, 0x0000000088600000, 0x0000000088700000|  0%| F|  |TAMS 0x0000000088600000, 0x0000000088600000| Untracked 
|  67|0x0000000088700000, 0x0000000088700000, 0x0000000088800000|  0%| F|  |TAMS 0x0000000088700000, 0x0000000088700000| Untracked 
|  68|0x0000000088800000, 0x0000000088800000, 0x0000000088900000|  0%| F|  |TAMS 0x0000000088800000, 0x0000000088800000| Untracked 
|  69|0x0000000088900000, 0x0000000088900000, 0x0000000088a00000|  0%| F|  |TAMS 0x0000000088900000, 0x0000000088900000| Untracked 
|  70|0x0000000088a00000, 0x0000000088a00000, 0x0000000088b00000|  0%| F|  |TAMS 0x0000000088a00000, 0x0000000088a00000| Untracked 
|  71|0x0000000088b00000, 0x0000000088b00000, 0x0000000088c00000|  0%| F|  |TAMS 0x0000000088b00000, 0x0000000088b00000| Untracked 
|  72|0x0000000088c00000, 0x0000000088c00000, 0x0000000088d00000|  0%| F|  |TAMS 0x0000000088c00000, 0x0000000088c00000| Untracked 
|  73|0x0000000088d00000, 0x0000000088d00000, 0x0000000088e00000|  0%| F|  |TAMS 0x0000000088d00000, 0x0000000088d00000| Untracked 
|  74|0x0000000088e00000, 0x0000000088e00000, 0x0000000088f00000|  0%| F|  |TAMS 0x0000000088e00000, 0x0000000088e00000| Untracked 
|  75|0x0000000088f00000, 0x0000000088f00000, 0x0000000089000000|  0%| F|  |TAMS 0x0000000088f00000, 0x0000000088f00000| Untracked 
|  76|0x0000000089000000, 0x0000000089000000, 0x0000000089100000|  0%| F|  |TAMS 0x0000000089000000, 0x0000000089000000| Untracked 
|  77|0x0000000089100000, 0x0000000089100000, 0x0000000089200000|  0%| F|  |TAMS 0x0000000089100000, 0x0000000089100000| Untracked 
|  78|0x0000000089200000, 0x0000000089200000, 0x0000000089300000|  0%| F|  |TAMS 0x0000000089200000, 0x0000000089200000| Untracked 
|  79|0x0000000089300000, 0x0000000089300000, 0x0000000089400000|  0%| F|  |TAMS 0x0000000089300000, 0x0000000089300000| Untracked 
|  80|0x0000000089400000, 0x0000000089400000, 0x0000000089500000|  0%| F|  |TAMS 0x0000000089400000, 0x0000000089400000| Untracked 
|  81|0x0000000089500000, 0x0000000089500000, 0x0000000089600000|  0%| F|  |TAMS 0x0000000089500000, 0x0000000089500000| Untracked 
|  82|0x0000000089600000, 0x0000000089600000, 0x0000000089700000|  0%| F|  |TAMS 0x0000000089600000, 0x0000000089600000| Untracked 
|  83|0x0000000089700000, 0x0000000089700000, 0x0000000089800000|  0%| F|  |TAMS 0x0000000089700000, 0x0000000089700000| Untracked 
|  84|0x0000000089800000, 0x0000000089800000, 0x0000000089900000|  0%| F|  |TAMS 0x0000000089800000, 0x0000000089800000| Untracked 
|  85|0x0000000089900000, 0x0000000089900000, 0x0000000089a00000|  0%| F|  |TAMS 0x0000000089900000, 0x0000000089900000| Untracked 
|  86|0x0000000089a00000, 0x0000000089a00000, 0x0000000089b00000|  0%| F|  |TAMS 0x0000000089a00000, 0x0000000089a00000| Untracked 
|  87|0x0000000089b00000, 0x0000000089b00000, 0x0000000089c00000|  0%| F|  |TAMS 0x0000000089b00000, 0x0000000089b00000| Untracked 
|  88|0x0000000089c00000, 0x0000000089c00000, 0x0000000089d00000|  0%| F|  |TAMS 0x0000000089c00000, 0x0000000089c00000| Untracked 
|  89|0x0000000089d00000, 0x0000000089d00000, 0x0000000089e00000|  0%| F|  |TAMS 0x0000000089d00000, 0x0000000089d00000| Untracked 
|  90|0x0000000089e00000, 0x0000000089e80800, 0x0000000089f00000| 50%| E|  |TAMS 0x0000000089e00000, 0x0000000089e00000| Complete 
|  91|0x0000000089f00000, 0x000000008a000000, 0x000000008a000000|100%| E|CS|TAMS 0x0000000089f00000, 0x0000000089f00000| Complete 
|  92|0x000000008a000000, 0x000000008a100000, 0x000000008a100000|100%| E|CS|TAMS 0x000000008a000000, 0x000000008a000000| Complete 
|  93|0x000000008a100000, 0x000000008a200000, 0x000000008a200000|100%| E|CS|TAMS 0x000000008a100000, 0x000000008a100000| Complete 
|  94|0x000000008a200000, 0x000000008a300000, 0x000000008a300000|100%| E|CS|TAMS 0x000000008a200000, 0x000000008a200000| Complete 
|  95|0x000000008a300000, 0x000000008a400000, 0x000000008a400000|100%| E|CS|TAMS 0x000000008a300000, 0x000000008a300000| Complete 
|  96|0x000000008a400000, 0x000000008a500000, 0x000000008a500000|100%| E|CS|TAMS 0x000000008a400000, 0x000000008a400000| Complete 
|  97|0x000000008a500000, 0x000000008a600000, 0x000000008a600000|100%| E|CS|TAMS 0x000000008a500000, 0x000000008a500000| Complete 
|  98|0x000000008a600000, 0x000000008a700000, 0x000000008a700000|100%| E|CS|TAMS 0x000000008a600000, 0x000000008a600000| Complete 
|  99|0x000000008a700000, 0x000000008a800000, 0x000000008a800000|100%| E|CS|TAMS 0x000000008a700000, 0x000000008a700000| Complete 
| 100|0x000000008a800000, 0x000000008a900000, 0x000000008a900000|100%| E|CS|TAMS 0x000000008a800000, 0x000000008a800000| Complete 
| 101|0x000000008a900000, 0x000000008aa00000, 0x000000008aa00000|100%| E|CS|TAMS 0x000000008a900000, 0x000000008a900000| Complete 
| 102|0x000000008aa00000, 0x000000008ab00000, 0x000000008ab00000|100%| E|CS|TAMS 0x000000008aa00000, 0x000000008aa00000| Complete 
| 103|0x000000008ab00000, 0x000000008ac00000, 0x000000008ac00000|100%| E|CS|TAMS 0x000000008ab00000, 0x000000008ab00000| Complete 
| 104|0x000000008ac00000, 0x000000008ad00000, 0x000000008ad00000|100%| E|CS|TAMS 0x000000008ac00000, 0x000000008ac00000| Complete 
| 105|0x000000008ad00000, 0x000000008ae00000, 0x000000008ae00000|100%| E|CS|TAMS 0x000000008ad00000, 0x000000008ad00000| Complete 
| 106|0x000000008ae00000, 0x000000008af00000, 0x000000008af00000|100%| E|CS|TAMS 0x000000008ae00000, 0x000000008ae00000| Complete 
| 107|0x000000008af00000, 0x000000008b000000, 0x000000008b000000|100%| E|CS|TAMS 0x000000008af00000, 0x000000008af00000| Complete 
| 108|0x000000008b000000, 0x000000008b100000, 0x000000008b100000|100%| E|CS|TAMS 0x000000008b000000, 0x000000008b000000| Complete 
| 109|0x000000008b100000, 0x000000008b200000, 0x000000008b200000|100%| E|CS|TAMS 0x000000008b100000, 0x000000008b100000| Complete 
| 110|0x000000008b200000, 0x000000008b300000, 0x000000008b300000|100%| E|CS|TAMS 0x000000008b200000, 0x000000008b200000| Complete 
| 111|0x000000008b300000, 0x000000008b400000, 0x000000008b400000|100%| E|CS|TAMS 0x000000008b300000, 0x000000008b300000| Complete 
| 112|0x000000008b400000, 0x000000008b500000, 0x000000008b500000|100%| E|CS|TAMS 0x000000008b400000, 0x000000008b400000| Complete 
| 113|0x000000008b500000, 0x000000008b600000, 0x000000008b600000|100%| E|CS|TAMS 0x000000008b500000, 0x000000008b500000| Complete 
| 114|0x000000008b600000, 0x000000008b700000, 0x000000008b700000|100%| E|CS|TAMS 0x000000008b600000, 0x000000008b600000| Complete 
| 115|0x000000008b700000, 0x000000008b800000, 0x000000008b800000|100%| E|CS|TAMS 0x000000008b700000, 0x000000008b700000| Complete 
| 116|0x000000008b800000, 0x000000008b900000, 0x000000008b900000|100%| E|CS|TAMS 0x000000008b800000, 0x000000008b800000| Complete 
| 117|0x000000008b900000, 0x000000008ba00000, 0x000000008ba00000|100%| E|CS|TAMS 0x000000008b900000, 0x000000008b900000| Complete 
| 118|0x000000008ba00000, 0x000000008bb00000, 0x000000008bb00000|100%| E|CS|TAMS 0x000000008ba00000, 0x000000008ba00000| Complete 
| 119|0x000000008bb00000, 0x000000008bc00000, 0x000000008bc00000|100%| E|CS|TAMS 0x000000008bb00000, 0x000000008bb00000| Complete 
| 120|0x000000008bc00000, 0x000000008bd00000, 0x000000008bd00000|100%| E|CS|TAMS 0x000000008bc00000, 0x000000008bc00000| Complete 
| 121|0x000000008bd00000, 0x000000008be00000, 0x000000008be00000|100%| E|CS|TAMS 0x000000008bd00000, 0x000000008bd00000| Complete 
| 122|0x000000008be00000, 0x000000008bf00000, 0x000000008bf00000|100%| E|CS|TAMS 0x000000008be00000, 0x000000008be00000| Complete 
| 123|0x000000008bf00000, 0x000000008c000000, 0x000000008c000000|100%| E|CS|TAMS 0x000000008bf00000, 0x000000008bf00000| Complete 
| 124|0x000000008c000000, 0x000000008c100000, 0x000000008c100000|100%| E|CS|TAMS 0x000000008c000000, 0x000000008c000000| Complete 
| 125|0x000000008c100000, 0x000000008c1b9f80, 0x000000008c200000| 72%| S|CS|TAMS 0x000000008c100000, 0x000000008c100000| Complete 
| 126|0x000000008c200000, 0x000000008c300000, 0x000000008c300000|100%| S|CS|TAMS 0x000000008c200000, 0x000000008c200000| Complete 
| 127|0x000000008c300000, 0x000000008c400000, 0x000000008c400000|100%| S|CS|TAMS 0x000000008c300000, 0x000000008c300000| Complete 
| 128|0x000000008c400000, 0x000000008c500000, 0x000000008c500000|100%| S|CS|TAMS 0x000000008c400000, 0x000000008c400000| Complete 
| 129|0x000000008c500000, 0x000000008c600000, 0x000000008c600000|100%| S|CS|TAMS 0x000000008c500000, 0x000000008c500000| Complete 
| 130|0x000000008c600000, 0x000000008c700000, 0x000000008c700000|100%| S|CS|TAMS 0x000000008c600000, 0x000000008c600000| Complete 
| 131|0x000000008c700000, 0x000000008c800000, 0x000000008c800000|100%| E|CS|TAMS 0x000000008c700000, 0x000000008c700000| Complete 
| 132|0x000000008c800000, 0x000000008c900000, 0x000000008c900000|100%| E|CS|TAMS 0x000000008c800000, 0x000000008c800000| Complete 
| 133|0x000000008c900000, 0x000000008ca00000, 0x000000008ca00000|100%| E|CS|TAMS 0x000000008c900000, 0x000000008c900000| Complete 
| 134|0x000000008ca00000, 0x000000008cb00000, 0x000000008cb00000|100%| E|CS|TAMS 0x000000008ca00000, 0x000000008ca00000| Complete 
| 135|0x000000008cb00000, 0x000000008cc00000, 0x000000008cc00000|100%| E|CS|TAMS 0x000000008cb00000, 0x000000008cb00000| Complete 
| 136|0x000000008cc00000, 0x000000008cd00000, 0x000000008cd00000|100%| E|CS|TAMS 0x000000008cc00000, 0x000000008cc00000| Complete 
| 137|0x000000008cd00000, 0x000000008ce00000, 0x000000008ce00000|100%| E|CS|TAMS 0x000000008cd00000, 0x000000008cd00000| Complete 
| 138|0x000000008ce00000, 0x000000008cf00000, 0x000000008cf00000|100%| E|CS|TAMS 0x000000008ce00000, 0x000000008ce00000| Complete 
| 139|0x000000008cf00000, 0x000000008d000000, 0x000000008d000000|100%| E|CS|TAMS 0x000000008cf00000, 0x000000008cf00000| Complete 
| 140|0x000000008d000000, 0x000000008d100000, 0x000000008d100000|100%| E|CS|TAMS 0x000000008d000000, 0x000000008d000000| Complete 
| 141|0x000000008d100000, 0x000000008d200000, 0x000000008d200000|100%| E|CS|TAMS 0x000000008d100000, 0x000000008d100000| Complete 
| 142|0x000000008d200000, 0x000000008d300000, 0x000000008d300000|100%| E|CS|TAMS 0x000000008d200000, 0x000000008d200000| Complete 
| 143|0x000000008d300000, 0x000000008d400000, 0x000000008d400000|100%| E|CS|TAMS 0x000000008d300000, 0x000000008d300000| Complete 
| 144|0x000000008d400000, 0x000000008d500000, 0x000000008d500000|100%| E|CS|TAMS 0x000000008d400000, 0x000000008d400000| Complete 
| 145|0x000000008d500000, 0x000000008d600000, 0x000000008d600000|100%| E|CS|TAMS 0x000000008d500000, 0x000000008d500000| Complete 
| 146|0x000000008d600000, 0x000000008d700000, 0x000000008d700000|100%| E|CS|TAMS 0x000000008d600000, 0x000000008d600000| Complete 
| 147|0x000000008d700000, 0x000000008d800000, 0x000000008d800000|100%| E|CS|TAMS 0x000000008d700000, 0x000000008d700000| Complete 
| 148|0x000000008d800000, 0x000000008d900000, 0x000000008d900000|100%| E|CS|TAMS 0x000000008d800000, 0x000000008d800000| Complete 

Card table byte_map: [0x00000181fec10000,0x00000181feff0000] _byte_map_base: 0x00000181fe7ee000

Marking Bits (Prev, Next): (CMBitMap*) 0x00000181f417c028, (CMBitMap*) 0x00000181f417c060
 Prev Bits: [0x000001818f000000, 0x0000018190ef0000)
 Next Bits: [0x0000018190ef0000, 0x0000018192de0000)

Polling page: 0x00000181f4210000

Metaspace:

Usage:
  Non-class:     37.29 MB capacity,    36.65 MB ( 98%) used,   526.84 KB (  1%) free+waste,   124.50 KB ( <1%) overhead. 
      Class:      5.42 MB capacity,     5.00 MB ( 92%) used,   371.03 KB (  7%) free+waste,    58.56 KB (  1%) overhead. 
       Both:     42.71 MB capacity,    41.65 MB ( 98%) used,   897.87 KB (  2%) free+waste,   183.06 KB ( <1%) overhead. 

Virtual space:
  Non-class space:       38.00 MB reserved,      37.50 MB ( 99%) committed 
      Class space:        1.00 GB reserved,       5.50 MB ( <1%) committed 
             Both:        1.04 GB reserved,      43.00 MB (  4%) committed 

Chunk freelists:
   Non-Class:  2.88 KB
       Class:  2.00 KB
        Both:  4.88 KB

CodeHeap 'non-profiled nmethods': size=120000Kb used=2325Kb max_used=2325Kb free=117674Kb
 bounds [0x0000018187ad0000, 0x0000018187d40000, 0x000001818f000000]
CodeHeap 'profiled nmethods': size=120000Kb used=9883Kb max_used=9883Kb free=110116Kb
 bounds [0x00000181805a0000, 0x0000018180f50000, 0x0000018187ad0000]
CodeHeap 'non-nmethods': size=5760Kb used=1146Kb max_used=1200Kb free=4613Kb
 bounds [0x0000018180000000, 0x0000018180270000, 0x00000181805a0000]
 total_blobs=4761 nmethods=4300 adapters=372
 compilation: enabled
              stopped_count=0, restarted_count=0
 full_count=0

Compilation events (10 events):
Event: 5.960 Thread 0x00000181955e2000 4319       3       java.lang.invoke.DelegatingMethodHandle::chooseDelegatingForm (24 bytes)
Event: 5.960 Thread 0x00000181955e2000 nmethod 4319 0x0000018180f44b90 code [0x0000018180f44d60, 0x0000018180f450c8]
Event: 5.965 Thread 0x00000181955e2000 4321       3       sun.security.provider.SHA::implCompress0 (482 bytes)
Event: 5.965 Thread 0x00000181955e2000 nmethod 4321 0x0000018180f45210 code [0x0000018180f45420, 0x0000018180f45cd8]
Event: 5.965 Thread 0x00000181955e2000 4322       1       java.nio.charset.Charset::name (5 bytes)
Event: 5.965 Thread 0x00000181955e2000 nmethod 4322 0x0000018187d15310 code [0x0000018187d154a0, 0x0000018187d15558]
Event: 5.965 Thread 0x00000181955e2000 4323       3       sun.security.provider.SHA::implCompress (13 bytes)
Event: 5.965 Thread 0x00000181955e2000 nmethod 4323 0x0000018180f46190 code [0x0000018180f46360, 0x0000018180f46688]
Event: 5.965 Thread 0x00000181955e2000 4324       3       sun.security.provider.SHA::implCompressCheck (15 bytes)
Event: 5.966 Thread 0x00000181955e2000 nmethod 4324 0x0000018180f46810 code [0x0000018180f469e0, 0x0000018180f46c78]

GC Heap History (10 events):
Event: 2.172 GC heap before
{Heap before GC invocations=2 (full 0):
 garbage-first heap   total 126976K, used 69172K [0x0000000084400000, 0x0000000100000000)
  region size 1024K, 63 young (64512K), 5 survivors (5120K)
 Metaspace       used 20801K, capacity 21236K, committed 21248K, reserved 1069056K
  class space    used 2387K, capacity 2548K, committed 2560K, reserved 1048576K
}
Event: 2.178 GC heap after
{Heap after GC invocations=3 (full 0):
 garbage-first heap   total 126976K, used 12770K [0x0000000084400000, 0x0000000100000000)
  region size 1024K, 7 young (7168K), 7 survivors (7168K)
 Metaspace       used 20801K, capacity 21236K, committed 21248K, reserved 1069056K
  class space    used 2387K, capacity 2548K, committed 2560K, reserved 1048576K
}
Event: 3.868 GC heap before
{Heap before GC invocations=4 (full 0):
 garbage-first heap   total 126976K, used 81378K [0x0000000084400000, 0x0000000100000000)
  region size 1024K, 74 young (75776K), 7 survivors (7168K)
 Metaspace       used 27898K, capacity 28613K, committed 28924K, reserved 1075200K
  class space    used 3232K, capacity 3476K, committed 3584K, reserved 1048576K
}
Event: 3.882 GC heap after
{Heap after GC invocations=5 (full 0):
 garbage-first heap   total 126976K, used 14997K [0x0000000084400000, 0x0000000100000000)
  region size 1024K, 6 young (6144K), 6 survivors (6144K)
 Metaspace       used 27898K, capacity 28613K, committed 28924K, reserved 1075200K
  class space    used 3232K, capacity 3476K, committed 3584K, reserved 1048576K
}
Event: 4.239 GC heap before
{Heap before GC invocations=5 (full 0):
 garbage-first heap   total 126976K, used 83605K [0x0000000084400000, 0x0000000100000000)
  region size 1024K, 74 young (75776K), 6 survivors (6144K)
 Metaspace       used 29768K, capacity 30561K, committed 30716K, reserved 1077248K
  class space    used 3464K, capacity 3766K, committed 3840K, reserved 1048576K
}
Event: 4.247 GC heap after
{Heap after GC invocations=6 (full 0):
 garbage-first heap   total 126976K, used 16170K [0x0000000084400000, 0x0000000100000000)
  region size 1024K, 7 young (7168K), 7 survivors (7168K)
 Metaspace       used 29768K, capacity 30561K, committed 30716K, reserved 1077248K
  class space    used 3464K, capacity 3766K, committed 3840K, reserved 1048576K
}
Event: 4.811 GC heap before
{Heap before GC invocations=6 (full 0):
 garbage-first heap   total 126976K, used 84778K [0x0000000084400000, 0x0000000100000000)
  region size 1024K, 74 young (75776K), 7 survivors (7168K)
 Metaspace       used 33725K, capacity 34529K, committed 34812K, reserved 1079296K
  class space    used 3923K, capacity 4254K, committed 4352K, reserved 1048576K
}
Event: 4.819 GC heap after
{Heap after GC invocations=7 (full 0):
 garbage-first heap   total 152576K, used 18489K [0x0000000084400000, 0x0000000100000000)
  region size 1024K, 6 young (6144K), 6 survivors (6144K)
 Metaspace       used 33725K, capacity 34529K, committed 34812K, reserved 1079296K
  class space    used 3923K, capacity 4254K, committed 4352K, reserved 1048576K
}
Event: 5.013 GC heap before
{Heap before GC invocations=7 (full 0):
 garbage-first heap   total 152576K, used 35897K [0x0000000084400000, 0x0000000100000000)
  region size 1024K, 24 young (24576K), 6 survivors (6144K)
 Metaspace       used 35110K, capacity 35901K, committed 35964K, reserved 1081344K
  class space    used 4108K, capacity 4453K, committed 4480K, reserved 1048576K
}
Event: 5.019 GC heap after
{Heap after GC invocations=8 (full 0):
 garbage-first heap   total 152576K, used 18209K [0x0000000084400000, 0x0000000100000000)
  region size 1024K, 6 young (6144K), 6 survivors (6144K)
 Metaspace       used 35110K, capacity 35901K, committed 35964K, reserved 1081344K
  class space    used 4108K, capacity 4453K, committed 4480K, reserved 1048576K
}

Deoptimization events (10 events):
Event: 5.545 Thread 0x0000018196bdb800 Uncommon trap: reason=profile_predicate action=maybe_recompile pc=0x0000018187cfafc0 method=java.lang.PublicMethods$MethodList.filter([Ljava/lang/reflect/Method;Ljava/lang/String;[Ljava/lang/Class;Z)Ljava/lang/PublicMethods$MethodList; @ 21 c2
Event: 5.545 Thread 0x0000018196bdb800 Uncommon trap: reason=profile_predicate action=maybe_recompile pc=0x0000018187cfafc0 method=java.lang.PublicMethods$MethodList.filter([Ljava/lang/reflect/Method;Ljava/lang/String;[Ljava/lang/Class;Z)Ljava/lang/PublicMethods$MethodList; @ 21 c2
Event: 5.545 Thread 0x0000018196bdb800 Uncommon trap: reason=class_check action=maybe_recompile pc=0x0000018187c0cbd8 method=java.util.concurrent.ConcurrentHashMap.putVal(Ljava/lang/Object;Ljava/lang/Object;Z)Ljava/lang/Object; @ 242 c2
Event: 5.548 Thread 0x0000018196bdb800 Uncommon trap: reason=null_check action=make_not_entrant pc=0x0000018187c8d620 method=org.springframework.util.ClassUtils.isAssignable(Ljava/lang/Class;Ljava/lang/Class;)Z @ 14 c2
Event: 5.561 Thread 0x0000018196bdb800 Uncommon trap: reason=unstable_if action=reinterpret pc=0x0000018187cfe964 method=java.lang.PublicMethods$MethodList.filter([Ljava/lang/reflect/Method;Ljava/lang/String;[Ljava/lang/Class;Z)Ljava/lang/PublicMethods$MethodList; @ 58 c2
Event: 5.562 Thread 0x0000018196bdb800 Uncommon trap: reason=unstable_if action=reinterpret pc=0x0000018187bd13f4 method=java.util.concurrent.ConcurrentHashMap.get(Ljava/lang/Object;)Ljava/lang/Object; @ 152 c2
Event: 5.579 Thread 0x0000018196bdb800 Uncommon trap: reason=unstable_if action=reinterpret pc=0x0000018187c448e0 method=org.springframework.util.StringUtils.cleanPath(Ljava/lang/String;)Ljava/lang/String; @ 4 c2
Event: 5.579 Thread 0x0000018196bdb800 Uncommon trap: reason=unstable_if action=reinterpret pc=0x0000018187b7fabc method=java.net.URL.<init>(Ljava/net/URL;Ljava/lang/String;Ljava/net/URLStreamHandler;)V @ 57 c2
Event: 5.579 Thread 0x0000018196bdb800 Uncommon trap: reason=unstable_if action=reinterpret pc=0x0000018187bbd738 method=java.net.URLStreamHandler.parseURL(Ljava/net/URL;Ljava/lang/String;II)V @ 57 c2
Event: 5.579 Thread 0x0000018196bdb800 Uncommon trap: reason=unstable_if action=reinterpret pc=0x0000018187c33068 method=java.io.WinNTFileSystem.resolve(Ljava/lang/String;Ljava/lang/String;)Ljava/lang/String; @ 19 c2

Classes redefined (0 events):
No events

Internal exceptions (10 events):
Event: 5.409 Thread 0x0000018196bdb800 Exception <a 'java/lang/ClassNotFoundException'{0x000000008bd906a8}: org/springframework/security/access/intercept/aopalliance/MethodSecurityMetadataSourceAdvisorCustomizer> (0x000000008bd906a8) thrown at [./open/src/hotspot/share/classfile/systemDictiona
Event: 5.409 Thread 0x0000018196bdb800 Exception <a 'java/lang/ClassNotFoundException'{0x000000008bdad698}: org/springframework/beans/factory/BeanFactoryAwareCustomizer> (0x000000008bdad698) thrown at [./open/src/hotspot/share/classfile/systemDictionary.cpp, line 228]
Event: 5.410 Thread 0x0000018196bdb800 Exception <a 'java/lang/ClassNotFoundException'{0x000000008bdc1978}: org/springframework/beans/factory/AwareCustomizer> (0x000000008bdc1978) thrown at [./open/src/hotspot/share/classfile/systemDictionary.cpp, line 228]
Event: 5.410 Thread 0x0000018196bdb800 Exception <a 'java/lang/ClassNotFoundException'{0x000000008bdd4960}: org/springframework/aop/PointcutAdvisorCustomizer> (0x000000008bdd4960) thrown at [./open/src/hotspot/share/classfile/systemDictionary.cpp, line 228]
Event: 5.410 Thread 0x0000018196bdb800 Exception <a 'java/lang/ClassNotFoundException'{0x000000008bde73f0}: org/springframework/aop/AdvisorCustomizer> (0x000000008bde73f0) thrown at [./open/src/hotspot/share/classfile/systemDictionary.cpp, line 228]
Event: 5.410 Thread 0x0000018196bdb800 Exception <a 'java/lang/ClassNotFoundException'{0x000000008bdfaf20}: org/springframework/core/OrderedCustomizer> (0x000000008bdfaf20) thrown at [./open/src/hotspot/share/classfile/systemDictionary.cpp, line 228]
Event: 5.427 Thread 0x0000018196bdb800 Exception <a 'java/security/PrivilegedActionException'{0x000000008ba49150}> (0x000000008ba49150) thrown at [./open/src/hotspot/share/prims/jvm.cpp, line 1305]
Event: 5.427 Thread 0x0000018196bdb800 Exception <a 'java/security/PrivilegedActionException'{0x000000008ba49970}> (0x000000008ba49970) thrown at [./open/src/hotspot/share/prims/jvm.cpp, line 1305]
Event: 5.548 Thread 0x0000018196bdb800 Implicit null exception at 0x0000018187c8d3da to 0x0000018187c8d60c
Event: 5.959 Thread 0x0000018196bdb800 Exception <a 'java/lang/NoSuchMethodError'{0x0000000089fff090}: java.lang.invoke.DirectMethodHandle$Holder.invokeStaticInit(Ljava/lang/Object;IIII)Ljava/lang/Object;> (0x0000000089fff090) thrown at [./open/src/hotspot/share/interpreter/linkResolver.cpp, l

Events (10 events):
Event: 5.964 loading class sun/security/provider/SeedGenerator$1
Event: 5.964 loading class sun/security/provider/SeedGenerator$1 done
Event: 5.965 loading class java/net/NetworkInterface
Event: 5.966 loading class java/net/NetworkInterface done
Event: 5.966 loading class java/net/NetworkInterface$1
Event: 5.966 loading class java/net/NetworkInterface$1 done
Event: 5.966 loading class java/net/InterfaceAddress
Event: 5.966 loading class java/net/InterfaceAddress done
Event: 5.966 loading class java/net/DefaultInterface
Event: 5.967 loading class java/net/DefaultInterface done


Dynamic libraries:
0x00007ff709280000 - 0x00007ff70928f000 	C:\Program Files\Java\jdk-11.0.12\bin\java.exe
0x00007fffca270000 - 0x00007fffca465000 	C:\Windows\SYSTEM32\ntdll.dll
0x00007fffc9460000 - 0x00007fffc951e000 	C:\Windows\System32\KERNEL32.DLL
0x00007fffc7da0000 - 0x00007fffc8069000 	C:\Windows\System32\KERNELBASE.dll
0x00007fffc8070000 - 0x00007fffc8170000 	C:\Windows\System32\ucrtbase.dll
0x00007fffb2570000 - 0x00007fffb2585000 	C:\Program Files\Java\jdk-11.0.12\bin\VCRUNTIME140.dll
0x00007fffae470000 - 0x00007fffae488000 	C:\Program Files\Java\jdk-11.0.12\bin\jli.dll
0x00007fffc9980000 - 0x00007fffc9a2c000 	C:\Windows\System32\ADVAPI32.dll
0x00007fffc8550000 - 0x00007fffc85ee000 	C:\Windows\System32\msvcrt.dll
0x00007fffc84b0000 - 0x00007fffc854b000 	C:\Windows\System32\sechost.dll
0x00007fffc97e0000 - 0x00007fffc990a000 	C:\Windows\System32\RPCRT4.dll
0x00007fffc9630000 - 0x00007fffc97d1000 	C:\Windows\System32\USER32.dll
0x00007fffc8200000 - 0x00007fffc8222000 	C:\Windows\System32\win32u.dll
0x00007fffa0d10000 - 0x00007fffa0faa000 	C:\Windows\WinSxS\amd64_microsoft.windows.common-controls_6595b64144ccf1df_6.0.19041.1110_none_60b5254171f9507e\COMCTL32.dll
0x00007fffc9580000 - 0x00007fffc95ab000 	C:\Windows\System32\GDI32.dll
0x00007fffc7a80000 - 0x00007fffc7b8b000 	C:\Windows\System32\gdi32full.dll
0x00007fffc79e0000 - 0x00007fffc7a7d000 	C:\Windows\System32\msvcp_win.dll
0x00007fffbb1f0000 - 0x00007fffbb1fa000 	C:\Windows\SYSTEM32\VERSION.dll
0x00007fffc8480000 - 0x00007fffc84b0000 	C:\Windows\System32\IMM32.DLL
0x00007fff7e480000 - 0x00007fff7e51b000 	C:\Program Files\Java\jdk-11.0.12\bin\msvcp140.dll
0x00007fff58260000 - 0x00007fff58d5f000 	C:\Program Files\Java\jdk-11.0.12\bin\server\jvm.dll
0x00007fffc9330000 - 0x00007fffc9338000 	C:\Windows\System32\PSAPI.DLL
0x00007fffa7530000 - 0x00007fffa7557000 	C:\Windows\SYSTEM32\WINMM.dll
0x00007fffc2fe0000 - 0x00007fffc2fe9000 	C:\Windows\SYSTEM32\WSOCK32.dll
0x00007fffc9ac0000 - 0x00007fffc9b2b000 	C:\Windows\System32\WS2_32.dll
0x00007fffc6260000 - 0x00007fffc6272000 	C:\Windows\SYSTEM32\kernel.appcore.dll
0x00007fffb2450000 - 0x00007fffb2460000 	C:\Program Files\Java\jdk-11.0.12\bin\verify.dll
0x00007fffc5460000 - 0x00007fffc5644000 	C:\Windows\SYSTEM32\DBGHELP.DLL
0x00007fffa6690000 - 0x00007fffa66bc000 	C:\Windows\SYSTEM32\dbgcore.DLL
0x00007fffc8230000 - 0x00007fffc82b3000 	C:\Windows\System32\bcryptPrimitives.dll
0x00007fff9ede0000 - 0x00007fff9ee08000 	C:\Program Files\Java\jdk-11.0.12\bin\java.dll
0x00007fffae490000 - 0x00007fffae49a000 	C:\Program Files\Java\jdk-11.0.12\bin\jimage.dll
0x00007fffa8790000 - 0x00007fffa87a6000 	C:\Program Files\Java\jdk-11.0.12\bin\zip.dll
0x00007fffc8b90000 - 0x00007fffc92cf000 	C:\Windows\System32\SHELL32.dll
0x00007fffc59e0000 - 0x00007fffc6170000 	C:\Windows\SYSTEM32\windows.storage.dll
0x00007fffc85f0000 - 0x00007fffc8945000 	C:\Windows\System32\combase.dll
0x00007fffc73e0000 - 0x00007fffc740c000 	C:\Windows\SYSTEM32\Wldp.dll
0x00007fffc8a00000 - 0x00007fffc8aad000 	C:\Windows\System32\SHCORE.dll
0x00007fffc9c60000 - 0x00007fffc9cb5000 	C:\Windows\System32\shlwapi.dll
0x00007fffc78d0000 - 0x00007fffc78ef000 	C:\Windows\SYSTEM32\profapi.dll
0x00007fff9eb00000 - 0x00007fff9eb19000 	C:\Program Files\Java\jdk-11.0.12\bin\net.dll
0x00007fffbddc0000 - 0x00007fffbdec8000 	C:\Windows\SYSTEM32\WINHTTP.dll
0x00007fffc7140000 - 0x00007fffc71aa000 	C:\Windows\system32\mswsock.dll
0x00007fff9c1e0000 - 0x00007fff9c1f2000 	C:\Program Files\Java\jdk-11.0.12\bin\nio.dll
0x00007fff97c30000 - 0x00007fff97c39000 	C:\Program Files\Java\jdk-11.0.12\bin\management.dll
0x00007fff975f0000 - 0x00007fff975fb000 	C:\Program Files\Java\jdk-11.0.12\bin\management_ext.dll
0x00007fffa6550000 - 0x00007fffa6567000 	C:\Windows\system32\napinsp.dll
0x00007fffa6570000 - 0x00007fffa658b000 	C:\Windows\system32\pnrpnsp.dll
0x00007fffbe930000 - 0x00007fffbe945000 	C:\Windows\system32\wshbth.dll
0x00007fffbf270000 - 0x00007fffbf28d000 	C:\Windows\system32\NLAapi.dll
0x00007fffc6de0000 - 0x00007fffc6e1b000 	C:\Windows\SYSTEM32\IPHLPAPI.DLL
0x00007fffc6e30000 - 0x00007fffc6efc000 	C:\Windows\SYSTEM32\DNSAPI.dll
0x00007fffc8470000 - 0x00007fffc8478000 	C:\Windows\System32\NSI.dll
0x00007fffb6d50000 - 0x00007fffb6d62000 	C:\Windows\System32\winrnr.dll
0x00007fffb9550000 - 0x00007fffb955a000 	C:\Windows\System32\rasadhlp.dll
0x00007fffb8500000 - 0x00007fffb857f000 	C:\Windows\System32\fwpuclnt.dll
0x00007fffc8170000 - 0x00007fffc8197000 	C:\Windows\System32\bcrypt.dll
0x00007fffc7330000 - 0x00007fffc7348000 	C:\Windows\SYSTEM32\CRYPTSP.dll
0x00007fffc6a50000 - 0x00007fffc6a84000 	C:\Windows\system32\rsaenh.dll
0x00007fffc7850000 - 0x00007fffc787e000 	C:\Windows\SYSTEM32\USERENV.dll
0x00007fffc7350000 - 0x00007fffc735c000 	C:\Windows\SYSTEM32\CRYPTBASE.dll
0x00007fffbb7e0000 - 0x00007fffbb7f7000 	C:\Windows\SYSTEM32\dhcpcsvc6.DLL
0x00007fffbb7c0000 - 0x00007fffbb7dd000 	C:\Windows\SYSTEM32\dhcpcsvc.DLL

dbghelp: loaded successfully - version: 4.0.5 - missing functions: none
symbol engine: initialized successfully - sym options: 0x614 - pdb path: .;C:\Program Files\Java\jdk-11.0.12\bin;C:\Windows\SYSTEM32;C:\Windows\WinSxS\amd64_microsoft.windows.common-controls_6595b64144ccf1df_6.0.19041.1110_none_60b5254171f9507e;C:\Program Files\Java\jdk-11.0.12\bin\server

VM Arguments:
java_command: com.backend.WorkersConsoleTrama.WorkerSaveDataBaseTrama
java_class_path (initial): D:\Josue\Proyectos\geosatelital\backend\BackendPlatin\platin\target\classes;C:\Users\FAMLETO\.m2\repository\org\springframework\boot\spring-boot-starter-data-jpa\2.5.3\spring-boot-starter-data-jpa-2.5.3.jar;C:\Users\FAMLETO\.m2\repository\org\springframework\boot\spring-boot-starter-aop\2.5.3\spring-boot-starter-aop-2.5.3.jar;C:\Users\FAMLETO\.m2\repository\org\aspectj\aspectjweaver\1.9.7\aspectjweaver-1.9.7.jar;C:\Users\FAMLETO\.m2\repository\org\springframework\boot\spring-boot-starter-jdbc\2.5.3\spring-boot-starter-jdbc-2.5.3.jar;C:\Users\FAMLETO\.m2\repository\com\zaxxer\HikariCP\4.0.3\HikariCP-4.0.3.jar;C:\Users\FAMLETO\.m2\repository\org\springframework\spring-jdbc\5.3.9\spring-jdbc-5.3.9.jar;C:\Users\FAMLETO\.m2\repository\jakarta\transaction\jakarta.transaction-api\1.3.3\jakarta.transaction-api-1.3.3.jar;C:\Users\FAMLETO\.m2\repository\jakarta\persistence\jakarta.persistence-api\2.2.3\jakarta.persistence-api-2.2.3.jar;C:\Users\FAMLETO\.m2\repository\org\hibernate\hibernate-core\5.4.32.Final\hibernate-core-5.4.32.Final.jar;C:\Users\FAMLETO\.m2\repository\org\jboss\logging\jboss-logging\3.4.2.Final\jboss-logging-3.4.2.Final.jar;C:\Users\FAMLETO\.m2\repository\net\bytebuddy\byte-buddy\1.10.22\byte-buddy-1.10.22.jar;C:\Users\FAMLETO\.m2\repository\antlr\antlr\2.7.7\antlr-2.7.7.jar;C:\Users\FAMLETO\.m2\repository\org\jboss\jandex\2.2.3.Final\jandex-2.2.3.Final.jar;C:\Users\FAMLETO\.m2\repository\org\dom4j\dom4j\2.1.3\dom4j-2.1.3.jar;C:\Users\FAMLETO\.m2\repository\org\hibernate\common\hibernate-commons-annotations\5.1.2.Final\hibernate-commons-annotations-5.1.2.Final.jar;C:\Users\FAMLETO\.m2\repository\org\glassfish\jaxb\jaxb-runtime\2.3.4\jaxb-runtime-2.3.4.jar;C:\Users\FAMLETO\.m2\repository\org\glassfish\jaxb\txw2\2.3.4\txw2-2.3.4.jar;C:\Users\FAMLETO\.m2\repository\com\sun\istack\istack-commons-runtime\3.0.12\istack-commons-runtime-3.0.12.jar;C:\Users\FAMLETO\.m2\repository\org\springframework\data\spring-data-jpa\2.5.3\spring-dat
Launcher Type: SUN_STANDARD

[Global flags]
     intx CICompilerCount                          = 4                                         {product} {ergonomic}
     uint ConcGCThreads                            = 2                                         {product} {ergonomic}
     uint G1ConcRefinementThreads                  = 8                                         {product} {ergonomic}
   size_t G1HeapRegionSize                         = 1048576                                   {product} {ergonomic}
    uintx GCDrainStackTargetSize                   = 64                                        {product} {ergonomic}
   size_t InitialHeapSize                          = 130023424                                 {product} {ergonomic}
   size_t MarkStackSize                            = 4194304                                   {product} {ergonomic}
   size_t MaxHeapSize                              = 2076180480                                {product} {ergonomic}
   size_t MaxNewSize                               = 1245708288                                {product} {ergonomic}
   size_t MinHeapDeltaBytes                        = 1048576                                   {product} {ergonomic}
    uintx NonNMethodCodeHeapSize                   = 5836300                                {pd product} {ergonomic}
    uintx NonProfiledCodeHeapSize                  = 122910970                              {pd product} {ergonomic}
    uintx ProfiledCodeHeapSize                     = 122910970                              {pd product} {ergonomic}
    uintx ReservedCodeCacheSize                    = 251658240                              {pd product} {ergonomic}
     bool SegmentedCodeCache                       = true                                      {product} {ergonomic}
     bool UseCompressedClassPointers               = true                                 {lp64_product} {ergonomic}
     bool UseCompressedOops                        = true                                 {lp64_product} {ergonomic}
     bool UseG1GC                                  = true                                      {product} {ergonomic}
     bool UseLargePagesIndividualAllocation        = false                                  {pd product} {ergonomic}

Logging:
Log output configuration:
 #0: stdout all=warning uptime,level,tags
 #1: stderr all=off uptime,level,tags

Environment Variables:
JAVA_HOME=C:\Program Files\Java\jdk-11.0.12
PATH=C:\Program Files\Microsoft MPI\Bin\;C:\Program Files (x86)\VMware\VMware Workstation\bin\;C:\Windows\system32;C:\Windows;C:\Windows\System32\Wbem;C:\Windows\System32\WindowsPowerShell\v1.0\;C:\Windows\System32\OpenSSH\;C:\Program Files\Git\cmd;C:\Program Files\Java\jdk-11.0.12\bin;D:\Josue\instaladores\maven\apache-maven-3.8.2\bin;C:\nsq-1.2.1.windows-amd64.go1.16.6\bin;C:\Program Files\nodejs\;C:\Program Files\Redis\;C:\Program Files (x86)\Microsoft SQL Server\140\Tools\Binn\;C:\Program Files\Microsoft SQL Server\140\Tools\Binn\;C:\Program Files (x86)\Microsoft SQL Server\140\DTS\Binn\;C:\Program Files\Microsoft SQL Server\140\DTS\Binn\;C:\Program Files\Microsoft SQL Server\Client SDK\ODBC\130\Tools\Binn\;C:\Program Files\Azure Data Studio\bin;C:\Program Files\dotnet\;C:\Program Files\Microsoft SQL Server\130\Tools\Binn\;C:\Program Files\Microsoft SQL Server\Client SDK\ODBC\170\Tools\Binn\;C:\Users\FAMLETO\AppData\Local\Microsoft\WindowsApps;;C:\Users\FAMLETO\AppData\Local\Programs\Microsoft VS Code\bin;C:\Users\FAMLETO\AppData\Roaming\npm;C:\Program Files\JetBrains\IntelliJ IDEA Community Edition 2021.2\bin;;C:\Program Files\Azure Data Studio\bin;C:\Users\FAMLETO\.dotnet\tools
USERNAME=FAMLETO
OS=Windows_NT
PROCESSOR_IDENTIFIER=Intel64 Family 6 Model 140 Stepping 1, GenuineIntel



---------------  S Y S T E M  ---------------

OS: Windows 10 , 64 bit Build 19041 (10.0.19041.1202)

CPU:total 8 (initial active 8) (4 cores per cpu, 2 threads per core) family 6 model 140 stepping 1 microcode 0x86, cmov, cx8, fxsr, mmx, sse, sse2, sse3, ssse3, sse4.1, sse4.2, popcnt, avx, avx2, aes, clmul, erms, 3dnowpref, lzcnt, ht, tsc, tscinvbit, bmi1, bmi2, adx, evex, sha, fma

Memory: 4k page, system-wide physical 7918M (425M free)
TotalPageFile size 16034M (AvailPageFile size 3M)
current process WorkingSet (physical memory assigned to process): 284M, peak: 286M
current process commit charge ("private bytes"): 360M, peak: 363M

vm_info: Java HotSpot(TM) 64-Bit Server VM (11.0.12+8-LTS-237) for windows-amd64 JRE (11.0.12+8-LTS-237), built on Jun  8 2021 11:25:59 by "mach5one" with MS VC++ 15.9 (VS2017)

END.
