#
# There is insufficient memory for the Java Runtime Environment to continue.
# Native memory allocation (mmap) failed to map 31457280 bytes for Failed to commit area from 0x000000008d900000 to 0x000000008f700000 of length 31457280.
# Possible reasons:
#   The system is out of physical RAM or swap space
#   The process is running with CompressedOops enabled, and the Java Heap may be blocking the growth of the native heap
# Possible solutions:
#   Reduce memory load on the system
#   Increase physical memory or swap space
#   Check if swap backing store is full
#   Decrease Java heap size (-Xmx/-Xms)
#   Decrease number of Java threads
#   Decrease Java thread stack sizes (-Xss)
#   Set larger code cache with -XX:ReservedCodeCacheSize=
#   JVM is running with Unscaled Compressed Oops mode in which the Java heap is
#     placed in the first 4GB address space. The Java Heap base address is the
#     maximum limit for the native heap growth. Please use -XX:HeapBaseMinAddress
#     to set the Java Heap base and to place the Java Heap above 4GB virtual address.
# This output file may be truncated or incomplete.
#
#  Out of Memory Error (./open/src/hotspot/os/windows/os_windows.cpp:3273), pid=13996, tid=18164
#
# JRE version: Java(TM) SE Runtime Environment 18.9 (11.0.12+8) (build 11.0.12+8-LTS-237)
# Java VM: Java HotSpot(TM) 64-Bit Server VM 18.9 (11.0.12+8-LTS-237, mixed mode, tiered, compressed oops, g1 gc, windows-amd64)
# No core dump will be written. Minidumps are not enabled by default on client versions of Windows
#

---------------  S U M M A R Y ------------

Command Line: com.backend.WorkerConsoleTransmissionLoss.WorkerTransmissionLoss

Host: 11th Gen Intel(R) Core(TM) i7-1165G7 @ 2.80GHz, 8 cores, 7G,  Windows 10 , 64 bit Build 19041 (10.0.19041.1202)
Time: Tue Nov  2 17:09:24 2021 Hora est. Pacífico, Sudamérica elapsed time: 6.451628 seconds (0d 0h 0m 6s)

---------------  T H R E A D  ---------------

Current thread (0x000001f5add79000):  VMThread "VM Thread" [stack: 0x0000003556e00000,0x0000003556f00000] [id=18164]

Stack: [0x0000003556e00000,0x0000003556f00000]
[error occurred during error reporting (printing stack bounds), id 0xc0000005, EXCEPTION_ACCESS_VIOLATION (0xc0000005) at pc=0x000001f5976610e7]

Native frames: (J=compiled Java code, j=interpreted, Vv=VM code, C=native code)
V  [jvm.dll+0x617d9a]
V  [jvm.dll+0x74eeef]
V  [jvm.dll+0x750599]
V  [jvm.dll+0x750b85]
V  [jvm.dll+0x750b3b]
V  [jvm.dll+0x6175d3]
V  [jvm.dll+0x617998]
C  [ntdll.dll+0xa20cf]
C  [ntdll.dll+0x51454]
C  [ntdll.dll+0xa0bfe]
C  0x000001f5976610e7

VM_Operation (0x0000003557cf9150): G1CollectForAllocation, mode: safepoint, requested by thread 0x000001f5af8d4000


---------------  P R O C E S S  ---------------

Threads class SMR info:
_java_thread_list=0x000001f5b1280ce0, length=17, elements={
0x000001f58f1b6800, 0x000001f5add7c000, 0x000001f5add7d000, 0x000001f5ae60c800,
0x000001f5ae610000, 0x000001f5ae612000, 0x000001f5ae5b7800, 0x000001f5ae5b8800,
0x000001f5ae5c3800, 0x000001f5ae7ee000, 0x000001f5af42e800, 0x000001f5af8d4000,
0x000001f5b381a800, 0x000001f5b31d2800, 0x000001f5af16d800, 0x000001f5b5ebc800,
0x000001f5b38b8000
}

Java Threads: ( => current thread )
  0x000001f58f1b6800 JavaThread "main" [_thread_blocked, id=8100, stack(0x0000003556800000,0x0000003556900000)]
  0x000001f5add7c000 JavaThread "Reference Handler" daemon [_thread_blocked, id=15692, stack(0x0000003556f00000,0x0000003557000000)]
  0x000001f5add7d000 JavaThread "Finalizer" daemon [_thread_blocked, id=1800, stack(0x0000003557000000,0x0000003557100000)]
  0x000001f5ae60c800 JavaThread "Signal Dispatcher" daemon [_thread_blocked, id=8624, stack(0x0000003557100000,0x0000003557200000)]
  0x000001f5ae610000 JavaThread "Attach Listener" daemon [_thread_blocked, id=16588, stack(0x0000003557200000,0x0000003557300000)]
  0x000001f5ae612000 JavaThread "Service Thread" daemon [_thread_blocked, id=2312, stack(0x0000003557300000,0x0000003557400000)]
  0x000001f5ae5b7800 JavaThread "C2 CompilerThread0" daemon [_thread_blocked, id=18796, stack(0x0000003557400000,0x0000003557500000)]
  0x000001f5ae5b8800 JavaThread "C1 CompilerThread0" daemon [_thread_blocked, id=12748, stack(0x0000003557500000,0x0000003557600000)]
  0x000001f5ae5c3800 JavaThread "Sweeper thread" daemon [_thread_blocked, id=6428, stack(0x0000003557600000,0x0000003557700000)]
  0x000001f5ae7ee000 JavaThread "Common-Cleaner" daemon [_thread_blocked, id=17552, stack(0x0000003557800000,0x0000003557900000)]
  0x000001f5af42e800 JavaThread "Thread-0" [_thread_blocked, id=16800, stack(0x0000003557b00000,0x0000003557c00000)]
  0x000001f5af8d4000 JavaThread "restartedMain" [_thread_blocked, id=3612, stack(0x0000003557c00000,0x0000003557d00000)]
  0x000001f5b381a800 JavaThread "mysql-cj-abandoned-connection-cleanup" daemon [_thread_blocked, id=10488, stack(0x0000003558100000,0x0000003558200000)]
  0x000001f5b31d2800 JavaThread "mssql-jdbc-shared-timer-core-0" daemon [_thread_blocked, id=13620, stack(0x0000003558200000,0x0000003558300000)]
  0x000001f5af16d800 JavaThread "HikariPool-1 housekeeper" daemon [_thread_blocked, id=18804, stack(0x0000003558700000,0x0000003558800000)]
  0x000001f5b5ebc800 JavaThread "HikariPool-1 connection adder" daemon [_thread_blocked, id=17848, stack(0x0000003558800000,0x0000003558900000)]
  0x000001f5b38b8000 JavaThread "C2 CompilerThread1" daemon [_thread_blocked, id=12684, stack(0x0000003557900000,0x0000003557a00000)]

Other Threads:
=>0x000001f5add79000 VMThread "VM Thread" [stack: 0x0000003556e00000,0x0000003556f00000] [id=18164]
  0x000001f5ae6d0800 WatcherThread [stack: 0x0000003557700000,0x0000003557800000] [id=9172]
  0x000001f58f1c5800 GCTaskThread "GC Thread#0" [stack: 0x0000003556900000,0x0000003556a00000] [id=18048]
  0x000001f5af910000 GCTaskThread "GC Thread#1" [stack: 0x0000003557a00000,0x0000003557b00000] [id=9600]
  0x000001f5afcf2800 GCTaskThread "GC Thread#2" [stack: 0x0000003557d00000,0x0000003557e00000] [id=17800]
  0x000001f5afb27800 GCTaskThread "GC Thread#3" [stack: 0x0000003557e00000,0x0000003557f00000] [id=13944]
  0x000001f5afe35800 GCTaskThread "GC Thread#4" [stack: 0x0000003557f00000,0x0000003558000000] [id=18240]
  0x000001f5afdb7000 GCTaskThread "GC Thread#5" [stack: 0x0000003558000000,0x0000003558100000] [id=19312]
  0x000001f5afeae000 GCTaskThread "GC Thread#6" [stack: 0x0000003558300000,0x0000003558400000] [id=18500]
  0x000001f5afa92000 GCTaskThread "GC Thread#7" [stack: 0x0000003558400000,0x0000003558500000] [id=7132]
  0x000001f58f1f7800 ConcurrentGCThread "G1 Main Marker" [stack: 0x0000003556a00000,0x0000003556b00000] [id=14904]
  0x000001f58f1f9000 ConcurrentGCThread "G1 Conc#0" [stack: 0x0000003556b00000,0x0000003556c00000] [id=10056]
  0x000001f5afcd6800 ConcurrentGCThread "G1 Conc#1" [stack: 0x0000003558500000,0x0000003558600000] [id=16768]
  0x000001f5adbd3800 ConcurrentGCThread "G1 Refine#0" [stack: 0x0000003556c00000,0x0000003556d00000] [id=11552]
  0x000001f5adbd4800 ConcurrentGCThread "G1 Young RemSet Sampling" [stack: 0x0000003556d00000,0x0000003556e00000] [id=6720]

Threads with active compile tasks:
C2 CompilerThread0   6462 5393   !   4       jdk.internal.loader.BuiltinClassLoader::findClassOnClassPathOrNull (64 bytes)
C1 CompilerThread0   6463 5456       3       net.bytebuddy.jar.asm.SymbolTable::hash (10 bytes)
C2 CompilerThread1   6463 5411       4       java.lang.reflect.AccessibleObject::checkAccess (40 bytes)

VM state:at safepoint (normal execution)

VM Mutex/Monitor currently owned by a thread:  ([mutex/lock_event])
[0x000001f58f1b3f80] Threads_lock - owner thread: 0x000001f5add79000
[0x000001f58f1b2510] Heap_lock - owner thread: 0x000001f5af8d4000

Heap address: 0x0000000084400000, size: 1980 MB, Compressed Oops mode: 32-bit
Narrow klass base: 0x0000000000000000, Narrow klass shift: 3
Compressed class space size: 1073741824 Address: 0x0000000100000000

Heap:
 garbage-first heap   total 183296K, used 27438K [0x0000000084400000, 0x0000000100000000)
  region size 1024K, 9 young (9216K), 9 survivors (9216K)
 Metaspace       used 58809K, capacity 59961K, committed 60160K, reserved 1101824K
  class space    used 7393K, capacity 7836K, committed 7936K, reserved 1048576K
Heap Regions: E=young(eden), S=young(survivor), O=old, HS=humongous(starts), HC=humongous(continues), CS=collection set, F=free, A=archive, TAMS=top-at-mark-start (previous, next)
|   0|0x0000000084400000, 0x0000000084500000, 0x0000000084500000|100%|HS|  |TAMS 0x0000000084500000, 0x0000000084400000| Complete 
|   1|0x0000000084500000, 0x0000000084600000, 0x0000000084600000|100%|HS|  |TAMS 0x0000000084600000, 0x0000000084500000| Complete 
|   2|0x0000000084600000, 0x0000000084700000, 0x0000000084700000|100%| O|  |TAMS 0x0000000084700000, 0x0000000084600000| Untracked 
|   3|0x0000000084700000, 0x0000000084800000, 0x0000000084800000|100%| O|  |TAMS 0x0000000084800000, 0x0000000084700000| Untracked 
|   4|0x0000000084800000, 0x0000000084900000, 0x0000000084900000|100%| O|  |TAMS 0x0000000084900000, 0x0000000084800000| Untracked 
|   5|0x0000000084900000, 0x0000000084a00000, 0x0000000084a00000|100%| O|  |TAMS 0x0000000084a00000, 0x0000000084900000| Untracked 
|   6|0x0000000084a00000, 0x0000000084b00000, 0x0000000084b00000|100%| O|  |TAMS 0x0000000084b00000, 0x0000000084a00000| Untracked 
|   7|0x0000000084b00000, 0x0000000084c00000, 0x0000000084c00000|100%| O|  |TAMS 0x0000000084c00000, 0x0000000084b00000| Untracked 
|   8|0x0000000084c00000, 0x0000000084d00000, 0x0000000084d00000|100%| O|  |TAMS 0x0000000084d00000, 0x0000000084c00000| Untracked 
|   9|0x0000000084d00000, 0x0000000084e00000, 0x0000000084e00000|100%| O|  |TAMS 0x0000000084e00000, 0x0000000084d00000| Untracked 
|  10|0x0000000084e00000, 0x0000000084f00000, 0x0000000084f00000|100%| O|  |TAMS 0x0000000084f00000, 0x0000000084e00000| Untracked 
|  11|0x0000000084f00000, 0x0000000085000000, 0x0000000085000000|100%| O|  |TAMS 0x0000000085000000, 0x0000000084f00000| Untracked 
|  12|0x0000000085000000, 0x0000000085100000, 0x0000000085100000|100%| O|  |TAMS 0x0000000085100000, 0x0000000085000000| Untracked 
|  13|0x0000000085100000, 0x0000000085200000, 0x0000000085200000|100%| O|  |TAMS 0x0000000085129200, 0x0000000085100000| Untracked 
|  14|0x0000000085200000, 0x0000000085300000, 0x0000000085300000|100%| O|  |TAMS 0x0000000085200000, 0x0000000085200000| Untracked 
|  15|0x0000000085300000, 0x0000000085400000, 0x0000000085400000|100%| O|  |TAMS 0x0000000085300000, 0x0000000085300000| Untracked 
|  16|0x0000000085400000, 0x0000000085500000, 0x0000000085500000|100%| O|  |TAMS 0x0000000085400000, 0x0000000085400000| Untracked 
|  17|0x0000000085500000, 0x00000000855eb200, 0x0000000085600000| 91%| O|  |TAMS 0x0000000085500000, 0x0000000085500000| Untracked 
|  18|0x0000000085600000, 0x0000000085600000, 0x0000000085700000|  0%| F|  |TAMS 0x0000000085600000, 0x0000000085600000| Untracked 
|  19|0x0000000085700000, 0x0000000085700000, 0x0000000085800000|  0%| F|  |TAMS 0x0000000085700000, 0x0000000085700000| Untracked 
|  20|0x0000000085800000, 0x0000000085800000, 0x0000000085900000|  0%| F|  |TAMS 0x0000000085800000, 0x0000000085800000| Untracked 
|  21|0x0000000085900000, 0x0000000085900000, 0x0000000085a00000|  0%| F|  |TAMS 0x0000000085900000, 0x0000000085900000| Untracked 
|  22|0x0000000085a00000, 0x0000000085a00000, 0x0000000085b00000|  0%| F|  |TAMS 0x0000000085a00000, 0x0000000085a00000| Untracked 
|  23|0x0000000085b00000, 0x0000000085b00000, 0x0000000085c00000|  0%| F|  |TAMS 0x0000000085b00000, 0x0000000085b00000| Untracked 
|  24|0x0000000085c00000, 0x0000000085c00000, 0x0000000085d00000|  0%| F|  |TAMS 0x0000000085c00000, 0x0000000085c00000| Untracked 
|  25|0x0000000085d00000, 0x0000000085d00000, 0x0000000085e00000|  0%| F|  |TAMS 0x0000000085d00000, 0x0000000085d00000| Untracked 
|  26|0x0000000085e00000, 0x0000000085e00000, 0x0000000085f00000|  0%| F|  |TAMS 0x0000000085e00000, 0x0000000085e00000| Untracked 
|  27|0x0000000085f00000, 0x0000000085f00000, 0x0000000086000000|  0%| F|  |TAMS 0x0000000085f00000, 0x0000000085f00000| Untracked 
|  28|0x0000000086000000, 0x0000000086000000, 0x0000000086100000|  0%| F|  |TAMS 0x0000000086000000, 0x0000000086000000| Untracked 
|  29|0x0000000086100000, 0x0000000086100000, 0x0000000086200000|  0%| F|  |TAMS 0x0000000086100000, 0x0000000086100000| Untracked 
|  30|0x0000000086200000, 0x0000000086200000, 0x0000000086300000|  0%| F|  |TAMS 0x0000000086200000, 0x0000000086200000| Untracked 
|  31|0x0000000086300000, 0x0000000086300000, 0x0000000086400000|  0%| F|  |TAMS 0x0000000086300000, 0x0000000086300000| Untracked 
|  32|0x0000000086400000, 0x0000000086400000, 0x0000000086500000|  0%| F|  |TAMS 0x0000000086400000, 0x0000000086400000| Untracked 
|  33|0x0000000086500000, 0x0000000086500000, 0x0000000086600000|  0%| F|  |TAMS 0x0000000086500000, 0x0000000086500000| Untracked 
|  34|0x0000000086600000, 0x0000000086600000, 0x0000000086700000|  0%| F|  |TAMS 0x0000000086600000, 0x0000000086600000| Untracked 
|  35|0x0000000086700000, 0x0000000086700000, 0x0000000086800000|  0%| F|  |TAMS 0x0000000086700000, 0x0000000086700000| Untracked 
|  36|0x0000000086800000, 0x0000000086800000, 0x0000000086900000|  0%| F|  |TAMS 0x0000000086800000, 0x0000000086800000| Untracked 
|  37|0x0000000086900000, 0x0000000086900000, 0x0000000086a00000|  0%| F|  |TAMS 0x0000000086900000, 0x0000000086900000| Untracked 
|  38|0x0000000086a00000, 0x0000000086a00000, 0x0000000086b00000|  0%| F|  |TAMS 0x0000000086a00000, 0x0000000086a00000| Untracked 
|  39|0x0000000086b00000, 0x0000000086b00000, 0x0000000086c00000|  0%| F|  |TAMS 0x0000000086b00000, 0x0000000086b00000| Untracked 
|  40|0x0000000086c00000, 0x0000000086c00000, 0x0000000086d00000|  0%| F|  |TAMS 0x0000000086c00000, 0x0000000086c00000| Untracked 
|  41|0x0000000086d00000, 0x0000000086d00000, 0x0000000086e00000|  0%| F|  |TAMS 0x0000000086d00000, 0x0000000086d00000| Untracked 
|  42|0x0000000086e00000, 0x0000000086e00000, 0x0000000086f00000|  0%| F|  |TAMS 0x0000000086e00000, 0x0000000086e00000| Untracked 
|  43|0x0000000086f00000, 0x0000000086f00000, 0x0000000087000000|  0%| F|  |TAMS 0x0000000086f00000, 0x0000000086f00000| Untracked 
|  44|0x0000000087000000, 0x0000000087000000, 0x0000000087100000|  0%| F|  |TAMS 0x0000000087000000, 0x0000000087000000| Untracked 
|  45|0x0000000087100000, 0x0000000087100000, 0x0000000087200000|  0%| F|  |TAMS 0x0000000087100000, 0x0000000087100000| Untracked 
|  46|0x0000000087200000, 0x0000000087200000, 0x0000000087300000|  0%| F|  |TAMS 0x0000000087200000, 0x0000000087200000| Untracked 
|  47|0x0000000087300000, 0x0000000087300000, 0x0000000087400000|  0%| F|  |TAMS 0x0000000087300000, 0x0000000087300000| Untracked 
|  48|0x0000000087400000, 0x0000000087400000, 0x0000000087500000|  0%| F|  |TAMS 0x0000000087400000, 0x0000000087400000| Untracked 
|  49|0x0000000087500000, 0x0000000087500000, 0x0000000087600000|  0%| F|  |TAMS 0x0000000087500000, 0x0000000087500000| Untracked 
|  50|0x0000000087600000, 0x0000000087600000, 0x0000000087700000|  0%| F|  |TAMS 0x0000000087600000, 0x0000000087600000| Untracked 
|  51|0x0000000087700000, 0x0000000087700000, 0x0000000087800000|  0%| F|  |TAMS 0x0000000087700000, 0x0000000087700000| Untracked 
|  52|0x0000000087800000, 0x0000000087800000, 0x0000000087900000|  0%| F|  |TAMS 0x0000000087800000, 0x0000000087800000| Untracked 
|  53|0x0000000087900000, 0x0000000087900000, 0x0000000087a00000|  0%| F|  |TAMS 0x0000000087900000, 0x0000000087900000| Untracked 
|  54|0x0000000087a00000, 0x0000000087a00000, 0x0000000087b00000|  0%| F|  |TAMS 0x0000000087a00000, 0x0000000087a00000| Untracked 
|  55|0x0000000087b00000, 0x0000000087b00000, 0x0000000087c00000|  0%| F|  |TAMS 0x0000000087b00000, 0x0000000087b00000| Untracked 
|  56|0x0000000087c00000, 0x0000000087c00000, 0x0000000087d00000|  0%| F|  |TAMS 0x0000000087c00000, 0x0000000087c00000| Untracked 
|  57|0x0000000087d00000, 0x0000000087d00000, 0x0000000087e00000|  0%| F|  |TAMS 0x0000000087d00000, 0x0000000087d00000| Untracked 
|  58|0x0000000087e00000, 0x0000000087e00000, 0x0000000087f00000|  0%| F|  |TAMS 0x0000000087e00000, 0x0000000087e00000| Untracked 
|  59|0x0000000087f00000, 0x0000000087f00000, 0x0000000088000000|  0%| F|  |TAMS 0x0000000087f00000, 0x0000000087f00000| Untracked 
|  60|0x0000000088000000, 0x0000000088000000, 0x0000000088100000|  0%| F|  |TAMS 0x0000000088000000, 0x0000000088000000| Untracked 
|  61|0x0000000088100000, 0x0000000088100000, 0x0000000088200000|  0%| F|  |TAMS 0x0000000088100000, 0x0000000088100000| Untracked 
|  62|0x0000000088200000, 0x00000000882e08e0, 0x0000000088300000| 87%| S|CS|TAMS 0x0000000088200000, 0x0000000088200000| Complete 
|  63|0x0000000088300000, 0x0000000088400000, 0x0000000088400000|100%| S|CS|TAMS 0x0000000088300000, 0x0000000088300000| Complete 
|  64|0x0000000088400000, 0x0000000088500000, 0x0000000088500000|100%| S|CS|TAMS 0x0000000088400000, 0x0000000088400000| Complete 
|  65|0x0000000088500000, 0x0000000088600000, 0x0000000088600000|100%| S|CS|TAMS 0x0000000088500000, 0x0000000088500000| Complete 
|  66|0x0000000088600000, 0x0000000088700000, 0x0000000088700000|100%| S|CS|TAMS 0x0000000088600000, 0x0000000088600000| Complete 
|  67|0x0000000088700000, 0x0000000088800000, 0x0000000088800000|100%| S|CS|TAMS 0x0000000088700000, 0x0000000088700000| Complete 
|  68|0x0000000088800000, 0x0000000088900000, 0x0000000088900000|100%| S|CS|TAMS 0x0000000088800000, 0x0000000088800000| Complete 
|  69|0x0000000088900000, 0x0000000088a00000, 0x0000000088a00000|100%| S|CS|TAMS 0x0000000088900000, 0x0000000088900000| Complete 
|  70|0x0000000088a00000, 0x0000000088b00000, 0x0000000088b00000|100%| S|CS|TAMS 0x0000000088a00000, 0x0000000088a00000| Complete 
|  71|0x0000000088b00000, 0x0000000088b00000, 0x0000000088c00000|  0%| F|  |TAMS 0x0000000088b00000, 0x0000000088b00000| Untracked 
|  72|0x0000000088c00000, 0x0000000088c00000, 0x0000000088d00000|  0%| F|  |TAMS 0x0000000088c00000, 0x0000000088c00000| Untracked 
|  73|0x0000000088d00000, 0x0000000088d00000, 0x0000000088e00000|  0%| F|  |TAMS 0x0000000088d00000, 0x0000000088d00000| Untracked 
|  74|0x0000000088e00000, 0x0000000088e00000, 0x0000000088f00000|  0%| F|  |TAMS 0x0000000088e00000, 0x0000000088e00000| Untracked 
|  75|0x0000000088f00000, 0x0000000088f00000, 0x0000000089000000|  0%| F|  |TAMS 0x0000000088f00000, 0x0000000088f00000| Untracked 
|  76|0x0000000089000000, 0x0000000089000000, 0x0000000089100000|  0%| F|  |TAMS 0x0000000089000000, 0x0000000089000000| Untracked 
|  77|0x0000000089100000, 0x0000000089100000, 0x0000000089200000|  0%| F|  |TAMS 0x0000000089100000, 0x0000000089100000| Untracked 
|  78|0x0000000089200000, 0x0000000089200000, 0x0000000089300000|  0%| F|  |TAMS 0x0000000089200000, 0x0000000089200000| Untracked 
|  79|0x0000000089300000, 0x0000000089300000, 0x0000000089400000|  0%| F|  |TAMS 0x0000000089300000, 0x0000000089300000| Untracked 
|  80|0x0000000089400000, 0x0000000089400000, 0x0000000089500000|  0%| F|  |TAMS 0x0000000089400000, 0x0000000089400000| Untracked 
|  81|0x0000000089500000, 0x0000000089500000, 0x0000000089600000|  0%| F|  |TAMS 0x0000000089500000, 0x0000000089500000| Untracked 
|  82|0x0000000089600000, 0x0000000089600000, 0x0000000089700000|  0%| F|  |TAMS 0x0000000089600000, 0x0000000089600000| Untracked 
|  83|0x0000000089700000, 0x0000000089700000, 0x0000000089800000|  0%| F|  |TAMS 0x0000000089700000, 0x0000000089700000| Untracked 
|  84|0x0000000089800000, 0x0000000089800000, 0x0000000089900000|  0%| F|  |TAMS 0x0000000089800000, 0x0000000089800000| Untracked 
|  85|0x0000000089900000, 0x0000000089900000, 0x0000000089a00000|  0%| F|  |TAMS 0x0000000089900000, 0x0000000089900000| Untracked 
|  86|0x0000000089a00000, 0x0000000089a00000, 0x0000000089b00000|  0%| F|  |TAMS 0x0000000089a00000, 0x0000000089a00000| Untracked 
|  87|0x0000000089b00000, 0x0000000089b00000, 0x0000000089c00000|  0%| F|  |TAMS 0x0000000089b00000, 0x0000000089b00000| Untracked 
|  88|0x0000000089c00000, 0x0000000089c00000, 0x0000000089d00000|  0%| F|  |TAMS 0x0000000089c00000, 0x0000000089c00000| Untracked 
|  89|0x0000000089d00000, 0x0000000089d00000, 0x0000000089e00000|  0%| F|  |TAMS 0x0000000089d00000, 0x0000000089d00000| Untracked 
|  90|0x0000000089e00000, 0x0000000089e00000, 0x0000000089f00000|  0%| F|  |TAMS 0x0000000089e00000, 0x0000000089e00000| Untracked 
|  91|0x0000000089f00000, 0x0000000089f00000, 0x000000008a000000|  0%| F|  |TAMS 0x0000000089f00000, 0x0000000089f00000| Untracked 
|  92|0x000000008a000000, 0x000000008a000000, 0x000000008a100000|  0%| F|  |TAMS 0x000000008a000000, 0x000000008a000000| Untracked 
|  93|0x000000008a100000, 0x000000008a100000, 0x000000008a200000|  0%| F|  |TAMS 0x000000008a100000, 0x000000008a100000| Untracked 
|  94|0x000000008a200000, 0x000000008a200000, 0x000000008a300000|  0%| F|  |TAMS 0x000000008a200000, 0x000000008a200000| Untracked 
|  95|0x000000008a300000, 0x000000008a300000, 0x000000008a400000|  0%| F|  |TAMS 0x000000008a300000, 0x000000008a300000| Untracked 
|  96|0x000000008a400000, 0x000000008a400000, 0x000000008a500000|  0%| F|  |TAMS 0x000000008a400000, 0x000000008a400000| Untracked 
|  97|0x000000008a500000, 0x000000008a500000, 0x000000008a600000|  0%| F|  |TAMS 0x000000008a500000, 0x000000008a500000| Untracked 
|  98|0x000000008a600000, 0x000000008a600000, 0x000000008a700000|  0%| F|  |TAMS 0x000000008a600000, 0x000000008a600000| Untracked 
|  99|0x000000008a700000, 0x000000008a700000, 0x000000008a800000|  0%| F|  |TAMS 0x000000008a700000, 0x000000008a700000| Untracked 
| 100|0x000000008a800000, 0x000000008a800000, 0x000000008a900000|  0%| F|  |TAMS 0x000000008a800000, 0x000000008a800000| Untracked 
| 101|0x000000008a900000, 0x000000008a900000, 0x000000008aa00000|  0%| F|  |TAMS 0x000000008a900000, 0x000000008a900000| Untracked 
| 102|0x000000008aa00000, 0x000000008aa00000, 0x000000008ab00000|  0%| F|  |TAMS 0x000000008aa00000, 0x000000008aa00000| Untracked 
| 103|0x000000008ab00000, 0x000000008ab00000, 0x000000008ac00000|  0%| F|  |TAMS 0x000000008ab00000, 0x000000008ab00000| Untracked 
| 104|0x000000008ac00000, 0x000000008ac00000, 0x000000008ad00000|  0%| F|  |TAMS 0x000000008ac00000, 0x000000008ac00000| Untracked 
| 105|0x000000008ad00000, 0x000000008ad00000, 0x000000008ae00000|  0%| F|  |TAMS 0x000000008ad00000, 0x000000008ad00000| Untracked 
| 106|0x000000008ae00000, 0x000000008ae00000, 0x000000008af00000|  0%| F|  |TAMS 0x000000008ae00000, 0x000000008ae00000| Untracked 
| 107|0x000000008af00000, 0x000000008af00000, 0x000000008b000000|  0%| F|  |TAMS 0x000000008af00000, 0x000000008af00000| Untracked 
| 108|0x000000008b000000, 0x000000008b000000, 0x000000008b100000|  0%| F|  |TAMS 0x000000008b000000, 0x000000008b000000| Untracked 
| 109|0x000000008b100000, 0x000000008b100000, 0x000000008b200000|  0%| F|  |TAMS 0x000000008b100000, 0x000000008b100000| Untracked 
| 110|0x000000008b200000, 0x000000008b200000, 0x000000008b300000|  0%| F|  |TAMS 0x000000008b200000, 0x000000008b200000| Untracked 
| 111|0x000000008b300000, 0x000000008b300000, 0x000000008b400000|  0%| F|  |TAMS 0x000000008b300000, 0x000000008b300000| Untracked 
| 112|0x000000008b400000, 0x000000008b400000, 0x000000008b500000|  0%| F|  |TAMS 0x000000008b400000, 0x000000008b400000| Untracked 
| 113|0x000000008b500000, 0x000000008b500000, 0x000000008b600000|  0%| F|  |TAMS 0x000000008b500000, 0x000000008b500000| Untracked 
| 114|0x000000008b600000, 0x000000008b600000, 0x000000008b700000|  0%| F|  |TAMS 0x000000008b600000, 0x000000008b600000| Untracked 
| 115|0x000000008b700000, 0x000000008b700000, 0x000000008b800000|  0%| F|  |TAMS 0x000000008b700000, 0x000000008b700000| Untracked 
| 116|0x000000008b800000, 0x000000008b800000, 0x000000008b900000|  0%| F|  |TAMS 0x000000008b800000, 0x000000008b800000| Untracked 
| 117|0x000000008b900000, 0x000000008b900000, 0x000000008ba00000|  0%| F|  |TAMS 0x000000008b900000, 0x000000008b900000| Untracked 
| 118|0x000000008ba00000, 0x000000008ba00000, 0x000000008bb00000|  0%| F|  |TAMS 0x000000008ba00000, 0x000000008ba00000| Untracked 
| 119|0x000000008bb00000, 0x000000008bb00000, 0x000000008bc00000|  0%| F|  |TAMS 0x000000008bb00000, 0x000000008bb00000| Untracked 
| 120|0x000000008bc00000, 0x000000008bc00000, 0x000000008bd00000|  0%| F|  |TAMS 0x000000008bc00000, 0x000000008bc00000| Untracked 
| 121|0x000000008bd00000, 0x000000008bd00000, 0x000000008be00000|  0%| F|  |TAMS 0x000000008bd00000, 0x000000008bd00000| Untracked 
| 122|0x000000008be00000, 0x000000008be00000, 0x000000008bf00000|  0%| F|  |TAMS 0x000000008be00000, 0x000000008be00000| Untracked 
| 123|0x000000008bf00000, 0x000000008bf00000, 0x000000008c000000|  0%| F|  |TAMS 0x000000008bf00000, 0x000000008bf00000| Untracked 
| 124|0x000000008c000000, 0x000000008c000000, 0x000000008c100000|  0%| F|  |TAMS 0x000000008c000000, 0x000000008c000000| Untracked 
| 125|0x000000008c100000, 0x000000008c100000, 0x000000008c200000|  0%| F|  |TAMS 0x000000008c100000, 0x000000008c100000| Untracked 
| 126|0x000000008c200000, 0x000000008c200000, 0x000000008c300000|  0%| F|  |TAMS 0x000000008c200000, 0x000000008c200000| Untracked 
| 127|0x000000008c300000, 0x000000008c300000, 0x000000008c400000|  0%| F|  |TAMS 0x000000008c300000, 0x000000008c300000| Untracked 
| 128|0x000000008c400000, 0x000000008c400000, 0x000000008c500000|  0%| F|  |TAMS 0x000000008c400000, 0x000000008c400000| Untracked 
| 129|0x000000008c500000, 0x000000008c500000, 0x000000008c600000|  0%| F|  |TAMS 0x000000008c500000, 0x000000008c500000| Untracked 
| 130|0x000000008c600000, 0x000000008c600000, 0x000000008c700000|  0%| F|  |TAMS 0x000000008c600000, 0x000000008c600000| Untracked 
| 131|0x000000008c700000, 0x000000008c700000, 0x000000008c800000|  0%| F|  |TAMS 0x000000008c700000, 0x000000008c700000| Untracked 
| 132|0x000000008c800000, 0x000000008c800000, 0x000000008c900000|  0%| F|  |TAMS 0x000000008c800000, 0x000000008c800000| Untracked 
| 133|0x000000008c900000, 0x000000008c900000, 0x000000008ca00000|  0%| F|  |TAMS 0x000000008c900000, 0x000000008c900000| Untracked 
| 134|0x000000008ca00000, 0x000000008ca00000, 0x000000008cb00000|  0%| F|  |TAMS 0x000000008ca00000, 0x000000008ca00000| Untracked 
| 135|0x000000008cb00000, 0x000000008cb00000, 0x000000008cc00000|  0%| F|  |TAMS 0x000000008cb00000, 0x000000008cb00000| Untracked 
| 136|0x000000008cc00000, 0x000000008cc00000, 0x000000008cd00000|  0%| F|  |TAMS 0x000000008cc00000, 0x000000008cc00000| Untracked 
| 137|0x000000008cd00000, 0x000000008cd00000, 0x000000008ce00000|  0%| F|  |TAMS 0x000000008cd00000, 0x000000008cd00000| Untracked 
| 138|0x000000008ce00000, 0x000000008ce00000, 0x000000008cf00000|  0%| F|  |TAMS 0x000000008ce00000, 0x000000008ce00000| Untracked 
| 139|0x000000008cf00000, 0x000000008cf00000, 0x000000008d000000|  0%| F|  |TAMS 0x000000008cf00000, 0x000000008cf00000| Untracked 
| 140|0x000000008d000000, 0x000000008d000000, 0x000000008d100000|  0%| F|  |TAMS 0x000000008d000000, 0x000000008d000000| Untracked 
| 141|0x000000008d100000, 0x000000008d100000, 0x000000008d200000|  0%| F|  |TAMS 0x000000008d100000, 0x000000008d100000| Untracked 
| 142|0x000000008d200000, 0x000000008d200000, 0x000000008d300000|  0%| F|  |TAMS 0x000000008d200000, 0x000000008d200000| Untracked 
| 143|0x000000008d300000, 0x000000008d300000, 0x000000008d400000|  0%| F|  |TAMS 0x000000008d300000, 0x000000008d300000| Untracked 
| 144|0x000000008d400000, 0x000000008d400000, 0x000000008d500000|  0%| F|  |TAMS 0x000000008d400000, 0x000000008d400000| Untracked 
| 145|0x000000008d500000, 0x000000008d500000, 0x000000008d600000|  0%| F|  |TAMS 0x000000008d500000, 0x000000008d500000| Untracked 
| 146|0x000000008d600000, 0x000000008d600000, 0x000000008d700000|  0%| F|  |TAMS 0x000000008d600000, 0x000000008d600000| Untracked 
| 147|0x000000008d700000, 0x000000008d700000, 0x000000008d800000|  0%| F|  |TAMS 0x000000008d700000, 0x000000008d700000| Untracked 
| 148|0x000000008d800000, 0x000000008d800000, 0x000000008d900000|  0%| F|  |TAMS 0x000000008d800000, 0x000000008d800000| Untracked 

Card table byte_map: [0x000001f5a6d70000,0x000001f5a7150000] _byte_map_base: 0x000001f5a694e000

Marking Bits (Prev, Next): (CMBitMap*) 0x000001f58f1ef0c8, (CMBitMap*) 0x000001f58f1ef100
 Prev Bits: [0x000001f5a7530000, 0x000001f5a9420000)
 Next Bits: [0x000001f5a9420000, 0x000001f5ab310000)

Polling page: 0x000001f58d0d0000

Metaspace:

Usage:
  Non-class:     50.90 MB capacity,    50.21 MB ( 99%) used,   557.91 KB (  1%) free+waste,   150.56 KB ( <1%) overhead. 
      Class:      7.65 MB capacity,     7.22 MB ( 94%) used,   373.23 KB (  5%) free+waste,    69.56 KB ( <1%) overhead. 
       Both:     58.56 MB capacity,    57.43 MB ( 98%) used,   931.14 KB (  2%) free+waste,   220.13 KB ( <1%) overhead. 

Virtual space:
  Non-class space:       52.00 MB reserved,      51.00 MB ( 98%) committed 
      Class space:        1.00 GB reserved,       7.75 MB ( <1%) committed 
             Both:        1.05 GB reserved,      58.75 MB (  5%) committed 

Chunk freelists:
   Non-Class:  4.38 KB
       Class:  512 bytes
        Both:  4.88 KB

CodeHeap 'non-profiled nmethods': size=120000Kb used=3587Kb max_used=3587Kb free=116412Kb
 bounds [0x000001f59f130000, 0x000001f59f4c0000, 0x000001f5a6660000]
CodeHeap 'profiled nmethods': size=120000Kb used=12087Kb max_used=12087Kb free=107912Kb
 bounds [0x000001f597c00000, 0x000001f5987d0000, 0x000001f59f130000]
CodeHeap 'non-nmethods': size=5760Kb used=1242Kb max_used=1288Kb free=4517Kb
 bounds [0x000001f597660000, 0x000001f5978d0000, 0x000001f597c00000]
 total_blobs=6034 nmethods=5435 adapters=510
 compilation: enabled
              stopped_count=0, restarted_count=0
 full_count=0

Compilation events (10 events):
Event: 6.423 Thread 0x000001f5ae5b8800 nmethod 5450 0x000001f5987cc590 code [0x000001f5987cc740, 0x000001f5987cc9c8]
Event: 6.423 Thread 0x000001f5ae5b8800 5452       3       net.bytebuddy.description.type.TypeDescription$Generic$Visitor$Substitutor$ForAttachment::onNonGenericType (6 bytes)
Event: 6.424 Thread 0x000001f5ae5b8800 nmethod 5452 0x000001f5987ccb10 code [0x000001f5987cccc0, 0x000001f5987ccde8]
Event: 6.424 Thread 0x000001f5ae5b8800 5453       3       net.bytebuddy.description.type.TypeDescription$Generic$Visitor$Substitutor$ForAttachment::onSimpleType (28 bytes)
Event: 6.424 Thread 0x000001f5ae5b8800 nmethod 5453 0x000001f5987cce90 code [0x000001f5987cd060, 0x000001f5987cd378]
Event: 6.424 Thread 0x000001f5ae5b8800 5454       3       net.bytebuddy.description.method.MethodList$ForLoadedMethods::size (20 bytes)
Event: 6.424 Thread 0x000001f5ae5b8800 nmethod 5454 0x000001f5987cd490 code [0x000001f5987cd640, 0x000001f5987cd8d8]
Event: 6.424 Thread 0x000001f5ae5b8800 5455       3       net.bytebuddy.description.method.MethodDescription$ForLoadedMethod::getInternalName (8 bytes)
Event: 6.424 Thread 0x000001f5ae5b8800 nmethod 5455 0x000001f5987cda10 code [0x000001f5987cdba0, 0x000001f5987cdcb8]
Event: 6.425 Thread 0x000001f5ae5b8800 5456       3       net.bytebuddy.jar.asm.SymbolTable::hash (10 bytes)

GC Heap History (10 events):
Event: 1.188 GC heap after
{Heap after GC invocations=5 (full 0):
 garbage-first heap   total 126976K, used 15697K [0x0000000084400000, 0x0000000100000000)
  region size 1024K, 5 young (5120K), 5 survivors (5120K)
 Metaspace       used 27672K, capacity 28365K, committed 28544K, reserved 1075200K
  class space    used 3216K, capacity 3436K, committed 3456K, reserved 1048576K
}
Event: 1.432 GC heap before
{Heap before GC invocations=5 (full 0):
 garbage-first heap   total 126976K, used 85329K [0x0000000084400000, 0x0000000100000000)
  region size 1024K, 74 young (75776K), 5 survivors (5120K)
 Metaspace       used 29800K, capacity 30549K, committed 30720K, reserved 1077248K
  class space    used 3462K, capacity 3764K, committed 3840K, reserved 1048576K
}
Event: 1.438 GC heap after
{Heap after GC invocations=6 (full 0):
 garbage-first heap   total 152576K, used 17249K [0x0000000084400000, 0x0000000100000000)
  region size 1024K, 7 young (7168K), 7 survivors (7168K)
 Metaspace       used 29800K, capacity 30549K, committed 30720K, reserved 1077248K
  class space    used 3462K, capacity 3764K, committed 3840K, reserved 1048576K
}
Event: 1.984 GC heap before
{Heap before GC invocations=6 (full 0):
 garbage-first heap   total 152576K, used 99169K [0x0000000084400000, 0x0000000100000000)
  region size 1024K, 87 young (89088K), 7 survivors (7168K)
 Metaspace       used 34609K, capacity 35525K, committed 35712K, reserved 1081344K
  class space    used 4135K, capacity 4464K, committed 4480K, reserved 1048576K
}
Event: 1.991 GC heap after
{Heap after GC invocations=7 (full 0):
 garbage-first heap   total 152576K, used 19545K [0x0000000084400000, 0x0000000100000000)
  region size 1024K, 8 young (8192K), 8 survivors (8192K)
 Metaspace       used 34609K, capacity 35525K, committed 35712K, reserved 1081344K
  class space    used 4135K, capacity 4464K, committed 4480K, reserved 1048576K
}
Event: 2.044 GC heap before
{Heap before GC invocations=7 (full 0):
 garbage-first heap   total 152576K, used 23641K [0x0000000084400000, 0x0000000100000000)
  region size 1024K, 13 young (13312K), 8 survivors (8192K)
 Metaspace       used 34833K, capacity 35713K, committed 35840K, reserved 1081344K
  class space    used 4163K, capacity 4504K, committed 4608K, reserved 1048576K
}
Event: 2.049 GC heap after
{Heap after GC invocations=8 (full 0):
 garbage-first heap   total 152576K, used 19620K [0x0000000084400000, 0x0000000100000000)
  region size 1024K, 6 young (6144K), 6 survivors (6144K)
 Metaspace       used 34833K, capacity 35713K, committed 35840K, reserved 1081344K
  class space    used 4163K, capacity 4504K, committed 4608K, reserved 1048576K
}
Event: 5.189 GC heap before
{Heap before GC invocations=9 (full 0):
 garbage-first heap   total 152576K, used 104612K [0x0000000084400000, 0x0000000100000000)
  region size 1024K, 89 young (91136K), 6 survivors (6144K)
 Metaspace       used 47128K, capacity 48251K, committed 48384K, reserved 1091584K
  class space    used 5869K, capacity 6337K, committed 6400K, reserved 1048576K
}
Event: 5.196 GC heap after
{Heap after GC invocations=10 (full 0):
 garbage-first heap   total 152576K, used 24100K [0x0000000084400000, 0x0000000100000000)
  region size 1024K, 11 young (11264K), 11 survivors (11264K)
 Metaspace       used 47128K, capacity 48251K, committed 48384K, reserved 1091584K
  class space    used 5869K, capacity 6337K, committed 6400K, reserved 1048576K
}
Event: 6.425 GC heap before
{Heap before GC invocations=10 (full 0):
 garbage-first heap   total 152576K, used 103972K [0x0000000084400000, 0x0000000100000000)
  region size 1024K, 89 young (91136K), 11 survivors (11264K)
 Metaspace       used 58809K, capacity 59961K, committed 60160K, reserved 1101824K
  class space    used 7393K, capacity 7836K, committed 7936K, reserved 1048576K
}

Deoptimization events (10 events):
Event: 5.399 Thread 0x000001f5af8d4000 Uncommon trap: reason=unstable_if action=reinterpret pc=0x000001f59f1dfb50 method=java.util.HashMap.getNode(ILjava/lang/Object;)Ljava/util/HashMap$Node; @ 84 c2
Event: 5.449 Thread 0x000001f5af8d4000 Uncommon trap: reason=class_check action=maybe_recompile pc=0x000001f59f3f0ec8 method=java.util.regex.Matcher.search(I)Z @ 121 c2
Event: 5.449 Thread 0x000001f5af8d4000 Uncommon trap: reason=class_check action=maybe_recompile pc=0x000001f59f3f0ec8 method=java.util.regex.Matcher.search(I)Z @ 121 c2
Event: 5.449 Thread 0x000001f5af8d4000 Uncommon trap: reason=class_check action=maybe_recompile pc=0x000001f59f3f0ec8 method=java.util.regex.Matcher.search(I)Z @ 121 c2
Event: 5.449 Thread 0x000001f5af8d4000 Uncommon trap: reason=class_check action=maybe_recompile pc=0x000001f59f3f0ec8 method=java.util.regex.Matcher.search(I)Z @ 121 c2
Event: 5.456 Thread 0x000001f5af8d4000 Uncommon trap: reason=unstable_if action=reinterpret pc=0x000001f59f2c06d8 method=java.lang.StringLatin1.compareToCI([B[B)I @ 31 c2
Event: 5.457 Thread 0x000001f5af8d4000 Uncommon trap: reason=unstable_if action=reinterpret pc=0x000001f59f2b787c method=java.lang.StringLatin1.compareToCI([B[B)I @ 31 c2
Event: 5.556 Thread 0x000001f5b5ebc800 Uncommon trap: reason=unstable_if action=reinterpret pc=0x000001f59f1e0144 method=java.util.HashMap.getNode(ILjava/lang/Object;)Ljava/util/HashMap$Node; @ 84 c2
Event: 6.247 Thread 0x000001f5af8d4000 Uncommon trap: reason=speculate_class_check action=maybe_recompile pc=0x000001f59f422294 method=jdk.internal.loader.Resource.getBytes()[B @ 10 c2
Event: 6.264 Thread 0x000001f5af8d4000 Uncommon trap: reason=speculate_class_check action=maybe_recompile pc=0x000001f59f422294 method=jdk.internal.loader.Resource.getBytes()[B @ 10 c2

Classes redefined (0 events):
No events

Internal exceptions (10 events):
Event: 2.493 Thread 0x000001f5af8d4000 Implicit null exception at 0x000001f59f2038a4 to 0x000001f59f205590
Event: 2.493 Thread 0x000001f5af8d4000 Exception <a 'java/security/PrivilegedActionException'{0x000000008a90c760}> (0x000000008a90c760) thrown at [./open/src/hotspot/share/prims/jvm.cpp, line 1305]
Event: 2.493 Thread 0x000001f5af8d4000 Exception <a 'java/security/PrivilegedActionException'{0x000000008a90cf80}> (0x000000008a90cf80) thrown at [./open/src/hotspot/share/prims/jvm.cpp, line 1305]
Event: 2.619 Thread 0x000001f5af8d4000 Implicit null exception at 0x000001f59f312d5a to 0x000001f59f312f4c
Event: 2.869 Thread 0x000001f5af8d4000 Exception <a 'java/lang/NoSuchMethodError'{0x0000000088d20f08}: java.lang.invoke.DirectMethodHandle$Holder.invokeStaticInit(Ljava/lang/Object;IIII)Ljava/lang/Object;> (0x0000000088d20f08) thrown at [./open/src/hotspot/share/interpreter/linkResolver.cpp, l
Event: 3.049 Thread 0x000001f5af8d4000 Exception <a 'java/lang/NoSuchMethodError'{0x0000000088d5e0b8}: java.lang.invoke.DirectMethodHandle$Holder.invokeStaticInit(Ljava/lang/Object;Ljava/lang/Object;IIII)Ljava/lang/Object;> (0x0000000088d5e0b8) thrown at [./open/src/hotspot/share/interpreter/l
Event: 5.176 Thread 0x000001f5af8d4000 Exception <a 'sun/nio/fs/WindowsException'{0x000000008805f620}> (0x000000008805f620) thrown at [./open/src/hotspot/share/prims/jni.cpp, line 611]
Event: 5.181 Thread 0x000001f5af8d4000 Exception <a 'java/lang/NoSuchMethodError'{0x0000000088087d80}: java.lang.invoke.DirectMethodHandle$Holder.invokeStaticInit(Ljava/lang/Object;Ljava/lang/Object;Ljava/lang/Object;Ljava/lang/Object;)I> (0x0000000088087d80) thrown at [./open/src/hotspot/shar
Event: 6.004 Thread 0x000001f5af8d4000 Exception <a 'java/lang/NoSuchMethodError'{0x000000008b59aa38}: java.lang.invoke.DirectMethodHandle$Holder.invokeStaticInit(Ljava/lang/Object;Ljava/lang/Object;Ljava/lang/Object;Ljava/lang/Object;)Ljava/lang/Object;> (0x000000008b59aa38) thrown at [./open
Event: 6.149 Thread 0x000001f5af8d4000 Exception <a 'java/lang/NoSuchMethodError'{0x000000008a7f2810}: java.lang.invoke.DirectMethodHandle$Holder.newInvokeSpecial(Ljava/lang/Object;Ljava/lang/Object;ILjava/lang/Object;Ljava/lang/Object;)Ljava/lang/Object;> (0x000000008a7f2810) thrown at [./ope

Events (10 events):
Event: 6.423 loading class net/bytebuddy/implementation/bytecode/member/MethodVariableAccess$MethodLoading$TypeCastingHandler$NoOp done
Event: 6.424 loading class net/bytebuddy/dynamic/scaffold/TypeInitializer$Drain$Default
Event: 6.424 loading class net/bytebuddy/dynamic/scaffold/TypeInitializer$Drain$Default done
Event: 6.424 loading class net/bytebuddy/implementation/bytecode/ByteCodeAppender$Simple
Event: 6.424 loading class net/bytebuddy/implementation/bytecode/ByteCodeAppender$Simple done
Event: 6.424 loading class net/bytebuddy/dynamic/scaffold/TypeInitializer$Simple
Event: 6.424 loading class net/bytebuddy/dynamic/scaffold/TypeInitializer$Simple done
Event: 6.425 loading class net/bytebuddy/implementation/bytecode/ByteCodeAppender$Compound
Event: 6.425 loading class net/bytebuddy/implementation/bytecode/ByteCodeAppender$Compound done
Event: 6.425 Executing VM operation: G1CollectForAllocation


Dynamic libraries:
0x00007ff79e250000 - 0x00007ff79e25f000 	C:\Program Files\Java\jdk-11.0.12\bin\java.exe
0x00007ffea65f0000 - 0x00007ffea67e5000 	C:\Windows\SYSTEM32\ntdll.dll
0x00007ffea5550000 - 0x00007ffea560e000 	C:\Windows\System32\KERNEL32.DLL
0x00007ffea4200000 - 0x00007ffea44c9000 	C:\Windows\System32\KERNELBASE.dll
0x00007ffea4100000 - 0x00007ffea4200000 	C:\Windows\System32\ucrtbase.dll
0x00007ffe8c3c0000 - 0x00007ffe8c3d5000 	C:\Program Files\Java\jdk-11.0.12\bin\VCRUNTIME140.dll
0x00007ffe9b8e0000 - 0x00007ffe9b8f8000 	C:\Program Files\Java\jdk-11.0.12\bin\jli.dll
0x00007ffea5ab0000 - 0x00007ffea5b5c000 	C:\Windows\System32\ADVAPI32.dll
0x00007ffea5e90000 - 0x00007ffea5f2e000 	C:\Windows\System32\msvcrt.dll
0x00007ffea64f0000 - 0x00007ffea658b000 	C:\Windows\System32\sechost.dll
0x00007ffea5420000 - 0x00007ffea554a000 	C:\Windows\System32\RPCRT4.dll
0x00007ffea5b60000 - 0x00007ffea5d01000 	C:\Windows\System32\USER32.dll
0x00007ffea45e0000 - 0x00007ffea4602000 	C:\Windows\System32\win32u.dll
0x00007ffea4640000 - 0x00007ffea466b000 	C:\Windows\System32\GDI32.dll
0x00007ffe8c770000 - 0x00007ffe8ca0a000 	C:\Windows\WinSxS\amd64_microsoft.windows.common-controls_6595b64144ccf1df_6.0.19041.1110_none_60b5254171f9507e\COMCTL32.dll
0x00007ffea3ff0000 - 0x00007ffea40fb000 	C:\Windows\System32\gdi32full.dll
0x00007ffea3f50000 - 0x00007ffea3fed000 	C:\Windows\System32\msvcp_win.dll
0x00007ffe96e40000 - 0x00007ffe96e4a000 	C:\Windows\SYSTEM32\VERSION.dll
0x00007ffea6230000 - 0x00007ffea6260000 	C:\Windows\System32\IMM32.DLL
0x00007ffe538e0000 - 0x00007ffe5397b000 	C:\Program Files\Java\jdk-11.0.12\bin\msvcp140.dll
0x00007ffe4fa10000 - 0x00007ffe5050f000 	C:\Program Files\Java\jdk-11.0.12\bin\server\jvm.dll
0x00007ffea5d80000 - 0x00007ffea5d88000 	C:\Windows\System32\PSAPI.DLL
0x00007ffe96bd0000 - 0x00007ffe96bd9000 	C:\Windows\SYSTEM32\WSOCK32.dll
0x00007ffea5d10000 - 0x00007ffea5d7b000 	C:\Windows\System32\WS2_32.dll
0x00007ffe8c080000 - 0x00007ffe8c0a7000 	C:\Windows\SYSTEM32\WINMM.dll
0x00007ffea2840000 - 0x00007ffea2852000 	C:\Windows\SYSTEM32\kernel.appcore.dll
0x00007ffe936d0000 - 0x00007ffe936e0000 	C:\Program Files\Java\jdk-11.0.12\bin\verify.dll
0x00007ffea1950000 - 0x00007ffea1b34000 	C:\Windows\SYSTEM32\DBGHELP.DLL
0x00007ffe8d9c0000 - 0x00007ffe8d9ec000 	C:\Windows\SYSTEM32\dbgcore.DLL
0x00007ffea3d60000 - 0x00007ffea3de3000 	C:\Windows\System32\bcryptPrimitives.dll
0x00007ffe8c350000 - 0x00007ffe8c378000 	C:\Program Files\Java\jdk-11.0.12\bin\java.dll
0x00007ffe93420000 - 0x00007ffe9342a000 	C:\Program Files\Java\jdk-11.0.12\bin\jimage.dll
0x00007ffe8c330000 - 0x00007ffe8c346000 	C:\Program Files\Java\jdk-11.0.12\bin\zip.dll
0x00007ffea4670000 - 0x00007ffea4daf000 	C:\Windows\System32\SHELL32.dll
0x00007ffea1b40000 - 0x00007ffea22d0000 	C:\Windows\SYSTEM32\windows.storage.dll
0x00007ffea5750000 - 0x00007ffea5aa5000 	C:\Windows\System32\combase.dll
0x00007ffea3760000 - 0x00007ffea378c000 	C:\Windows\SYSTEM32\Wldp.dll
0x00007ffea6440000 - 0x00007ffea64ed000 	C:\Windows\System32\SHCORE.dll
0x00007ffea63e0000 - 0x00007ffea6435000 	C:\Windows\System32\shlwapi.dll
0x00007ffea3c50000 - 0x00007ffea3c6f000 	C:\Windows\SYSTEM32\profapi.dll
0x00007ffe8c180000 - 0x00007ffe8c199000 	C:\Program Files\Java\jdk-11.0.12\bin\net.dll
0x00007ffe9a800000 - 0x00007ffe9a908000 	C:\Windows\SYSTEM32\WINHTTP.dll
0x00007ffea34c0000 - 0x00007ffea352a000 	C:\Windows\system32\mswsock.dll
0x00007ffe8c120000 - 0x00007ffe8c132000 	C:\Program Files\Java\jdk-11.0.12\bin\nio.dll
0x00007ffe93570000 - 0x00007ffe93579000 	C:\Program Files\Java\jdk-11.0.12\bin\management.dll
0x00007ffe93560000 - 0x00007ffe9356b000 	C:\Program Files\Java\jdk-11.0.12\bin\management_ext.dll
0x00007ffe61cc0000 - 0x00007ffe61cd7000 	C:\Windows\system32\napinsp.dll
0x00007ffe61ca0000 - 0x00007ffe61cbb000 	C:\Windows\system32\pnrpnsp.dll
0x00007ffe9a980000 - 0x00007ffe9a995000 	C:\Windows\system32\wshbth.dll
0x00007ffe9b800000 - 0x00007ffe9b81d000 	C:\Windows\system32\NLAapi.dll
0x00007ffea3160000 - 0x00007ffea319b000 	C:\Windows\SYSTEM32\IPHLPAPI.DLL
0x00007ffea31a0000 - 0x00007ffea326c000 	C:\Windows\SYSTEM32\DNSAPI.dll
0x00007ffea5e20000 - 0x00007ffea5e28000 	C:\Windows\System32\NSI.dll
0x00007ffe450b0000 - 0x00007ffe450c2000 	C:\Windows\System32\winrnr.dll
0x00007ffe95db0000 - 0x00007ffe95dba000 	C:\Windows\System32\rasadhlp.dll
0x00007ffe95510000 - 0x00007ffe9558f000 	C:\Windows\System32\fwpuclnt.dll
0x00007ffea4610000 - 0x00007ffea4637000 	C:\Windows\System32\bcrypt.dll
0x00007ffea36b0000 - 0x00007ffea36c8000 	C:\Windows\SYSTEM32\CRYPTSP.dll
0x00007ffea2dd0000 - 0x00007ffea2e04000 	C:\Windows\system32\rsaenh.dll
0x00007ffea3bd0000 - 0x00007ffea3bfe000 	C:\Windows\SYSTEM32\USERENV.dll
0x00007ffea36d0000 - 0x00007ffea36dc000 	C:\Windows\SYSTEM32\CRYPTBASE.dll
0x00007ffe96a60000 - 0x00007ffe96a77000 	C:\Windows\SYSTEM32\dhcpcsvc6.DLL
0x00007ffe96a40000 - 0x00007ffe96a5d000 	C:\Windows\SYSTEM32\dhcpcsvc.DLL
0x00007ffe9fdc0000 - 0x00007ffe9fdcd000 	C:\Program Files\Java\jdk-11.0.12\bin\sunmscapi.dll
0x00007ffea3df0000 - 0x00007ffea3f46000 	C:\Windows\System32\CRYPT32.dll
0x00007ffea37d0000 - 0x00007ffea37f7000 	C:\Windows\SYSTEM32\ncrypt.dll
0x00007ffea3790000 - 0x00007ffea37cb000 	C:\Windows\SYSTEM32\NTASN1.dll
0x00007ffe8c150000 - 0x00007ffe8c175000 	C:\Program Files\Java\jdk-11.0.12\bin\sunec.dll

dbghelp: loaded successfully - version: 4.0.5 - missing functions: none
symbol engine: initialized successfully - sym options: 0x614 - pdb path: .;C:\Program Files\Java\jdk-11.0.12\bin;C:\Windows\SYSTEM32;C:\Windows\WinSxS\amd64_microsoft.windows.common-controls_6595b64144ccf1df_6.0.19041.1110_none_60b5254171f9507e;C:\Program Files\Java\jdk-11.0.12\bin\server

VM Arguments:
java_command: com.backend.WorkerConsoleTransmissionLoss.WorkerTransmissionLoss
java_class_path (initial): D:\Josue\Proyectos\geosatelital\backend\BackendPlatin\platin\target\classes;C:\Users\FAMLETO\.m2\repository\org\springframework\boot\spring-boot-starter-data-jpa\2.5.3\spring-boot-starter-data-jpa-2.5.3.jar;C:\Users\FAMLETO\.m2\repository\org\springframework\boot\spring-boot-starter-aop\2.5.3\spring-boot-starter-aop-2.5.3.jar;C:\Users\FAMLETO\.m2\repository\org\aspectj\aspectjweaver\1.9.7\aspectjweaver-1.9.7.jar;C:\Users\FAMLETO\.m2\repository\org\springframework\boot\spring-boot-starter-jdbc\2.5.3\spring-boot-starter-jdbc-2.5.3.jar;C:\Users\FAMLETO\.m2\repository\com\zaxxer\HikariCP\4.0.3\HikariCP-4.0.3.jar;C:\Users\FAMLETO\.m2\repository\org\springframework\spring-jdbc\5.3.9\spring-jdbc-5.3.9.jar;C:\Users\FAMLETO\.m2\repository\jakarta\transaction\jakarta.transaction-api\1.3.3\jakarta.transaction-api-1.3.3.jar;C:\Users\FAMLETO\.m2\repository\jakarta\persistence\jakarta.persistence-api\2.2.3\jakarta.persistence-api-2.2.3.jar;C:\Users\FAMLETO\.m2\repository\org\hibernate\hibernate-core\5.4.32.Final\hibernate-core-5.4.32.Final.jar;C:\Users\FAMLETO\.m2\repository\org\jboss\logging\jboss-logging\3.4.2.Final\jboss-logging-3.4.2.Final.jar;C:\Users\FAMLETO\.m2\repository\net\bytebuddy\byte-buddy\1.10.22\byte-buddy-1.10.22.jar;C:\Users\FAMLETO\.m2\repository\antlr\antlr\2.7.7\antlr-2.7.7.jar;C:\Users\FAMLETO\.m2\repository\org\jboss\jandex\2.2.3.Final\jandex-2.2.3.Final.jar;C:\Users\FAMLETO\.m2\repository\org\dom4j\dom4j\2.1.3\dom4j-2.1.3.jar;C:\Users\FAMLETO\.m2\repository\org\hibernate\common\hibernate-commons-annotations\5.1.2.Final\hibernate-commons-annotations-5.1.2.Final.jar;C:\Users\FAMLETO\.m2\repository\org\glassfish\jaxb\jaxb-runtime\2.3.4\jaxb-runtime-2.3.4.jar;C:\Users\FAMLETO\.m2\repository\org\glassfish\jaxb\txw2\2.3.4\txw2-2.3.4.jar;C:\Users\FAMLETO\.m2\repository\com\sun\istack\istack-commons-runtime\3.0.12\istack-commons-runtime-3.0.12.jar;C:\Users\FAMLETO\.m2\repository\org\springframework\data\spring-data-jpa\2.5.3\spring-dat
Launcher Type: SUN_STANDARD

[Global flags]
     intx CICompilerCount                          = 4                                         {product} {ergonomic}
     uint ConcGCThreads                            = 2                                         {product} {ergonomic}
     uint G1ConcRefinementThreads                  = 8                                         {product} {ergonomic}
   size_t G1HeapRegionSize                         = 1048576                                   {product} {ergonomic}
    uintx GCDrainStackTargetSize                   = 64                                        {product} {ergonomic}
   size_t InitialHeapSize                          = 130023424                                 {product} {ergonomic}
   size_t MarkStackSize                            = 4194304                                   {product} {ergonomic}
   size_t MaxHeapSize                              = 2076180480                                {product} {ergonomic}
   size_t MaxNewSize                               = 1245708288                                {product} {ergonomic}
   size_t MinHeapDeltaBytes                        = 1048576                                   {product} {ergonomic}
    uintx NonNMethodCodeHeapSize                   = 5836300                                {pd product} {ergonomic}
    uintx NonProfiledCodeHeapSize                  = 122910970                              {pd product} {ergonomic}
    uintx ProfiledCodeHeapSize                     = 122910970                              {pd product} {ergonomic}
    uintx ReservedCodeCacheSize                    = 251658240                              {pd product} {ergonomic}
     bool SegmentedCodeCache                       = true                                      {product} {ergonomic}
     bool UseCompressedClassPointers               = true                                 {lp64_product} {ergonomic}
     bool UseCompressedOops                        = true                                 {lp64_product} {ergonomic}
     bool UseG1GC                                  = true                                      {product} {ergonomic}
     bool UseLargePagesIndividualAllocation        = false                                  {pd product} {ergonomic}

Logging:
Log output configuration:
 #0: stdout all=warning uptime,level,tags
 #1: stderr all=off uptime,level,tags

Environment Variables:
JAVA_HOME=C:\Program Files\Java\jdk-11.0.12
PATH=C:\Program Files\Microsoft MPI\Bin\;C:\Program Files (x86)\VMware\VMware Workstation\bin\;C:\Windows\system32;C:\Windows;C:\Windows\System32\Wbem;C:\Windows\System32\WindowsPowerShell\v1.0\;C:\Windows\System32\OpenSSH\;C:\Program Files\Git\cmd;C:\Program Files\Java\jdk-11.0.12\bin;D:\Josue\instaladores\maven\apache-maven-3.8.2\bin;C:\nsq-1.2.1.windows-amd64.go1.16.6\bin;C:\Program Files\nodejs\;C:\Program Files\Redis\;C:\Program Files (x86)\Microsoft SQL Server\140\Tools\Binn\;C:\Program Files\Microsoft SQL Server\140\Tools\Binn\;C:\Program Files (x86)\Microsoft SQL Server\140\DTS\Binn\;C:\Program Files\Microsoft SQL Server\140\DTS\Binn\;C:\Program Files\Microsoft SQL Server\Client SDK\ODBC\130\Tools\Binn\;C:\Program Files\Azure Data Studio\bin;C:\Program Files\dotnet\;C:\Program Files\Microsoft SQL Server\130\Tools\Binn\;C:\Program Files\Microsoft SQL Server\Client SDK\ODBC\170\Tools\Binn\;C:\Users\FAMLETO\AppData\Local\Microsoft\WindowsApps;;C:\Users\FAMLETO\AppData\Local\Programs\Microsoft VS Code\bin;C:\Users\FAMLETO\AppData\Roaming\npm;C:\Program Files\JetBrains\IntelliJ IDEA Community Edition 2021.2\bin;;C:\Program Files\Azure Data Studio\bin;C:\Users\FAMLETO\.dotnet\tools
USERNAME=FAMLETO
OS=Windows_NT
PROCESSOR_IDENTIFIER=Intel64 Family 6 Model 140 Stepping 1, GenuineIntel



---------------  S Y S T E M  ---------------

OS: Windows 10 , 64 bit Build 19041 (10.0.19041.1202)

CPU:total 8 (initial active 8) (4 cores per cpu, 2 threads per core) family 6 model 140 stepping 1 microcode 0x86, cmov, cx8, fxsr, mmx, sse, sse2, sse3, ssse3, sse4.1, sse4.2, popcnt, avx, avx2, aes, clmul, erms, 3dnowpref, lzcnt, ht, tsc, tscinvbit, bmi1, bmi2, adx, evex, sha, fma

Memory: 4k page, system-wide physical 7918M (535M free)
TotalPageFile size 15220M (AvailPageFile size 30M)
current process WorkingSet (physical memory assigned to process): 305M, peak: 305M
current process commit charge ("private bytes"): 372M, peak: 402M

vm_info: Java HotSpot(TM) 64-Bit Server VM (11.0.12+8-LTS-237) for windows-amd64 JRE (11.0.12+8-LTS-237), built on Jun  8 2021 11:25:59 by "mach5one" with MS VC++ 15.9 (VS2017)

END.
