#
# There is insufficient memory for the Java Runtime Environment to continue.
# Native memory allocation (mmap) failed to map 31457280 bytes for Failed to commit area from 0x000000008d900000 to 0x000000008f700000 of length 31457280.
# Possible reasons:
#   The system is out of physical RAM or swap space
#   The process is running with CompressedOops enabled, and the Java Heap may be blocking the growth of the native heap
# Possible solutions:
#   Reduce memory load on the system
#   Increase physical memory or swap space
#   Check if swap backing store is full
#   Decrease Java heap size (-Xmx/-Xms)
#   Decrease number of Java threads
#   Decrease Java thread stack sizes (-Xss)
#   Set larger code cache with -XX:ReservedCodeCacheSize=
#   JVM is running with Unscaled Compressed Oops mode in which the Java heap is
#     placed in the first 4GB address space. The Java Heap base address is the
#     maximum limit for the native heap growth. Please use -XX:HeapBaseMinAddress
#     to set the Java Heap base and to place the Java Heap above 4GB virtual address.
# This output file may be truncated or incomplete.
#
#  Out of Memory Error (./open/src/hotspot/os/windows/os_windows.cpp:3273), pid=9624, tid=17844
#
# JRE version: Java(TM) SE Runtime Environment 18.9 (11.0.12+8) (build 11.0.12+8-LTS-237)
# Java VM: Java HotSpot(TM) 64-Bit Server VM 18.9 (11.0.12+8-LTS-237, mixed mode, tiered, compressed oops, g1 gc, windows-amd64)
# No core dump will be written. Minidumps are not enabled by default on client versions of Windows
#

---------------  S U M M A R Y ------------

Command Line: com.backend.WorkerConsoleCalculateGeocerca.WorkerCalculateGeocerca

Host: 11th Gen Intel(R) Core(TM) i7-1165G7 @ 2.80GHz, 8 cores, 7G,  Windows 10 , 64 bit Build 19041 (10.0.19041.1202)
Time: Fri Nov  5 17:54:11 2021 Hora est. Pacífico, Sudamérica elapsed time: 21.496822 seconds (0d 0h 0m 21s)

---------------  T H R E A D  ---------------

Current thread (0x00000212d0de6000):  VMThread "VM Thread" [stack: 0x0000003439b00000,0x0000003439c00000] [id=17844]

Stack: [0x0000003439b00000,0x0000003439c00000]
[error occurred during error reporting (printing stack bounds), id 0xc0000005, EXCEPTION_ACCESS_VIOLATION (0xc0000005) at pc=0x00000212ba7010e7]

Native frames: (J=compiled Java code, j=interpreted, Vv=VM code, C=native code)
V  [jvm.dll+0x617d9a]
V  [jvm.dll+0x74eeef]
V  [jvm.dll+0x750599]
V  [jvm.dll+0x750b85]
V  [jvm.dll+0x750b3b]
V  [jvm.dll+0x6175d3]
V  [jvm.dll+0x617998]
C  [ntdll.dll+0xa20cf]
C  [ntdll.dll+0x51454]
C  [ntdll.dll+0xa0bfe]
C  0x00000212ba7010e7

VM_Operation (0x000000343aaf95c0): CollectForMetadataAllocation, mode: safepoint, requested by thread 0x00000212d2a51000


---------------  P R O C E S S  ---------------

Threads class SMR info:
_java_thread_list=0x00000212daad3b40, length=19, elements={
0x00000212b2252800, 0x00000212d0e09800, 0x00000212d0e12800, 0x00000212d0e23000,
0x00000212d0e26000, 0x00000212d0e28000, 0x00000212d1751800, 0x00000212d175e800,
0x00000212d0e2d000, 0x00000212d1b0f800, 0x00000212d2ae5800, 0x00000212d2a51000,
0x00000212d6f30800, 0x00000212d5237000, 0x00000212d5ec4000, 0x00000212d558c000,
0x00000212d18a1800, 0x00000212d18a0800, 0x00000212d189e800
}

Java Threads: ( => current thread )
  0x00000212b2252800 JavaThread "main" [_thread_blocked, id=17588, stack(0x0000003439500000,0x0000003439600000)]
  0x00000212d0e09800 JavaThread "Reference Handler" daemon [_thread_blocked, id=17000, stack(0x0000003439c00000,0x0000003439d00000)]
  0x00000212d0e12800 JavaThread "Finalizer" daemon [_thread_blocked, id=5048, stack(0x0000003439d00000,0x0000003439e00000)]
  0x00000212d0e23000 JavaThread "Signal Dispatcher" daemon [_thread_blocked, id=19800, stack(0x0000003439e00000,0x0000003439f00000)]
  0x00000212d0e26000 JavaThread "Attach Listener" daemon [_thread_blocked, id=15356, stack(0x0000003439f00000,0x000000343a000000)]
  0x00000212d0e28000 JavaThread "Service Thread" daemon [_thread_blocked, id=10568, stack(0x000000343a000000,0x000000343a100000)]
  0x00000212d1751800 JavaThread "C2 CompilerThread0" daemon [_thread_in_native, id=18360, stack(0x000000343a100000,0x000000343a200000)]
  0x00000212d175e800 JavaThread "C1 CompilerThread0" daemon [_thread_blocked, id=19340, stack(0x000000343a200000,0x000000343a300000)]
  0x00000212d0e2d000 JavaThread "Sweeper thread" daemon [_thread_blocked, id=18520, stack(0x000000343a300000,0x000000343a400000)]
  0x00000212d1b0f800 JavaThread "Common-Cleaner" daemon [_thread_blocked, id=11824, stack(0x000000343a500000,0x000000343a600000)]
  0x00000212d2ae5800 JavaThread "Thread-0" [_thread_blocked, id=16056, stack(0x000000343a900000,0x000000343aa00000)]
  0x00000212d2a51000 JavaThread "restartedMain" [_thread_blocked, id=19536, stack(0x000000343aa00000,0x000000343ab00000)]
  0x00000212d6f30800 JavaThread "mysql-cj-abandoned-connection-cleanup" daemon [_thread_blocked, id=11268, stack(0x000000343af00000,0x000000343b000000)]
  0x00000212d5237000 JavaThread "mssql-jdbc-shared-timer-core-0" daemon [_thread_blocked, id=5508, stack(0x000000343b400000,0x000000343b500000)]
  0x00000212d5ec4000 JavaThread "HikariPool-1 housekeeper" daemon [_thread_blocked, id=19220, stack(0x000000343b500000,0x000000343b600000)]
  0x00000212d558c000 JavaThread "HikariPool-1 connection adder" daemon [_thread_blocked, id=3056, stack(0x000000343b600000,0x000000343b700000)]
  0x00000212d18a1800 JavaThread "pool-2-thread-1" [_thread_blocked, id=15640, stack(0x000000343a600000,0x000000343a700000)]
  0x00000212d18a0800 JavaThread "pool-2-thread-2" [_thread_blocked, id=18688, stack(0x000000343a700000,0x000000343a800000)]
  0x00000212d189e800 JavaThread "C2 CompilerThread1" daemon [_thread_in_native, id=18612, stack(0x000000343b700000,0x000000343b800000)]

Other Threads:
=>0x00000212d0de6000 VMThread "VM Thread" [stack: 0x0000003439b00000,0x0000003439c00000] [id=17844]
  0x00000212d188e000 WatcherThread [stack: 0x000000343a400000,0x000000343a500000] [id=7964]
  0x00000212b2267000 GCTaskThread "GC Thread#0" [stack: 0x0000003439600000,0x0000003439700000] [id=16676]
  0x00000212d28ef000 GCTaskThread "GC Thread#1" [stack: 0x000000343a800000,0x000000343a900000] [id=12448]
  0x00000212d2bf0800 GCTaskThread "GC Thread#2" [stack: 0x000000343ab00000,0x000000343ac00000] [id=19548]
  0x00000212d2f75800 GCTaskThread "GC Thread#3" [stack: 0x000000343ac00000,0x000000343ad00000] [id=648]
  0x00000212d348e000 GCTaskThread "GC Thread#4" [stack: 0x000000343ad00000,0x000000343ae00000] [id=20160]
  0x00000212d29d0800 GCTaskThread "GC Thread#5" [stack: 0x000000343ae00000,0x000000343af00000] [id=20444]
  0x00000212d3b63000 GCTaskThread "GC Thread#6" [stack: 0x000000343b000000,0x000000343b100000] [id=7644]
  0x00000212d2c37800 GCTaskThread "GC Thread#7" [stack: 0x000000343b100000,0x000000343b200000] [id=19384]
  0x00000212b2299000 ConcurrentGCThread "G1 Main Marker" [stack: 0x0000003439700000,0x0000003439800000] [id=17740]
  0x00000212b229a000 ConcurrentGCThread "G1 Conc#0" [stack: 0x0000003439800000,0x0000003439900000] [id=5200]
  0x00000212d3ce8800 ConcurrentGCThread "G1 Conc#1" [stack: 0x000000343b200000,0x000000343b300000] [id=15796]
  0x00000212b231e000 ConcurrentGCThread "G1 Refine#0" [stack: 0x0000003439900000,0x0000003439a00000] [id=18704]
  0x00000212d0c40800 ConcurrentGCThread "G1 Young RemSet Sampling" [stack: 0x0000003439a00000,0x0000003439b00000] [id=5248]

Threads with active compile tasks:
C2 CompilerThread0  21512 5434       4       jdk.internal.loader.ClassLoaders$AppClassLoader::defineOrCheckPackage (8 bytes)
C1 CompilerThread0  21512 5520   !   3       org.hibernate.service.internal.AbstractServiceRegistryImpl::getService (119 bytes)
C2 CompilerThread1  21512 5435   !   4       jdk.internal.loader.BuiltinClassLoader::defineOrCheckPackage (93 bytes)

VM state:at safepoint (normal execution)

VM Mutex/Monitor currently owned by a thread:  ([mutex/lock_event])
[0x00000212b224d7b0] Threads_lock - owner thread: 0x00000212d0de6000
[0x00000212b224f190] Heap_lock - owner thread: 0x00000212d2a51000

Heap address: 0x0000000084400000, size: 1980 MB, Compressed Oops mode: 32-bit
Narrow klass base: 0x0000000000000000, Narrow klass shift: 3
Compressed class space size: 1073741824 Address: 0x0000000100000000

Heap:
 garbage-first heap   total 183296K, used 26371K [0x0000000084400000, 0x0000000100000000)
  region size 1024K, 9 young (9216K), 9 survivors (9216K)
 Metaspace       used 58925K, capacity 60059K, committed 60160K, reserved 1101824K
  class space    used 7419K, capacity 7898K, committed 7936K, reserved 1048576K
Heap Regions: E=young(eden), S=young(survivor), O=old, HS=humongous(starts), HC=humongous(continues), CS=collection set, F=free, A=archive, TAMS=top-at-mark-start (previous, next)
|   0|0x0000000084400000, 0x0000000084500000, 0x0000000084500000|100%|HS|  |TAMS 0x0000000084500000, 0x0000000084500000| Complete 
|   1|0x0000000084500000, 0x0000000084600000, 0x0000000084600000|100%|HS|  |TAMS 0x0000000084600000, 0x0000000084600000| Complete 
|   2|0x0000000084600000, 0x0000000084700000, 0x0000000084700000|100%| O|  |TAMS 0x0000000084700000, 0x0000000084700000| Untracked 
|   3|0x0000000084700000, 0x0000000084800000, 0x0000000084800000|100%| O|  |TAMS 0x0000000084800000, 0x0000000084800000| Untracked 
|   4|0x0000000084800000, 0x0000000084900000, 0x0000000084900000|100%| O|  |TAMS 0x0000000084900000, 0x0000000084900000| Untracked 
|   5|0x0000000084900000, 0x0000000084a00000, 0x0000000084a00000|100%| O|  |TAMS 0x0000000084a00000, 0x0000000084a00000| Untracked 
|   6|0x0000000084a00000, 0x0000000084b00000, 0x0000000084b00000|100%| O|  |TAMS 0x0000000084b00000, 0x0000000084b00000| Untracked 
|   7|0x0000000084b00000, 0x0000000084c00000, 0x0000000084c00000|100%| O|  |TAMS 0x0000000084c00000, 0x0000000084c00000| Untracked 
|   8|0x0000000084c00000, 0x0000000084d00000, 0x0000000084d00000|100%| O|  |TAMS 0x0000000084d00000, 0x0000000084d00000| Untracked 
|   9|0x0000000084d00000, 0x0000000084e00000, 0x0000000084e00000|100%| O|  |TAMS 0x0000000084e00000, 0x0000000084e00000| Untracked 
|  10|0x0000000084e00000, 0x0000000084f00000, 0x0000000084f00000|100%| O|  |TAMS 0x0000000084f00000, 0x0000000084f00000| Untracked 
|  11|0x0000000084f00000, 0x0000000085000000, 0x0000000085000000|100%| O|  |TAMS 0x0000000085000000, 0x0000000085000000| Untracked 
|  12|0x0000000085000000, 0x0000000085100000, 0x0000000085100000|100%| O|  |TAMS 0x00000000850c6200, 0x0000000085100000| Untracked 
|  13|0x0000000085100000, 0x0000000085200000, 0x0000000085200000|100%| O|  |TAMS 0x0000000085100000, 0x0000000085200000| Untracked 
|  14|0x0000000085200000, 0x0000000085300000, 0x0000000085300000|100%| O|  |TAMS 0x0000000085200000, 0x0000000085300000| Untracked 
|  15|0x0000000085300000, 0x0000000085400000, 0x0000000085400000|100%| O|  |TAMS 0x0000000085300000, 0x0000000085400000| Untracked 
|  16|0x0000000085400000, 0x0000000085500000, 0x0000000085500000|100%| O|  |TAMS 0x0000000085400000, 0x0000000085500000| Untracked 
|  17|0x0000000085500000, 0x000000008558a200, 0x0000000085600000| 53%| O|  |TAMS 0x0000000085500000, 0x000000008558a200| Untracked 
|  18|0x0000000085600000, 0x0000000085600000, 0x0000000085700000|  0%| F|  |TAMS 0x0000000085600000, 0x0000000085600000| Untracked 
|  19|0x0000000085700000, 0x0000000085700000, 0x0000000085800000|  0%| F|  |TAMS 0x0000000085700000, 0x0000000085700000| Untracked 
|  20|0x0000000085800000, 0x0000000085800000, 0x0000000085900000|  0%| F|  |TAMS 0x0000000085800000, 0x0000000085800000| Untracked 
|  21|0x0000000085900000, 0x0000000085900000, 0x0000000085a00000|  0%| F|  |TAMS 0x0000000085900000, 0x0000000085900000| Untracked 
|  22|0x0000000085a00000, 0x0000000085a00000, 0x0000000085b00000|  0%| F|  |TAMS 0x0000000085a00000, 0x0000000085a00000| Untracked 
|  23|0x0000000085b00000, 0x0000000085b00000, 0x0000000085c00000|  0%| F|  |TAMS 0x0000000085b00000, 0x0000000085b00000| Untracked 
|  24|0x0000000085c00000, 0x0000000085c00000, 0x0000000085d00000|  0%| F|  |TAMS 0x0000000085c00000, 0x0000000085c00000| Untracked 
|  25|0x0000000085d00000, 0x0000000085d00000, 0x0000000085e00000|  0%| F|  |TAMS 0x0000000085d00000, 0x0000000085d00000| Untracked 
|  26|0x0000000085e00000, 0x0000000085e00000, 0x0000000085f00000|  0%| F|  |TAMS 0x0000000085e00000, 0x0000000085e00000| Untracked 
|  27|0x0000000085f00000, 0x0000000085f00000, 0x0000000086000000|  0%| F|  |TAMS 0x0000000085f00000, 0x0000000085f00000| Untracked 
|  28|0x0000000086000000, 0x0000000086000000, 0x0000000086100000|  0%| F|  |TAMS 0x0000000086000000, 0x0000000086000000| Untracked 
|  29|0x0000000086100000, 0x0000000086100000, 0x0000000086200000|  0%| F|  |TAMS 0x0000000086100000, 0x0000000086100000| Untracked 
|  30|0x0000000086200000, 0x0000000086200000, 0x0000000086300000|  0%| F|  |TAMS 0x0000000086200000, 0x0000000086200000| Untracked 
|  31|0x0000000086300000, 0x0000000086300000, 0x0000000086400000|  0%| F|  |TAMS 0x0000000086300000, 0x0000000086300000| Untracked 
|  32|0x0000000086400000, 0x0000000086400000, 0x0000000086500000|  0%| F|  |TAMS 0x0000000086400000, 0x0000000086400000| Untracked 
|  33|0x0000000086500000, 0x0000000086500000, 0x0000000086600000|  0%| F|  |TAMS 0x0000000086500000, 0x0000000086500000| Untracked 
|  34|0x0000000086600000, 0x0000000086600000, 0x0000000086700000|  0%| F|  |TAMS 0x0000000086600000, 0x0000000086600000| Untracked 
|  35|0x0000000086700000, 0x0000000086700000, 0x0000000086800000|  0%| F|  |TAMS 0x0000000086700000, 0x0000000086700000| Untracked 
|  36|0x0000000086800000, 0x0000000086800000, 0x0000000086900000|  0%| F|  |TAMS 0x0000000086800000, 0x0000000086800000| Untracked 
|  37|0x0000000086900000, 0x0000000086900000, 0x0000000086a00000|  0%| F|  |TAMS 0x0000000086900000, 0x0000000086900000| Untracked 
|  38|0x0000000086a00000, 0x0000000086a00000, 0x0000000086b00000|  0%| F|  |TAMS 0x0000000086a00000, 0x0000000086a00000| Untracked 
|  39|0x0000000086b00000, 0x0000000086b00000, 0x0000000086c00000|  0%| F|  |TAMS 0x0000000086b00000, 0x0000000086b00000| Untracked 
|  40|0x0000000086c00000, 0x0000000086c00000, 0x0000000086d00000|  0%| F|  |TAMS 0x0000000086c00000, 0x0000000086c00000| Untracked 
|  41|0x0000000086d00000, 0x0000000086d00000, 0x0000000086e00000|  0%| F|  |TAMS 0x0000000086d00000, 0x0000000086d00000| Untracked 
|  42|0x0000000086e00000, 0x0000000086e00000, 0x0000000086f00000|  0%| F|  |TAMS 0x0000000086e00000, 0x0000000086e00000| Untracked 
|  43|0x0000000086f00000, 0x0000000086f00000, 0x0000000087000000|  0%| F|  |TAMS 0x0000000086f00000, 0x0000000086f00000| Untracked 
|  44|0x0000000087000000, 0x0000000087000000, 0x0000000087100000|  0%| F|  |TAMS 0x0000000087000000, 0x0000000087000000| Untracked 
|  45|0x0000000087100000, 0x0000000087100000, 0x0000000087200000|  0%| F|  |TAMS 0x0000000087100000, 0x0000000087100000| Untracked 
|  46|0x0000000087200000, 0x0000000087200000, 0x0000000087300000|  0%| F|  |TAMS 0x0000000087200000, 0x0000000087200000| Untracked 
|  47|0x0000000087300000, 0x0000000087300000, 0x0000000087400000|  0%| F|  |TAMS 0x0000000087300000, 0x0000000087300000| Untracked 
|  48|0x0000000087400000, 0x0000000087400000, 0x0000000087500000|  0%| F|  |TAMS 0x0000000087400000, 0x0000000087400000| Untracked 
|  49|0x0000000087500000, 0x0000000087500000, 0x0000000087600000|  0%| F|  |TAMS 0x0000000087500000, 0x0000000087500000| Untracked 
|  50|0x0000000087600000, 0x0000000087600000, 0x0000000087700000|  0%| F|  |TAMS 0x0000000087600000, 0x0000000087600000| Untracked 
|  51|0x0000000087700000, 0x0000000087700000, 0x0000000087800000|  0%| F|  |TAMS 0x0000000087700000, 0x0000000087700000| Untracked 
|  52|0x0000000087800000, 0x0000000087800000, 0x0000000087900000|  0%| F|  |TAMS 0x0000000087800000, 0x0000000087800000| Untracked 
|  53|0x0000000087900000, 0x0000000087900000, 0x0000000087a00000|  0%| F|  |TAMS 0x0000000087900000, 0x0000000087900000| Untracked 
|  54|0x0000000087a00000, 0x0000000087a00000, 0x0000000087b00000|  0%| F|  |TAMS 0x0000000087a00000, 0x0000000087a00000| Untracked 
|  55|0x0000000087b00000, 0x0000000087b00000, 0x0000000087c00000|  0%| F|  |TAMS 0x0000000087b00000, 0x0000000087b00000| Untracked 
|  56|0x0000000087c00000, 0x0000000087c00000, 0x0000000087d00000|  0%| F|  |TAMS 0x0000000087c00000, 0x0000000087c00000| Untracked 
|  57|0x0000000087d00000, 0x0000000087d00000, 0x0000000087e00000|  0%| F|  |TAMS 0x0000000087d00000, 0x0000000087d00000| Untracked 
|  58|0x0000000087e00000, 0x0000000087e00000, 0x0000000087f00000|  0%| F|  |TAMS 0x0000000087e00000, 0x0000000087e00000| Untracked 
|  59|0x0000000087f00000, 0x0000000087f00000, 0x0000000088000000|  0%| F|  |TAMS 0x0000000087f00000, 0x0000000087f00000| Untracked 
|  60|0x0000000088000000, 0x0000000088000000, 0x0000000088100000|  0%| F|  |TAMS 0x0000000088000000, 0x0000000088000000| Untracked 
|  61|0x0000000088100000, 0x0000000088100000, 0x0000000088200000|  0%| F|  |TAMS 0x0000000088100000, 0x0000000088100000| Untracked 
|  62|0x0000000088200000, 0x0000000088200000, 0x0000000088300000|  0%| F|  |TAMS 0x0000000088200000, 0x0000000088200000| Untracked 
|  63|0x0000000088300000, 0x0000000088300000, 0x0000000088400000|  0%| F|  |TAMS 0x0000000088300000, 0x0000000088300000| Untracked 
|  64|0x0000000088400000, 0x0000000088400000, 0x0000000088500000|  0%| F|  |TAMS 0x0000000088400000, 0x0000000088400000| Untracked 
|  65|0x0000000088500000, 0x0000000088500000, 0x0000000088600000|  0%| F|  |TAMS 0x0000000088500000, 0x0000000088500000| Untracked 
|  66|0x0000000088600000, 0x0000000088636b48, 0x0000000088700000| 21%| S|CS|TAMS 0x0000000088600000, 0x0000000088600000| Complete 
|  67|0x0000000088700000, 0x0000000088800000, 0x0000000088800000|100%| S|CS|TAMS 0x0000000088700000, 0x0000000088700000| Complete 
|  68|0x0000000088800000, 0x0000000088900000, 0x0000000088900000|100%| S|CS|TAMS 0x0000000088800000, 0x0000000088800000| Complete 
|  69|0x0000000088900000, 0x0000000088a00000, 0x0000000088a00000|100%| S|CS|TAMS 0x0000000088900000, 0x0000000088900000| Complete 
|  70|0x0000000088a00000, 0x0000000088b00000, 0x0000000088b00000|100%| S|CS|TAMS 0x0000000088a00000, 0x0000000088a00000| Complete 
|  71|0x0000000088b00000, 0x0000000088c00000, 0x0000000088c00000|100%| S|CS|TAMS 0x0000000088b00000, 0x0000000088b00000| Complete 
|  72|0x0000000088c00000, 0x0000000088d00000, 0x0000000088d00000|100%| S|CS|TAMS 0x0000000088c00000, 0x0000000088c00000| Complete 
|  73|0x0000000088d00000, 0x0000000088e00000, 0x0000000088e00000|100%| S|CS|TAMS 0x0000000088d00000, 0x0000000088d00000| Complete 
|  74|0x0000000088e00000, 0x0000000088f00000, 0x0000000088f00000|100%| S|CS|TAMS 0x0000000088e00000, 0x0000000088e00000| Complete 
|  75|0x0000000088f00000, 0x0000000088f00000, 0x0000000089000000|  0%| F|  |TAMS 0x0000000088f00000, 0x0000000088f00000| Untracked 
|  76|0x0000000089000000, 0x0000000089000000, 0x0000000089100000|  0%| F|  |TAMS 0x0000000089000000, 0x0000000089000000| Untracked 
|  77|0x0000000089100000, 0x0000000089100000, 0x0000000089200000|  0%| F|  |TAMS 0x0000000089100000, 0x0000000089100000| Untracked 
|  78|0x0000000089200000, 0x0000000089200000, 0x0000000089300000|  0%| F|  |TAMS 0x0000000089200000, 0x0000000089200000| Untracked 
|  79|0x0000000089300000, 0x0000000089300000, 0x0000000089400000|  0%| F|  |TAMS 0x0000000089300000, 0x0000000089300000| Untracked 
|  80|0x0000000089400000, 0x0000000089400000, 0x0000000089500000|  0%| F|  |TAMS 0x0000000089400000, 0x0000000089400000| Untracked 
|  81|0x0000000089500000, 0x0000000089500000, 0x0000000089600000|  0%| F|  |TAMS 0x0000000089500000, 0x0000000089500000| Untracked 
|  82|0x0000000089600000, 0x0000000089600000, 0x0000000089700000|  0%| F|  |TAMS 0x0000000089600000, 0x0000000089600000| Untracked 
|  83|0x0000000089700000, 0x0000000089700000, 0x0000000089800000|  0%| F|  |TAMS 0x0000000089700000, 0x0000000089700000| Untracked 
|  84|0x0000000089800000, 0x0000000089800000, 0x0000000089900000|  0%| F|  |TAMS 0x0000000089800000, 0x0000000089800000| Untracked 
|  85|0x0000000089900000, 0x0000000089900000, 0x0000000089a00000|  0%| F|  |TAMS 0x0000000089900000, 0x0000000089900000| Untracked 
|  86|0x0000000089a00000, 0x0000000089a00000, 0x0000000089b00000|  0%| F|  |TAMS 0x0000000089a00000, 0x0000000089a00000| Untracked 
|  87|0x0000000089b00000, 0x0000000089b00000, 0x0000000089c00000|  0%| F|  |TAMS 0x0000000089b00000, 0x0000000089b00000| Untracked 
|  88|0x0000000089c00000, 0x0000000089c00000, 0x0000000089d00000|  0%| F|  |TAMS 0x0000000089c00000, 0x0000000089c00000| Untracked 
|  89|0x0000000089d00000, 0x0000000089d00000, 0x0000000089e00000|  0%| F|  |TAMS 0x0000000089d00000, 0x0000000089d00000| Untracked 
|  90|0x0000000089e00000, 0x0000000089e00000, 0x0000000089f00000|  0%| F|  |TAMS 0x0000000089e00000, 0x0000000089e00000| Untracked 
|  91|0x0000000089f00000, 0x0000000089f00000, 0x000000008a000000|  0%| F|  |TAMS 0x0000000089f00000, 0x0000000089f00000| Untracked 
|  92|0x000000008a000000, 0x000000008a000000, 0x000000008a100000|  0%| F|  |TAMS 0x000000008a000000, 0x000000008a000000| Untracked 
|  93|0x000000008a100000, 0x000000008a100000, 0x000000008a200000|  0%| F|  |TAMS 0x000000008a100000, 0x000000008a100000| Untracked 
|  94|0x000000008a200000, 0x000000008a200000, 0x000000008a300000|  0%| F|  |TAMS 0x000000008a200000, 0x000000008a200000| Untracked 
|  95|0x000000008a300000, 0x000000008a300000, 0x000000008a400000|  0%| F|  |TAMS 0x000000008a300000, 0x000000008a300000| Untracked 
|  96|0x000000008a400000, 0x000000008a400000, 0x000000008a500000|  0%| F|  |TAMS 0x000000008a400000, 0x000000008a400000| Untracked 
|  97|0x000000008a500000, 0x000000008a500000, 0x000000008a600000|  0%| F|  |TAMS 0x000000008a500000, 0x000000008a500000| Untracked 
|  98|0x000000008a600000, 0x000000008a600000, 0x000000008a700000|  0%| F|  |TAMS 0x000000008a600000, 0x000000008a600000| Untracked 
|  99|0x000000008a700000, 0x000000008a700000, 0x000000008a800000|  0%| F|  |TAMS 0x000000008a700000, 0x000000008a700000| Untracked 
| 100|0x000000008a800000, 0x000000008a800000, 0x000000008a900000|  0%| F|  |TAMS 0x000000008a800000, 0x000000008a800000| Untracked 
| 101|0x000000008a900000, 0x000000008a900000, 0x000000008aa00000|  0%| F|  |TAMS 0x000000008a900000, 0x000000008a900000| Untracked 
| 102|0x000000008aa00000, 0x000000008aa00000, 0x000000008ab00000|  0%| F|  |TAMS 0x000000008aa00000, 0x000000008aa00000| Untracked 
| 103|0x000000008ab00000, 0x000000008ab00000, 0x000000008ac00000|  0%| F|  |TAMS 0x000000008ab00000, 0x000000008ab00000| Untracked 
| 104|0x000000008ac00000, 0x000000008ac00000, 0x000000008ad00000|  0%| F|  |TAMS 0x000000008ac00000, 0x000000008ac00000| Untracked 
| 105|0x000000008ad00000, 0x000000008ad00000, 0x000000008ae00000|  0%| F|  |TAMS 0x000000008ad00000, 0x000000008ad00000| Untracked 
| 106|0x000000008ae00000, 0x000000008ae00000, 0x000000008af00000|  0%| F|  |TAMS 0x000000008ae00000, 0x000000008ae00000| Untracked 
| 107|0x000000008af00000, 0x000000008af00000, 0x000000008b000000|  0%| F|  |TAMS 0x000000008af00000, 0x000000008af00000| Untracked 
| 108|0x000000008b000000, 0x000000008b000000, 0x000000008b100000|  0%| F|  |TAMS 0x000000008b000000, 0x000000008b000000| Untracked 
| 109|0x000000008b100000, 0x000000008b100000, 0x000000008b200000|  0%| F|  |TAMS 0x000000008b100000, 0x000000008b100000| Untracked 
| 110|0x000000008b200000, 0x000000008b200000, 0x000000008b300000|  0%| F|  |TAMS 0x000000008b200000, 0x000000008b200000| Untracked 
| 111|0x000000008b300000, 0x000000008b300000, 0x000000008b400000|  0%| F|  |TAMS 0x000000008b300000, 0x000000008b300000| Untracked 
| 112|0x000000008b400000, 0x000000008b400000, 0x000000008b500000|  0%| F|  |TAMS 0x000000008b400000, 0x000000008b400000| Untracked 
| 113|0x000000008b500000, 0x000000008b500000, 0x000000008b600000|  0%| F|  |TAMS 0x000000008b500000, 0x000000008b500000| Untracked 
| 114|0x000000008b600000, 0x000000008b600000, 0x000000008b700000|  0%| F|  |TAMS 0x000000008b600000, 0x000000008b600000| Untracked 
| 115|0x000000008b700000, 0x000000008b700000, 0x000000008b800000|  0%| F|  |TAMS 0x000000008b700000, 0x000000008b700000| Untracked 
| 116|0x000000008b800000, 0x000000008b800000, 0x000000008b900000|  0%| F|  |TAMS 0x000000008b800000, 0x000000008b800000| Untracked 
| 117|0x000000008b900000, 0x000000008b900000, 0x000000008ba00000|  0%| F|  |TAMS 0x000000008b900000, 0x000000008b900000| Untracked 
| 118|0x000000008ba00000, 0x000000008ba00000, 0x000000008bb00000|  0%| F|  |TAMS 0x000000008ba00000, 0x000000008ba00000| Untracked 
| 119|0x000000008bb00000, 0x000000008bb00000, 0x000000008bc00000|  0%| F|  |TAMS 0x000000008bb00000, 0x000000008bb00000| Untracked 
| 120|0x000000008bc00000, 0x000000008bc00000, 0x000000008bd00000|  0%| F|  |TAMS 0x000000008bc00000, 0x000000008bc00000| Untracked 
| 121|0x000000008bd00000, 0x000000008bd00000, 0x000000008be00000|  0%| F|  |TAMS 0x000000008bd00000, 0x000000008bd00000| Untracked 
| 122|0x000000008be00000, 0x000000008be00000, 0x000000008bf00000|  0%| F|  |TAMS 0x000000008be00000, 0x000000008be00000| Untracked 
| 123|0x000000008bf00000, 0x000000008bf00000, 0x000000008c000000|  0%| F|  |TAMS 0x000000008bf00000, 0x000000008bf00000| Untracked 
| 124|0x000000008c000000, 0x000000008c000000, 0x000000008c100000|  0%| F|  |TAMS 0x000000008c000000, 0x000000008c000000| Untracked 
| 125|0x000000008c100000, 0x000000008c100000, 0x000000008c200000|  0%| F|  |TAMS 0x000000008c100000, 0x000000008c100000| Untracked 
| 126|0x000000008c200000, 0x000000008c200000, 0x000000008c300000|  0%| F|  |TAMS 0x000000008c200000, 0x000000008c200000| Untracked 
| 127|0x000000008c300000, 0x000000008c300000, 0x000000008c400000|  0%| F|  |TAMS 0x000000008c300000, 0x000000008c300000| Untracked 
| 128|0x000000008c400000, 0x000000008c400000, 0x000000008c500000|  0%| F|  |TAMS 0x000000008c400000, 0x000000008c400000| Untracked 
| 129|0x000000008c500000, 0x000000008c500000, 0x000000008c600000|  0%| F|  |TAMS 0x000000008c500000, 0x000000008c500000| Untracked 
| 130|0x000000008c600000, 0x000000008c600000, 0x000000008c700000|  0%| F|  |TAMS 0x000000008c600000, 0x000000008c600000| Untracked 
| 131|0x000000008c700000, 0x000000008c700000, 0x000000008c800000|  0%| F|  |TAMS 0x000000008c700000, 0x000000008c700000| Untracked 
| 132|0x000000008c800000, 0x000000008c800000, 0x000000008c900000|  0%| F|  |TAMS 0x000000008c800000, 0x000000008c800000| Untracked 
| 133|0x000000008c900000, 0x000000008c900000, 0x000000008ca00000|  0%| F|  |TAMS 0x000000008c900000, 0x000000008c900000| Untracked 
| 134|0x000000008ca00000, 0x000000008ca00000, 0x000000008cb00000|  0%| F|  |TAMS 0x000000008ca00000, 0x000000008ca00000| Untracked 
| 135|0x000000008cb00000, 0x000000008cb00000, 0x000000008cc00000|  0%| F|  |TAMS 0x000000008cb00000, 0x000000008cb00000| Untracked 
| 136|0x000000008cc00000, 0x000000008cc00000, 0x000000008cd00000|  0%| F|  |TAMS 0x000000008cc00000, 0x000000008cc00000| Untracked 
| 137|0x000000008cd00000, 0x000000008cd00000, 0x000000008ce00000|  0%| F|  |TAMS 0x000000008cd00000, 0x000000008cd00000| Untracked 
| 138|0x000000008ce00000, 0x000000008ce00000, 0x000000008cf00000|  0%| F|  |TAMS 0x000000008ce00000, 0x000000008ce00000| Untracked 
| 139|0x000000008cf00000, 0x000000008cf00000, 0x000000008d000000|  0%| F|  |TAMS 0x000000008cf00000, 0x000000008cf00000| Untracked 
| 140|0x000000008d000000, 0x000000008d000000, 0x000000008d100000|  0%| F|  |TAMS 0x000000008d000000, 0x000000008d000000| Untracked 
| 141|0x000000008d100000, 0x000000008d100000, 0x000000008d200000|  0%| F|  |TAMS 0x000000008d100000, 0x000000008d100000| Untracked 
| 142|0x000000008d200000, 0x000000008d200000, 0x000000008d300000|  0%| F|  |TAMS 0x000000008d200000, 0x000000008d200000| Untracked 
| 143|0x000000008d300000, 0x000000008d300000, 0x000000008d400000|  0%| F|  |TAMS 0x000000008d300000, 0x000000008d300000| Untracked 
| 144|0x000000008d400000, 0x000000008d400000, 0x000000008d500000|  0%| F|  |TAMS 0x000000008d400000, 0x000000008d400000| Untracked 
| 145|0x000000008d500000, 0x000000008d500000, 0x000000008d600000|  0%| F|  |TAMS 0x000000008d500000, 0x000000008d500000| Untracked 
| 146|0x000000008d600000, 0x000000008d600000, 0x000000008d700000|  0%| F|  |TAMS 0x000000008d600000, 0x000000008d600000| Untracked 
| 147|0x000000008d700000, 0x000000008d700000, 0x000000008d800000|  0%| F|  |TAMS 0x000000008d700000, 0x000000008d700000| Untracked 
| 148|0x000000008d800000, 0x000000008d800000, 0x000000008d900000|  0%| F|  |TAMS 0x000000008d800000, 0x000000008d800000| Untracked 

Card table byte_map: [0x00000212c9e10000,0x00000212ca1f0000] _byte_map_base: 0x00000212c99ee000

Marking Bits (Prev, Next): (CMBitMap*) 0x00000212b2290528, (CMBitMap*) 0x00000212b2290560
 Prev Bits: [0x00000212ca5d0000, 0x00000212cc4c0000)
 Next Bits: [0x00000212cc4c0000, 0x00000212ce3b0000)

Polling page: 0x00000212b0260000

Metaspace:

Usage:
  Non-class:     50.94 MB capacity,    50.30 MB ( 99%) used,   504.94 KB ( <1%) free+waste,   150.19 KB ( <1%) overhead. 
      Class:      7.71 MB capacity,     7.25 MB ( 94%) used,   408.88 KB (  5%) free+waste,    69.56 KB ( <1%) overhead. 
       Both:     58.65 MB capacity,    57.54 MB ( 98%) used,   913.82 KB (  2%) free+waste,   219.75 KB ( <1%) overhead. 

Virtual space:
  Non-class space:       52.00 MB reserved,      51.00 MB ( 98%) committed 
      Class space:        1.00 GB reserved,       7.75 MB ( <1%) committed 
             Both:        1.05 GB reserved,      58.75 MB (  5%) committed 

Chunk freelists:
   Non-Class:  7.88 KB
       Class:  768 bytes
        Both:  8.63 KB

CodeHeap 'non-profiled nmethods': size=120000Kb used=3889Kb max_used=3889Kb free=116110Kb
 bounds [0x00000212c21d0000, 0x00000212c25a0000, 0x00000212c9700000]
CodeHeap 'profiled nmethods': size=120000Kb used=12128Kb max_used=12128Kb free=107871Kb
 bounds [0x00000212baca0000, 0x00000212bb880000, 0x00000212c21d0000]
CodeHeap 'non-nmethods': size=5760Kb used=1240Kb max_used=1258Kb free=4519Kb
 bounds [0x00000212ba700000, 0x00000212ba970000, 0x00000212baca0000]
 total_blobs=6104 nmethods=5509 adapters=506
 compilation: enabled
              stopped_count=0, restarted_count=0
 full_count=0

Compilation events (10 events):
Event: 21.447 Thread 0x00000212d175e800 nmethod 5515 0x00000212bb875890 code [0x00000212bb875b60, 0x00000212bb876758]
Event: 21.447 Thread 0x00000212d175e800 5516       3       net.bytebuddy.jar.asm.SymbolTable::addConstantUtf8 (98 bytes)
Event: 21.448 Thread 0x00000212d175e800 nmethod 5516 0x00000212bb876b90 code [0x00000212bb876dc0, 0x00000212bb877458]
Event: 21.448 Thread 0x00000212d175e800 5518       3       net.bytebuddy.description.type.TypeDescription$Generic$LazyProjection::getStackSize (10 bytes)
Event: 21.448 Thread 0x00000212d175e800 nmethod 5518 0x00000212bb877810 code [0x00000212bb8779c0, 0x00000212bb877c38]
Event: 21.448 Thread 0x00000212d175e800 5517       1       net.bytebuddy.implementation.bytecode.collection.ArrayFactory::access$000 (5 bytes)
Event: 21.448 Thread 0x00000212d175e800 nmethod 5517 0x00000212c259c310 code [0x00000212c259c4a0, 0x00000212c259c538]
Event: 21.451 Thread 0x00000212d175e800 5519       3       net.bytebuddy.jar.asm.ByteVector::putShort (52 bytes)
Event: 21.451 Thread 0x00000212d175e800 nmethod 5519 0x00000212bb877d10 code [0x00000212bb877ec0, 0x00000212bb8780c8]
Event: 21.475 Thread 0x00000212d175e800 5520   !   3       org.hibernate.service.internal.AbstractServiceRegistryImpl::getService (119 bytes)

GC Heap History (10 events):
Event: 2.483 GC heap after
{Heap after GC invocations=5 (full 0):
 garbage-first heap   total 126976K, used 15295K [0x0000000084400000, 0x0000000100000000)
  region size 1024K, 5 young (5120K), 5 survivors (5120K)
 Metaspace       used 27698K, capacity 28347K, committed 28544K, reserved 1075200K
  class space    used 3208K, capacity 3436K, committed 3456K, reserved 1048576K
}
Event: 2.974 GC heap before
{Heap before GC invocations=5 (full 0):
 garbage-first heap   total 126976K, used 84927K [0x0000000084400000, 0x0000000100000000)
  region size 1024K, 74 young (75776K), 5 survivors (5120K)
 Metaspace       used 29825K, capacity 30564K, committed 30720K, reserved 1077248K
  class space    used 3453K, capacity 3732K, committed 3840K, reserved 1048576K
}
Event: 2.981 GC heap after
{Heap after GC invocations=6 (full 0):
 garbage-first heap   total 152576K, used 16877K [0x0000000084400000, 0x0000000100000000)
  region size 1024K, 7 young (7168K), 7 survivors (7168K)
 Metaspace       used 29825K, capacity 30564K, committed 30720K, reserved 1077248K
  class space    used 3453K, capacity 3732K, committed 3840K, reserved 1048576K
}
Event: 3.900 GC heap before
{Heap before GC invocations=6 (full 0):
 garbage-first heap   total 152576K, used 100845K [0x0000000084400000, 0x0000000100000000)
  region size 1024K, 89 young (91136K), 7 survivors (7168K)
 Metaspace       used 34693K, capacity 35511K, committed 35712K, reserved 1081344K
  class space    used 4136K, capacity 4464K, committed 4480K, reserved 1048576K
}
Event: 3.908 GC heap after
{Heap after GC invocations=7 (full 0):
 garbage-first heap   total 152576K, used 19425K [0x0000000084400000, 0x0000000100000000)
  region size 1024K, 9 young (9216K), 9 survivors (9216K)
 Metaspace       used 34693K, capacity 35511K, committed 35712K, reserved 1081344K
  class space    used 4136K, capacity 4464K, committed 4480K, reserved 1048576K
}
Event: 3.978 GC heap before
{Heap before GC invocations=7 (full 0):
 garbage-first heap   total 152576K, used 22497K [0x0000000084400000, 0x0000000100000000)
  region size 1024K, 13 young (13312K), 9 survivors (9216K)
 Metaspace       used 34871K, capacity 35698K, committed 35840K, reserved 1081344K
  class space    used 4159K, capacity 4504K, committed 4608K, reserved 1048576K
}
Event: 3.986 GC heap after
{Heap after GC invocations=8 (full 0):
 garbage-first heap   total 152576K, used 19480K [0x0000000084400000, 0x0000000100000000)
  region size 1024K, 7 young (7168K), 7 survivors (7168K)
 Metaspace       used 34871K, capacity 35698K, committed 35840K, reserved 1081344K
  class space    used 4159K, capacity 4504K, committed 4608K, reserved 1048576K
}
Event: 5.948 GC heap before
{Heap before GC invocations=9 (full 0):
 garbage-first heap   total 152576K, used 103448K [0x0000000084400000, 0x0000000100000000)
  region size 1024K, 89 young (91136K), 7 survivors (7168K)
 Metaspace       used 46141K, capacity 47239K, committed 47488K, reserved 1091584K
  class space    used 5741K, capacity 6196K, committed 6272K, reserved 1048576K
}
Event: 5.957 GC heap after
{Heap after GC invocations=10 (full 0):
 garbage-first heap   total 152576K, used 23320K [0x0000000084400000, 0x0000000100000000)
  region size 1024K, 10 young (10240K), 10 survivors (10240K)
 Metaspace       used 46141K, capacity 47239K, committed 47488K, reserved 1091584K
  class space    used 5741K, capacity 6196K, committed 6272K, reserved 1048576K
}
Event: 21.476 GC heap before
{Heap before GC invocations=10 (full 0):
 garbage-first heap   total 152576K, used 98072K [0x0000000084400000, 0x0000000100000000)
  region size 1024K, 84 young (86016K), 10 survivors (10240K)
 Metaspace       used 58925K, capacity 60059K, committed 60160K, reserved 1101824K
  class space    used 7419K, capacity 7898K, committed 7936K, reserved 1048576K
}

Deoptimization events (10 events):
Event: 10.903 Thread 0x00000212d2a51000 Uncommon trap: reason=unstable_if action=reinterpret pc=0x00000212c24c5180 method=java.lang.StringCoding.decode(Ljava/nio/charset/Charset;[BII)Ljava/lang/StringCoding$Result; @ 4 c2
Event: 10.991 Thread 0x00000212d2a51000 Uncommon trap: reason=class_check action=maybe_recompile pc=0x00000212c24d9e48 method=java.util.regex.Matcher.search(I)Z @ 121 c2
Event: 10.991 Thread 0x00000212d2a51000 Uncommon trap: reason=class_check action=maybe_recompile pc=0x00000212c24d9e48 method=java.util.regex.Matcher.search(I)Z @ 121 c2
Event: 10.991 Thread 0x00000212d2a51000 Uncommon trap: reason=class_check action=maybe_recompile pc=0x00000212c24d9e48 method=java.util.regex.Matcher.search(I)Z @ 121 c2
Event: 10.991 Thread 0x00000212d2a51000 Uncommon trap: reason=class_check action=maybe_recompile pc=0x00000212c24d9e48 method=java.util.regex.Matcher.search(I)Z @ 121 c2
Event: 11.006 Thread 0x00000212d2a51000 Uncommon trap: reason=unstable_if action=reinterpret pc=0x00000212c2379c58 method=java.lang.StringLatin1.compareToCI([B[B)I @ 31 c2
Event: 11.154 Thread 0x00000212d558c000 Uncommon trap: reason=unstable_if action=reinterpret pc=0x00000212c2296144 method=java.util.HashMap.getNode(ILjava/lang/Object;)Ljava/util/HashMap$Node; @ 84 c2
Event: 20.525 Thread 0x00000212d2a51000 Uncommon trap: reason=unstable_if action=reinterpret pc=0x00000212c23b650c method=java.util.jar.JarFile.maybeInstantiateVerifier()V @ 4 c2
Event: 20.630 Thread 0x00000212d18a0800 Uncommon trap: reason=class_check action=maybe_recompile pc=0x00000212c2476878 method=java.util.concurrent.ConcurrentHashMap.putVal(Ljava/lang/Object;Ljava/lang/Object;Z)Ljava/lang/Object; @ 159 c2
Event: 20.631 Thread 0x00000212d18a0800 Uncommon trap: reason=speculate_null_assert action=make_not_entrant pc=0x00000212c23e5f50 method=java.lang.invoke.MethodType$ConcurrentWeakInternSet.add(Ljava/lang/Object;)Ljava/lang/Object; @ 47 c2

Classes redefined (0 events):
No events

Internal exceptions (10 events):
Event: 5.676 Thread 0x00000212d2a51000 Exception <a 'java/lang/NoSuchMethodError'{0x0000000088b48360}: java.lang.invoke.DirectMethodHandle$Holder.invokeStaticInit(Ljava/lang/Object;Ljava/lang/Object;IIII)Ljava/lang/Object;> (0x0000000088b48360) thrown at [./open/src/hotspot/share/interpreter/l
Event: 10.510 Thread 0x00000212d2a51000 Exception <a 'sun/nio/fs/WindowsException'{0x000000008d8f4ff8}> (0x000000008d8f4ff8) thrown at [./open/src/hotspot/share/prims/jni.cpp, line 611]
Event: 10.526 Thread 0x00000212d2a51000 Exception <a 'java/lang/NoSuchMethodError'{0x000000008d71db40}: java.lang.invoke.DirectMethodHandle$Holder.invokeStaticInit(Ljava/lang/Object;Ljava/lang/Object;Ljava/lang/Object;Ljava/lang/Object;)I> (0x000000008d71db40) thrown at [./open/src/hotspot/shar
Event: 20.515 Thread 0x00000212d558c000 Exception <a 'sun/net/ConnectionResetException'{0x000000008bdfa400}: > (0x000000008bdfa400) thrown at [./open/src/hotspot/share/prims/jni.cpp, line 632]
Event: 20.527 Thread 0x00000212d2a51000 Exception <a 'java/lang/NoSuchMethodError'{0x000000008ca61c48}: java.lang.invoke.DirectMethodHandle$Holder.invokeStaticInit(Ljava/lang/Object;Ljava/lang/Object;Ljava/lang/Object;Ljava/lang/Object;)Ljava/lang/Object;> (0x000000008ca61c48) thrown at [./open
Event: 20.563 Thread 0x00000212d2a51000 Exception <a 'java/lang/NoClassDefFoundError'{0x000000008bc91f80}: sun/reflect/Reflection> (0x000000008bc91f80) thrown at [./open/src/hotspot/share/classfile/systemDictionary.cpp, line 217]
Event: 20.631 Thread 0x00000212d558c000 Exception <a 'sun/net/ConnectionResetException'{0x000000008b90dab0}: > (0x000000008b90dab0) thrown at [./open/src/hotspot/share/prims/jni.cpp, line 632]
Event: 20.843 Thread 0x00000212d558c000 Exception <a 'java/net/SocketException'{0x000000008b9124f0}: Software caused connection abort: recv failed> (0x000000008b9124f0) thrown at [./open/src/hotspot/share/prims/jni.cpp, line 632]
Event: 20.898 Thread 0x00000212d2a51000 Exception <a 'java/lang/NoSuchMethodError'{0x000000008ac6f178}: java.lang.invoke.DirectMethodHandle$Holder.newInvokeSpecial(Ljava/lang/Object;Ljava/lang/Object;ILjava/lang/Object;Ljava/lang/Object;)Ljava/lang/Object;> (0x000000008ac6f178) thrown at [./ope
Event: 21.246 Thread 0x00000212d558c000 Exception <a 'sun/net/ConnectionResetException'{0x000000008b9168b8}: > (0x000000008b9168b8) thrown at [./open/src/hotspot/share/prims/jni.cpp, line 632]

Events (10 events):
Event: 21.474 loading class org/hibernate/classic/Lifecycle done
Event: 21.474 loading class org/hibernate/engine/internal/MutableEntityEntryFactory
Event: 21.474 loading class org/hibernate/engine/internal/MutableEntityEntryFactory done
Event: 21.474 loading class org/hibernate/engine/spi/EntityEntry
Event: 21.474 loading class org/hibernate/engine/spi/EntityEntry done
Event: 21.475 loading class org/hibernate/persister/entity/BasicEntityPropertyMapping
Event: 21.475 loading class org/hibernate/persister/entity/BasicEntityPropertyMapping done
Event: 21.475 loading class org/hibernate/persister/entity/AbstractPropertyMapping
Event: 21.475 loading class org/hibernate/persister/entity/AbstractPropertyMapping done
Event: 21.476 Executing VM operation: CollectForMetadataAllocation


Dynamic libraries:
0x00007ff711680000 - 0x00007ff71168f000 	C:\Program Files\Java\jdk-11.0.12\bin\java.exe
0x00007ffa54210000 - 0x00007ffa54405000 	C:\Windows\SYSTEM32\ntdll.dll
0x00007ffa52af0000 - 0x00007ffa52bae000 	C:\Windows\System32\KERNEL32.DLL
0x00007ffa51c60000 - 0x00007ffa51f29000 	C:\Windows\System32\KERNELBASE.dll
0x00007ffa52050000 - 0x00007ffa52150000 	C:\Windows\System32\ucrtbase.dll
0x00007ffa2bcf0000 - 0x00007ffa2bd05000 	C:\Program Files\Java\jdk-11.0.12\bin\VCRUNTIME140.dll
0x00007ffa26330000 - 0x00007ffa26348000 	C:\Program Files\Java\jdk-11.0.12\bin\jli.dll
0x00007ffa54120000 - 0x00007ffa541cc000 	C:\Windows\System32\ADVAPI32.dll
0x00007ffa52540000 - 0x00007ffa525de000 	C:\Windows\System32\msvcrt.dll
0x00007ffa534c0000 - 0x00007ffa5355b000 	C:\Windows\System32\sechost.dll
0x00007ffa527a0000 - 0x00007ffa528ca000 	C:\Windows\System32\RPCRT4.dll
0x00007ffa528d0000 - 0x00007ffa52a71000 	C:\Windows\System32\USER32.dll
0x00007ffa3fda0000 - 0x00007ffa4003a000 	C:\Windows\WinSxS\amd64_microsoft.windows.common-controls_6595b64144ccf1df_6.0.19041.1110_none_60b5254171f9507e\COMCTL32.dll
0x00007ffa51af0000 - 0x00007ffa51b12000 	C:\Windows\System32\win32u.dll
0x00007ffa52260000 - 0x00007ffa5228b000 	C:\Windows\System32\GDI32.dll
0x00007ffa52150000 - 0x00007ffa5225b000 	C:\Windows\System32\gdi32full.dll
0x00007ffa51f30000 - 0x00007ffa51fcd000 	C:\Windows\System32\msvcp_win.dll
0x00007ffa46a40000 - 0x00007ffa46a4a000 	C:\Windows\SYSTEM32\VERSION.dll
0x00007ffa52360000 - 0x00007ffa52390000 	C:\Windows\System32\IMM32.DLL
0x00007ffa48750000 - 0x00007ffa487eb000 	C:\Program Files\Java\jdk-11.0.12\bin\msvcp140.dll
0x00007ff9fe780000 - 0x00007ff9ff27f000 	C:\Program Files\Java\jdk-11.0.12\bin\server\jvm.dll
0x00007ffa53d30000 - 0x00007ffa53d38000 	C:\Windows\System32\PSAPI.DLL
0x00007ffa2f1d0000 - 0x00007ffa2f1f7000 	C:\Windows\SYSTEM32\WINMM.dll
0x00007ffa41000000 - 0x00007ffa41009000 	C:\Windows\SYSTEM32\WSOCK32.dll
0x00007ffa52a80000 - 0x00007ffa52aeb000 	C:\Windows\System32\WS2_32.dll
0x00007ffa50200000 - 0x00007ffa50212000 	C:\Windows\SYSTEM32\kernel.appcore.dll
0x00007ffa2c170000 - 0x00007ffa2c180000 	C:\Program Files\Java\jdk-11.0.12\bin\verify.dll
0x00007ffa4f3c0000 - 0x00007ffa4f5a4000 	C:\Windows\SYSTEM32\DBGHELP.DLL
0x00007ffa2de20000 - 0x00007ffa2de4c000 	C:\Windows\SYSTEM32\dbgcore.DLL
0x00007ffa51bd0000 - 0x00007ffa51c53000 	C:\Windows\System32\bcryptPrimitives.dll
0x00007ffa1db60000 - 0x00007ffa1db88000 	C:\Program Files\Java\jdk-11.0.12\bin\java.dll
0x00007ffa2bca0000 - 0x00007ffa2bcaa000 	C:\Program Files\Java\jdk-11.0.12\bin\jimage.dll
0x00007ffa1eb50000 - 0x00007ffa1eb66000 	C:\Program Files\Java\jdk-11.0.12\bin\zip.dll
0x00007ffa52d80000 - 0x00007ffa534bf000 	C:\Windows\System32\SHELL32.dll
0x00007ffa4fa10000 - 0x00007ffa501a0000 	C:\Windows\SYSTEM32\windows.storage.dll
0x00007ffa53dc0000 - 0x00007ffa54115000 	C:\Windows\System32\combase.dll
0x00007ffa51380000 - 0x00007ffa513ac000 	C:\Windows\SYSTEM32\Wldp.dll
0x00007ffa53740000 - 0x00007ffa537ed000 	C:\Windows\System32\SHCORE.dll
0x00007ffa53560000 - 0x00007ffa535b5000 	C:\Windows\System32\shlwapi.dll
0x00007ffa51870000 - 0x00007ffa5188f000 	C:\Windows\SYSTEM32\profapi.dll
0x00007ffa48810000 - 0x00007ffa48829000 	C:\Program Files\Java\jdk-11.0.12\bin\net.dll
0x00007ffa4db40000 - 0x00007ffa4dc48000 	C:\Windows\SYSTEM32\WINHTTP.dll
0x00007ffa510e0000 - 0x00007ffa5114a000 	C:\Windows\system32\mswsock.dll
0x00007ffa487f0000 - 0x00007ffa48802000 	C:\Program Files\Java\jdk-11.0.12\bin\nio.dll
0x00007ffa48740000 - 0x00007ffa48749000 	C:\Program Files\Java\jdk-11.0.12\bin\management.dll
0x00007ffa48730000 - 0x00007ffa4873b000 	C:\Program Files\Java\jdk-11.0.12\bin\management_ext.dll
0x00007ff9f3520000 - 0x00007ff9f3537000 	C:\Windows\system32\napinsp.dll
0x00007ff9f3500000 - 0x00007ff9f351b000 	C:\Windows\system32\pnrpnsp.dll
0x00007ffa4dde0000 - 0x00007ffa4ddf5000 	C:\Windows\system32\wshbth.dll
0x00007ffa4db20000 - 0x00007ffa4db3d000 	C:\Windows\system32\NLAapi.dll
0x00007ffa50d80000 - 0x00007ffa50dbb000 	C:\Windows\SYSTEM32\IPHLPAPI.DLL
0x00007ffa50dc0000 - 0x00007ffa50e8c000 	C:\Windows\SYSTEM32\DNSAPI.dll
0x00007ffa52ce0000 - 0x00007ffa52ce8000 	C:\Windows\System32\NSI.dll
0x00007ff9f34e0000 - 0x00007ff9f34f2000 	C:\Windows\System32\winrnr.dll
0x00007ffa46800000 - 0x00007ffa4680a000 	C:\Windows\System32\rasadhlp.dll
0x00007ffa43fb0000 - 0x00007ffa4402f000 	C:\Windows\System32\fwpuclnt.dll
0x00007ffa52020000 - 0x00007ffa52047000 	C:\Windows\System32\bcrypt.dll
0x00007ffa512e0000 - 0x00007ffa512f8000 	C:\Windows\SYSTEM32\CRYPTSP.dll
0x00007ffa509f0000 - 0x00007ffa50a24000 	C:\Windows\system32\rsaenh.dll
0x00007ffa51830000 - 0x00007ffa5185e000 	C:\Windows\SYSTEM32\USERENV.dll
0x00007ffa512d0000 - 0x00007ffa512dc000 	C:\Windows\SYSTEM32\CRYPTBASE.dll
0x00007ffa46970000 - 0x00007ffa46987000 	C:\Windows\SYSTEM32\dhcpcsvc6.DLL
0x00007ffa467e0000 - 0x00007ffa467fd000 	C:\Windows\SYSTEM32\dhcpcsvc.DLL
0x00007ffa39a50000 - 0x00007ffa39a5d000 	C:\Program Files\Java\jdk-11.0.12\bin\sunmscapi.dll
0x00007ffa51930000 - 0x00007ffa51a86000 	C:\Windows\System32\CRYPT32.dll
0x00007ffa513f0000 - 0x00007ffa51417000 	C:\Windows\SYSTEM32\ncrypt.dll
0x00007ffa513b0000 - 0x00007ffa513eb000 	C:\Windows\SYSTEM32\NTASN1.dll
0x00007ffa26250000 - 0x00007ffa26275000 	C:\Program Files\Java\jdk-11.0.12\bin\sunec.dll

dbghelp: loaded successfully - version: 4.0.5 - missing functions: none
symbol engine: initialized successfully - sym options: 0x614 - pdb path: .;C:\Program Files\Java\jdk-11.0.12\bin;C:\Windows\SYSTEM32;C:\Windows\WinSxS\amd64_microsoft.windows.common-controls_6595b64144ccf1df_6.0.19041.1110_none_60b5254171f9507e;C:\Program Files\Java\jdk-11.0.12\bin\server

VM Arguments:
java_command: com.backend.WorkerConsoleCalculateGeocerca.WorkerCalculateGeocerca
java_class_path (initial): D:\Josue\Proyectos\geosatelital\backend\BackendPlatin\platin\target\classes;C:\Users\FAMLETO\.m2\repository\org\springframework\boot\spring-boot-starter-data-jpa\2.5.3\spring-boot-starter-data-jpa-2.5.3.jar;C:\Users\FAMLETO\.m2\repository\org\springframework\boot\spring-boot-starter-aop\2.5.3\spring-boot-starter-aop-2.5.3.jar;C:\Users\FAMLETO\.m2\repository\org\aspectj\aspectjweaver\1.9.7\aspectjweaver-1.9.7.jar;C:\Users\FAMLETO\.m2\repository\org\springframework\boot\spring-boot-starter-jdbc\2.5.3\spring-boot-starter-jdbc-2.5.3.jar;C:\Users\FAMLETO\.m2\repository\com\zaxxer\HikariCP\4.0.3\HikariCP-4.0.3.jar;C:\Users\FAMLETO\.m2\repository\org\springframework\spring-jdbc\5.3.9\spring-jdbc-5.3.9.jar;C:\Users\FAMLETO\.m2\repository\jakarta\transaction\jakarta.transaction-api\1.3.3\jakarta.transaction-api-1.3.3.jar;C:\Users\FAMLETO\.m2\repository\jakarta\persistence\jakarta.persistence-api\2.2.3\jakarta.persistence-api-2.2.3.jar;C:\Users\FAMLETO\.m2\repository\org\hibernate\hibernate-core\5.4.32.Final\hibernate-core-5.4.32.Final.jar;C:\Users\FAMLETO\.m2\repository\org\jboss\logging\jboss-logging\3.4.2.Final\jboss-logging-3.4.2.Final.jar;C:\Users\FAMLETO\.m2\repository\net\bytebuddy\byte-buddy\1.10.22\byte-buddy-1.10.22.jar;C:\Users\FAMLETO\.m2\repository\antlr\antlr\2.7.7\antlr-2.7.7.jar;C:\Users\FAMLETO\.m2\repository\org\jboss\jandex\2.2.3.Final\jandex-2.2.3.Final.jar;C:\Users\FAMLETO\.m2\repository\org\dom4j\dom4j\2.1.3\dom4j-2.1.3.jar;C:\Users\FAMLETO\.m2\repository\org\hibernate\common\hibernate-commons-annotations\5.1.2.Final\hibernate-commons-annotations-5.1.2.Final.jar;C:\Users\FAMLETO\.m2\repository\org\glassfish\jaxb\jaxb-runtime\2.3.4\jaxb-runtime-2.3.4.jar;C:\Users\FAMLETO\.m2\repository\org\glassfish\jaxb\txw2\2.3.4\txw2-2.3.4.jar;C:\Users\FAMLETO\.m2\repository\com\sun\istack\istack-commons-runtime\3.0.12\istack-commons-runtime-3.0.12.jar;C:\Users\FAMLETO\.m2\repository\org\springframework\data\spring-data-jpa\2.5.3\spring-dat
Launcher Type: SUN_STANDARD

[Global flags]
     intx CICompilerCount                          = 4                                         {product} {ergonomic}
     uint ConcGCThreads                            = 2                                         {product} {ergonomic}
     uint G1ConcRefinementThreads                  = 8                                         {product} {ergonomic}
   size_t G1HeapRegionSize                         = 1048576                                   {product} {ergonomic}
    uintx GCDrainStackTargetSize                   = 64                                        {product} {ergonomic}
   size_t InitialHeapSize                          = 130023424                                 {product} {ergonomic}
   size_t MarkStackSize                            = 4194304                                   {product} {ergonomic}
   size_t MaxHeapSize                              = 2076180480                                {product} {ergonomic}
   size_t MaxNewSize                               = 1245708288                                {product} {ergonomic}
   size_t MinHeapDeltaBytes                        = 1048576                                   {product} {ergonomic}
    uintx NonNMethodCodeHeapSize                   = 5836300                                {pd product} {ergonomic}
    uintx NonProfiledCodeHeapSize                  = 122910970                              {pd product} {ergonomic}
    uintx ProfiledCodeHeapSize                     = 122910970                              {pd product} {ergonomic}
    uintx ReservedCodeCacheSize                    = 251658240                              {pd product} {ergonomic}
     bool SegmentedCodeCache                       = true                                      {product} {ergonomic}
     bool UseCompressedClassPointers               = true                                 {lp64_product} {ergonomic}
     bool UseCompressedOops                        = true                                 {lp64_product} {ergonomic}
     bool UseG1GC                                  = true                                      {product} {ergonomic}
     bool UseLargePagesIndividualAllocation        = false                                  {pd product} {ergonomic}

Logging:
Log output configuration:
 #0: stdout all=warning uptime,level,tags
 #1: stderr all=off uptime,level,tags

Environment Variables:
JAVA_HOME=C:\Program Files\Java\jdk-11.0.12
PATH=C:\Program Files\Microsoft MPI\Bin\;C:\Program Files (x86)\VMware\VMware Workstation\bin\;C:\Windows\system32;C:\Windows;C:\Windows\System32\Wbem;C:\Windows\System32\WindowsPowerShell\v1.0\;C:\Windows\System32\OpenSSH\;C:\Program Files\Git\cmd;C:\Program Files\Java\jdk-11.0.12\bin;D:\Josue\instaladores\maven\apache-maven-3.8.2\bin;C:\nsq-1.2.1.windows-amd64.go1.16.6\bin;C:\Program Files\nodejs\;C:\Program Files\Redis\;C:\Program Files (x86)\Microsoft SQL Server\140\Tools\Binn\;C:\Program Files\Microsoft SQL Server\140\Tools\Binn\;C:\Program Files (x86)\Microsoft SQL Server\140\DTS\Binn\;C:\Program Files\Microsoft SQL Server\140\DTS\Binn\;C:\Program Files\Microsoft SQL Server\Client SDK\ODBC\130\Tools\Binn\;C:\Program Files\Azure Data Studio\bin;C:\Program Files\dotnet\;C:\Program Files\Microsoft SQL Server\130\Tools\Binn\;C:\Program Files\Microsoft SQL Server\Client SDK\ODBC\170\Tools\Binn\;C:\Users\FAMLETO\AppData\Local\Microsoft\WindowsApps;;C:\Users\FAMLETO\AppData\Local\Programs\Microsoft VS Code\bin;C:\Users\FAMLETO\AppData\Roaming\npm;C:\Program Files\JetBrains\IntelliJ IDEA Community Edition 2021.2\bin;;C:\Program Files\Azure Data Studio\bin;C:\Users\FAMLETO\.dotnet\tools
USERNAME=FAMLETO
OS=Windows_NT
PROCESSOR_IDENTIFIER=Intel64 Family 6 Model 140 Stepping 1, GenuineIntel



---------------  S Y S T E M  ---------------

OS: Windows 10 , 64 bit Build 19041 (10.0.19041.1202)

CPU:total 8 (initial active 8) (4 cores per cpu, 2 threads per core) family 6 model 140 stepping 1 microcode 0x86, cmov, cx8, fxsr, mmx, sse, sse2, sse3, ssse3, sse4.1, sse4.2, popcnt, avx, avx2, aes, clmul, erms, 3dnowpref, lzcnt, ht, tsc, tscinvbit, bmi1, bmi2, adx, evex, sha, fma

Memory: 4k page, system-wide physical 7918M (780M free)
TotalPageFile size 15231M (AvailPageFile size 26M)
current process WorkingSet (physical memory assigned to process): 284M, peak: 305M
current process commit charge ("private bytes"): 351M, peak: 380M

vm_info: Java HotSpot(TM) 64-Bit Server VM (11.0.12+8-LTS-237) for windows-amd64 JRE (11.0.12+8-LTS-237), built on Jun  8 2021 11:25:59 by "mach5one" with MS VC++ 15.9 (VS2017)

END.
