#
# There is insufficient memory for the Java Runtime Environment to continue.
# Native memory allocation (mmap) failed to map 130023424 bytes for Failed to commit area from 0x0000000084400000 to 0x000000008c000000 of length 130023424.
# Possible reasons:
#   The system is out of physical RAM or swap space
#   The process is running with CompressedOops enabled, and the Java Heap may be blocking the growth of the native heap
# Possible solutions:
#   Reduce memory load on the system
#   Increase physical memory or swap space
#   Check if swap backing store is full
#   Decrease Java heap size (-Xmx/-Xms)
#   Decrease number of Java threads
#   Decrease Java thread stack sizes (-Xss)
#   Set larger code cache with -XX:ReservedCodeCacheSize=
# This output file may be truncated or incomplete.
#
#  Out of Memory Error (./open/src/hotspot/os/windows/os_windows.cpp:3273), pid=17320, tid=19540
#
# JRE version:  (11.0.12+8) (build )
# Java VM: Java HotSpot(TM) 64-Bit Server VM (11.0.12+8-LTS-237, mixed mode, sharing, tiered, compressed oops, g1 gc, windows-amd64)
# No core dump will be written. Minidumps are not enabled by default on client versions of Windows
#

---------------  S U M M A R Y ------------

Command Line: com.backend.ingest.PlatinApplication

Host: 11th Gen Intel(R) Core(TM) i7-1165G7 @ 2.80GHz, 8 cores, 7G,  Windows 10 , 64 bit Build 19041 (10.0.19041.1202)
Time: Mon Oct 25 17:04:19 2021 Hora est. Pacífico, Sudamérica elapsed time: 0.006730 seconds (0d 0h 0m 0s)

---------------  T H R E A D  ---------------

Current thread (0x0000018a2eb95000):  JavaThread "Unknown thread" [_thread_in_vm, id=19540, stack(0x000000039b600000,0x000000039b700000)]

Stack: [0x000000039b600000,0x000000039b700000]
Native frames: (J=compiled Java code, j=interpreted, Vv=VM code, C=native code)
V  [jvm.dll+0x617d9a]
V  [jvm.dll+0x74eeef]
V  [jvm.dll+0x750599]
V  [jvm.dll+0x750c23]
V  [jvm.dll+0x2438d8]
V  [jvm.dll+0x61518a]
V  [jvm.dll+0x609f45]
V  [jvm.dll+0x2f85cc]
V  [jvm.dll+0x2f8452]
V  [jvm.dll+0x2fd106]
V  [jvm.dll+0x33f6ef]
V  [jvm.dll+0x33f120]
V  [jvm.dll+0x2d5ca8]
V  [jvm.dll+0x2d6e06]
V  [jvm.dll+0x72a977]
V  [jvm.dll+0x72c21f]
V  [jvm.dll+0x34c469]
V  [jvm.dll+0x710400]
V  [jvm.dll+0x3b5baf]
V  [jvm.dll+0x3b7cb1]
C  [jli.dll+0x520b]
C  [ucrtbase.dll+0x21bb2]
C  [KERNEL32.DLL+0x17034]
C  [ntdll.dll+0x52651]


---------------  P R O C E S S  ---------------

Threads class SMR info:
_java_thread_list=0x0000018a2ca531b0, length=0, elements={
}

Java Threads: ( => current thread )

Other Threads:
  0x0000018a2eba9000 GCTaskThread "GC Thread#0" [stack: 0x000000039b700000,0x000000039b800000] [id=18608]
  0x0000018a2ebd6000 ConcurrentGCThread "G1 Main Marker" [stack: 0x000000039b800000,0x000000039b900000] [id=15264]
  0x0000018a2ebd7800 ConcurrentGCThread "G1 Conc#0" [stack: 0x000000039b900000,0x000000039ba00000] [id=18060]

[error occurred during error reporting (printing all threads), id 0xc0000005, EXCEPTION_ACCESS_VIOLATION (0xc0000005) at pc=0x00007fff58544f37]

VM state:not at safepoint (not fully initialized)

VM Mutex/Monitor currently owned by a thread:  ([mutex/lock_event])
[0x0000018a2eb91640] Heap_lock - owner thread: 0x0000018a2eb95000

Heap address: 0x0000000084400000, size: 1980 MB, Compressed Oops mode: Non-zero based: 0x0000000084400000
Narrow klass base: 0x0000000000000000, Narrow klass shift: 0

GC Heap History (0 events):
No events

Deoptimization events (0 events):
No events

Classes redefined (0 events):
No events

Internal exceptions (0 events):
No events

Events (0 events):
No events


Dynamic libraries:
0x00007ff709280000 - 0x00007ff70928f000 	C:\Program Files\Java\jdk-11.0.12\bin\java.exe
0x00007fffca270000 - 0x00007fffca465000 	C:\Windows\SYSTEM32\ntdll.dll
0x00007fffc9460000 - 0x00007fffc951e000 	C:\Windows\System32\KERNEL32.DLL
0x00007fffc7da0000 - 0x00007fffc8069000 	C:\Windows\System32\KERNELBASE.dll
0x00007fffc8070000 - 0x00007fffc8170000 	C:\Windows\System32\ucrtbase.dll
0x00007fffb2570000 - 0x00007fffb2585000 	C:\Program Files\Java\jdk-11.0.12\bin\VCRUNTIME140.dll
0x00007fffae470000 - 0x00007fffae488000 	C:\Program Files\Java\jdk-11.0.12\bin\jli.dll
0x00007fffc9980000 - 0x00007fffc9a2c000 	C:\Windows\System32\ADVAPI32.dll
0x00007fffc8550000 - 0x00007fffc85ee000 	C:\Windows\System32\msvcrt.dll
0x00007fffc84b0000 - 0x00007fffc854b000 	C:\Windows\System32\sechost.dll
0x00007fffc97e0000 - 0x00007fffc990a000 	C:\Windows\System32\RPCRT4.dll
0x00007fffc9630000 - 0x00007fffc97d1000 	C:\Windows\System32\USER32.dll
0x00007fffa0d10000 - 0x00007fffa0faa000 	C:\Windows\WinSxS\amd64_microsoft.windows.common-controls_6595b64144ccf1df_6.0.19041.1110_none_60b5254171f9507e\COMCTL32.dll
0x00007fffc8200000 - 0x00007fffc8222000 	C:\Windows\System32\win32u.dll
0x00007fffc9580000 - 0x00007fffc95ab000 	C:\Windows\System32\GDI32.dll
0x00007fffc7a80000 - 0x00007fffc7b8b000 	C:\Windows\System32\gdi32full.dll
0x00007fffc79e0000 - 0x00007fffc7a7d000 	C:\Windows\System32\msvcp_win.dll
0x00007fffbb1f0000 - 0x00007fffbb1fa000 	C:\Windows\SYSTEM32\VERSION.dll
0x00007fffc8480000 - 0x00007fffc84b0000 	C:\Windows\System32\IMM32.DLL
0x00007fff7e480000 - 0x00007fff7e51b000 	C:\Program Files\Java\jdk-11.0.12\bin\msvcp140.dll
0x00007fff58260000 - 0x00007fff58d5f000 	C:\Program Files\Java\jdk-11.0.12\bin\server\jvm.dll
0x00007fffc9330000 - 0x00007fffc9338000 	C:\Windows\System32\PSAPI.DLL
0x00007fffa7530000 - 0x00007fffa7557000 	C:\Windows\SYSTEM32\WINMM.dll
0x00007fffc2fe0000 - 0x00007fffc2fe9000 	C:\Windows\SYSTEM32\WSOCK32.dll
0x00007fffc9ac0000 - 0x00007fffc9b2b000 	C:\Windows\System32\WS2_32.dll
0x00007fffc6260000 - 0x00007fffc6272000 	C:\Windows\SYSTEM32\kernel.appcore.dll
0x00007fffb2450000 - 0x00007fffb2460000 	C:\Program Files\Java\jdk-11.0.12\bin\verify.dll
0x00007fffc5460000 - 0x00007fffc5644000 	C:\Windows\SYSTEM32\DBGHELP.DLL
0x00007fffa6690000 - 0x00007fffa66bc000 	C:\Windows\SYSTEM32\dbgcore.DLL
0x00007fffc8230000 - 0x00007fffc82b3000 	C:\Windows\System32\bcryptPrimitives.dll
0x00007fff9ede0000 - 0x00007fff9ee08000 	C:\Program Files\Java\jdk-11.0.12\bin\java.dll
0x00007fffae490000 - 0x00007fffae49a000 	C:\Program Files\Java\jdk-11.0.12\bin\jimage.dll
0x00007fffa8790000 - 0x00007fffa87a6000 	C:\Program Files\Java\jdk-11.0.12\bin\zip.dll

dbghelp: loaded successfully - version: 4.0.5 - missing functions: none
symbol engine: initialized successfully - sym options: 0x614 - pdb path: .;C:\Program Files\Java\jdk-11.0.12\bin;C:\Windows\SYSTEM32;C:\Windows\WinSxS\amd64_microsoft.windows.common-controls_6595b64144ccf1df_6.0.19041.1110_none_60b5254171f9507e;C:\Program Files\Java\jdk-11.0.12\bin\server

VM Arguments:
java_command: com.backend.ingest.PlatinApplication
java_class_path (initial): D:\Josue\Proyectos\geosatelital\backend\BackendPlatin\platin\target\classes;C:\Users\FAMLETO\.m2\repository\org\springframework\boot\spring-boot-starter-data-jpa\2.5.3\spring-boot-starter-data-jpa-2.5.3.jar;C:\Users\FAMLETO\.m2\repository\org\springframework\boot\spring-boot-starter-aop\2.5.3\spring-boot-starter-aop-2.5.3.jar;C:\Users\FAMLETO\.m2\repository\org\aspectj\aspectjweaver\1.9.7\aspectjweaver-1.9.7.jar;C:\Users\FAMLETO\.m2\repository\org\springframework\boot\spring-boot-starter-jdbc\2.5.3\spring-boot-starter-jdbc-2.5.3.jar;C:\Users\FAMLETO\.m2\repository\com\zaxxer\HikariCP\4.0.3\HikariCP-4.0.3.jar;C:\Users\FAMLETO\.m2\repository\org\springframework\spring-jdbc\5.3.9\spring-jdbc-5.3.9.jar;C:\Users\FAMLETO\.m2\repository\jakarta\transaction\jakarta.transaction-api\1.3.3\jakarta.transaction-api-1.3.3.jar;C:\Users\FAMLETO\.m2\repository\jakarta\persistence\jakarta.persistence-api\2.2.3\jakarta.persistence-api-2.2.3.jar;C:\Users\FAMLETO\.m2\repository\org\hibernate\hibernate-core\5.4.32.Final\hibernate-core-5.4.32.Final.jar;C:\Users\FAMLETO\.m2\repository\org\jboss\logging\jboss-logging\3.4.2.Final\jboss-logging-3.4.2.Final.jar;C:\Users\FAMLETO\.m2\repository\net\bytebuddy\byte-buddy\1.10.22\byte-buddy-1.10.22.jar;C:\Users\FAMLETO\.m2\repository\antlr\antlr\2.7.7\antlr-2.7.7.jar;C:\Users\FAMLETO\.m2\repository\org\jboss\jandex\2.2.3.Final\jandex-2.2.3.Final.jar;C:\Users\FAMLETO\.m2\repository\org\dom4j\dom4j\2.1.3\dom4j-2.1.3.jar;C:\Users\FAMLETO\.m2\repository\org\hibernate\common\hibernate-commons-annotations\5.1.2.Final\hibernate-commons-annotations-5.1.2.Final.jar;C:\Users\FAMLETO\.m2\repository\org\glassfish\jaxb\jaxb-runtime\2.3.4\jaxb-runtime-2.3.4.jar;C:\Users\FAMLETO\.m2\repository\org\glassfish\jaxb\txw2\2.3.4\txw2-2.3.4.jar;C:\Users\FAMLETO\.m2\repository\com\sun\istack\istack-commons-runtime\3.0.12\istack-commons-runtime-3.0.12.jar;C:\Users\FAMLETO\.m2\repository\org\springframework\data\spring-data-jpa\2.5.3\spring-dat
Launcher Type: SUN_STANDARD

[Global flags]
     intx CICompilerCount                          = 4                                         {product} {ergonomic}
     uint ConcGCThreads                            = 2                                         {product} {ergonomic}
     uint G1ConcRefinementThreads                  = 8                                         {product} {ergonomic}
   size_t G1HeapRegionSize                         = 1048576                                   {product} {ergonomic}
    uintx GCDrainStackTargetSize                   = 64                                        {product} {ergonomic}
   size_t InitialHeapSize                          = 130023424                                 {product} {ergonomic}
   size_t MarkStackSize                            = 4194304                                   {product} {ergonomic}
   size_t MaxHeapSize                              = 2076180480                                {product} {ergonomic}
   size_t MinHeapDeltaBytes                        = 1048576                                   {product} {ergonomic}
    uintx NonNMethodCodeHeapSize                   = 5836300                                {pd product} {ergonomic}
    uintx NonProfiledCodeHeapSize                  = 122910970                              {pd product} {ergonomic}
    uintx ProfiledCodeHeapSize                     = 122910970                              {pd product} {ergonomic}
    uintx ReservedCodeCacheSize                    = 251658240                              {pd product} {ergonomic}
     bool SegmentedCodeCache                       = true                                      {product} {ergonomic}
     bool UseCompressedClassPointers               = true                                 {lp64_product} {ergonomic}
     bool UseCompressedOops                        = true                                 {lp64_product} {ergonomic}
     bool UseG1GC                                  = true                                      {product} {ergonomic}
     bool UseLargePagesIndividualAllocation        = false                                  {pd product} {ergonomic}

Logging:
Log output configuration:
 #0: stdout all=warning uptime,level,tags
 #1: stderr all=off uptime,level,tags

Environment Variables:
JAVA_HOME=C:\Program Files\Java\jdk-11.0.12
PATH=C:\Program Files\Microsoft MPI\Bin\;C:\Program Files (x86)\VMware\VMware Workstation\bin\;C:\Windows\system32;C:\Windows;C:\Windows\System32\Wbem;C:\Windows\System32\WindowsPowerShell\v1.0\;C:\Windows\System32\OpenSSH\;C:\Program Files\Git\cmd;C:\Program Files\Java\jdk-11.0.12\bin;D:\Josue\instaladores\maven\apache-maven-3.8.2\bin;C:\nsq-1.2.1.windows-amd64.go1.16.6\bin;C:\Program Files\nodejs\;C:\Program Files\Redis\;C:\Program Files (x86)\Microsoft SQL Server\140\Tools\Binn\;C:\Program Files\Microsoft SQL Server\140\Tools\Binn\;C:\Program Files (x86)\Microsoft SQL Server\140\DTS\Binn\;C:\Program Files\Microsoft SQL Server\140\DTS\Binn\;C:\Program Files\Microsoft SQL Server\Client SDK\ODBC\130\Tools\Binn\;C:\Program Files\Azure Data Studio\bin;C:\Program Files\dotnet\;C:\Program Files\Microsoft SQL Server\130\Tools\Binn\;C:\Program Files\Microsoft SQL Server\Client SDK\ODBC\170\Tools\Binn\;C:\Users\FAMLETO\AppData\Local\Microsoft\WindowsApps;;C:\Users\FAMLETO\AppData\Local\Programs\Microsoft VS Code\bin;C:\Users\FAMLETO\AppData\Roaming\npm;C:\Program Files\JetBrains\IntelliJ IDEA Community Edition 2021.2\bin;;C:\Program Files\Azure Data Studio\bin;C:\Users\FAMLETO\.dotnet\tools
USERNAME=FAMLETO
OS=Windows_NT
PROCESSOR_IDENTIFIER=Intel64 Family 6 Model 140 Stepping 1, GenuineIntel



---------------  S Y S T E M  ---------------

OS: Windows 10 , 64 bit Build 19041 (10.0.19041.1202)

CPU:total 8 (initial active 8) (4 cores per cpu, 2 threads per core) family 6 model 140 stepping 1 microcode 0x86, cmov, cx8, fxsr, mmx, sse, sse2, sse3, ssse3, sse4.1, sse4.2, popcnt, avx, avx2, aes, clmul, erms, 3dnowpref, lzcnt, ht, tsc, tscinvbit, bmi1, bmi2, adx, evex, sha, fma

Memory: 4k page, system-wide physical 7918M (507M free)
TotalPageFile size 16034M (AvailPageFile size 75M)
current process WorkingSet (physical memory assigned to process): 9M, peak: 10M
current process commit charge ("private bytes"): 60M, peak: 184M

vm_info: Java HotSpot(TM) 64-Bit Server VM (11.0.12+8-LTS-237) for windows-amd64 JRE (11.0.12+8-LTS-237), built on Jun  8 2021 11:25:59 by "mach5one" with MS VC++ 15.9 (VS2017)

END.
