#
# There is insufficient memory for the Java Runtime Environment to continue.
# Native memory allocation (malloc) failed to allocate 3339696 bytes for Chunk::new
# Possible reasons:
#   The system is out of physical RAM or swap space
#   The process is running with CompressedOops enabled, and the Java Heap may be blocking the growth of the native heap
# Possible solutions:
#   Reduce memory load on the system
#   Increase physical memory or swap space
#   Check if swap backing store is full
#   Decrease Java heap size (-Xmx/-Xms)
#   Decrease number of Java threads
#   Decrease Java thread stack sizes (-Xss)
#   Set larger code cache with -XX:ReservedCodeCacheSize=
#   JVM is running with Unscaled Compressed Oops mode in which the Java heap is
#     placed in the first 4GB address space. The Java Heap base address is the
#     maximum limit for the native heap growth. Please use -XX:HeapBaseMinAddress
#     to set the Java Heap base and to place the Java Heap above 4GB virtual address.
# This output file may be truncated or incomplete.
#
#  Out of Memory Error (./open/src/hotspot/share/memory/arena.cpp:197), pid=11940, tid=16844
#
# JRE version: Java(TM) SE Runtime Environment 18.9 (11.0.12+8) (build 11.0.12+8-LTS-237)
# Java VM: Java HotSpot(TM) 64-Bit Server VM 18.9 (11.0.12+8-LTS-237, mixed mode, tiered, compressed oops, g1 gc, windows-amd64)
# No core dump will be written. Minidumps are not enabled by default on client versions of Windows
#

---------------  S U M M A R Y ------------

Command Line: -agentlib:jdwp=transport=dt_socket,server=n,address=50534 com.backend.ingest.PlatinApplication

Host: 11th Gen Intel(R) Core(TM) i7-1165G7 @ 2.80GHz, 8 cores, 7G,  Windows 10 , 64 bit Build 19041 (10.0.19041.1202)
Time: Tue Nov  2 17:40:34 2021 Hora est. Pacífico, Sudamérica elapsed time: 1.961025 seconds (0d 0h 0m 1s)

---------------  T H R E A D  ---------------

Current thread (0x0000025afaa33000):  JavaThread "C2 CompilerThread2" daemon [_thread_in_native, id=16844, stack(0x0000005aed600000,0x0000005aed700000)]


Current CompileTask:
C2:   1961 3142       4       org.springframework.asm.ClassReader::readMethod (1055 bytes)

Stack: [0x0000005aed600000,0x0000005aed700000]
Native frames: (J=compiled Java code, j=interpreted, Vv=VM code, C=native code)
V  [jvm.dll+0x617d9a]
V  [jvm.dll+0x74eeef]
V  [jvm.dll+0x750599]
V  [jvm.dll+0x750c23]
V  [jvm.dll+0x2438d8]
V  [jvm.dll+0xba6dc]
V  [jvm.dll+0xbac9c]
V  [jvm.dll+0x3469b7]
V  [jvm.dll+0x193e79]
V  [jvm.dll+0x1fd212]
V  [jvm.dll+0x1fc2ed]
V  [jvm.dll+0x17f18c]
V  [jvm.dll+0x20b87c]
V  [jvm.dll+0x20997b]
V  [jvm.dll+0x716359]
V  [jvm.dll+0x70f064]
V  [jvm.dll+0x616f66]
C  [ucrtbase.dll+0x21bb2]
C  [KERNEL32.DLL+0x17034]
C  [ntdll.dll+0x52651]


---------------  P R O C E S S  ---------------

Threads class SMR info:
_java_thread_list=0x0000025afb58c7a0, length=17, elements={
0x0000025ae9697000, 0x0000025af9268000, 0x0000025af9269000, 0x0000025af9aab000,
0x0000025af9aae000, 0x0000025af9ab1000, 0x0000025af9ab2800, 0x0000025af9ab3800,
0x0000025af9af7000, 0x0000025af9cc4800, 0x0000025af9cc8000, 0x0000025af9cd4800,
0x0000025af9c6b800, 0x0000025af9e1b000, 0x0000025afaa33000, 0x0000025afae1e800,
0x0000025afb145800
}

Java Threads: ( => current thread )
  0x0000025ae9697000 JavaThread "main" [_thread_blocked, id=11544, stack(0x0000005aec100000,0x0000005aec200000)]
  0x0000025af9268000 JavaThread "Reference Handler" daemon [_thread_blocked, id=8864, stack(0x0000005aec800000,0x0000005aec900000)]
  0x0000025af9269000 JavaThread "Finalizer" daemon [_thread_blocked, id=14704, stack(0x0000005aec900000,0x0000005aeca00000)]
  0x0000025af9aab000 JavaThread "Signal Dispatcher" daemon [_thread_blocked, id=6740, stack(0x0000005aeca00000,0x0000005aecb00000)]
  0x0000025af9aae000 JavaThread "Attach Listener" daemon [_thread_blocked, id=11668, stack(0x0000005aecb00000,0x0000005aecc00000)]
  0x0000025af9ab1000 JavaThread "Service Thread" daemon [_thread_blocked, id=10044, stack(0x0000005aecc00000,0x0000005aecd00000)]
  0x0000025af9ab2800 JavaThread "C2 CompilerThread0" daemon [_thread_blocked, id=7844, stack(0x0000005aecd00000,0x0000005aece00000)]
  0x0000025af9ab3800 JavaThread "C1 CompilerThread0" daemon [_thread_blocked, id=11044, stack(0x0000005aece00000,0x0000005aecf00000)]
  0x0000025af9af7000 JavaThread "Sweeper thread" daemon [_thread_blocked, id=6048, stack(0x0000005aecf00000,0x0000005aed000000)]
  0x0000025af9cc4800 JavaThread "JDWP Transport Listener: dt_socket" daemon [_thread_blocked, id=19276, stack(0x0000005aed000000,0x0000005aed100000)]
  0x0000025af9cc8000 JavaThread "JDWP Event Helper Thread" daemon [_thread_blocked, id=14572, stack(0x0000005aed100000,0x0000005aed200000)]
  0x0000025af9cd4800 JavaThread "JDWP Command Reader" daemon [_thread_in_native, id=4832, stack(0x0000005aed200000,0x0000005aed300000)]
  0x0000025af9c6b800 JavaThread "Common-Cleaner" daemon [_thread_blocked, id=16444, stack(0x0000005aed400000,0x0000005aed500000)]
  0x0000025af9e1b000 JavaThread "C2 CompilerThread1" daemon [_thread_in_native, id=1780, stack(0x0000005aed500000,0x0000005aed600000)]
=>0x0000025afaa33000 JavaThread "C2 CompilerThread2" daemon [_thread_in_native, id=16844, stack(0x0000005aed600000,0x0000005aed700000)]
  0x0000025afae1e800 JavaThread "Thread-0" [_thread_blocked, id=16460, stack(0x0000005aed800000,0x0000005aed900000)]
  0x0000025afb145800 JavaThread "restartedMain" [_thread_in_vm, id=5832, stack(0x0000005aed900000,0x0000005aeda00000)]

Other Threads:
  0x0000025af9266000 VMThread "VM Thread" [stack: 0x0000005aec700000,0x0000005aec800000] [id=17372]
  0x0000025af9cdc000 WatcherThread [stack: 0x0000005aed300000,0x0000005aed400000] [id=2600]
  0x0000025ae96e7800 GCTaskThread "GC Thread#0" [stack: 0x0000005aec200000,0x0000005aec300000] [id=3724]
  0x0000025afa9ef000 GCTaskThread "GC Thread#1" [stack: 0x0000005aed700000,0x0000005aed800000] [id=13972]
  0x0000025afb1e5000 GCTaskThread "GC Thread#2" [stack: 0x0000005aeda00000,0x0000005aedb00000] [id=7676]
  0x0000025afb45d000 GCTaskThread "GC Thread#3" [stack: 0x0000005aedb00000,0x0000005aedc00000] [id=17664]
  0x0000025afb6bc000 GCTaskThread "GC Thread#4" [stack: 0x0000005aedc00000,0x0000005aedd00000] [id=8548]
  0x0000025afb1fc800 GCTaskThread "GC Thread#5" [stack: 0x0000005aedd00000,0x0000005aede00000] [id=17360]
  0x0000025afcbfd800 GCTaskThread "GC Thread#6" [stack: 0x0000005aedf00000,0x0000005aee000000] [id=8624]
  0x0000025afb58c000 GCTaskThread "GC Thread#7" [stack: 0x0000005aee000000,0x0000005aee100000] [id=15380]
  0x0000025ae9718800 ConcurrentGCThread "G1 Main Marker" [stack: 0x0000005aec300000,0x0000005aec400000] [id=16216]
  0x0000025ae971b000 ConcurrentGCThread "G1 Conc#0" [stack: 0x0000005aec400000,0x0000005aec500000] [id=6836]
  0x0000025afcf52800 ConcurrentGCThread "G1 Conc#1" [stack: 0x0000005aee100000,0x0000005aee200000] [id=17496]
  0x0000025af90bf800 ConcurrentGCThread "G1 Refine#0" [stack: 0x0000005aec500000,0x0000005aec600000] [id=14456]
  0x0000025af90c0800 ConcurrentGCThread "G1 Young RemSet Sampling" [stack: 0x0000005aec600000,0x0000005aec700000] [id=17920]

Threads with active compile tasks:
C2 CompilerThread1   1978 2882   !   4       jdk.internal.loader.BuiltinClassLoader::loadClassOrNull (143 bytes)
C2 CompilerThread2   1978 3142       4       org.springframework.asm.ClassReader::readMethod (1055 bytes)

VM state:not at safepoint (normal execution)

VM Mutex/Monitor currently owned by a thread: None

Heap address: 0x0000000084400000, size: 1980 MB, Compressed Oops mode: 32-bit
Narrow klass base: 0x0000000000000000, Narrow klass shift: 3
Compressed class space size: 1073741824 Address: 0x0000000100000000

Heap:
 garbage-first heap   total 152576K, used 74986K [0x0000000084400000, 0x0000000100000000)
  region size 1024K, 65 young (66560K), 7 survivors (7168K)
 Metaspace       used 32078K, capacity 32876K, committed 33024K, reserved 1079296K
  class space    used 3745K, capacity 4042K, committed 4096K, reserved 1048576K
Heap Regions: E=young(eden), S=young(survivor), O=old, HS=humongous(starts), HC=humongous(continues), CS=collection set, F=free, A=archive, TAMS=top-at-mark-start (previous, next)
|   0|0x0000000084400000, 0x0000000084500000, 0x0000000084500000|100%|HS|  |TAMS 0x0000000084500000, 0x0000000084400000| Complete 
|   1|0x0000000084500000, 0x0000000084600000, 0x0000000084600000|100%|HS|  |TAMS 0x0000000084600000, 0x0000000084500000| Complete 
|   2|0x0000000084600000, 0x0000000084700000, 0x0000000084700000|100%| O|  |TAMS 0x0000000084700000, 0x0000000084600000| Untracked 
|   3|0x0000000084700000, 0x0000000084800000, 0x0000000084800000|100%| O|  |TAMS 0x0000000084800000, 0x0000000084700000| Untracked 
|   4|0x0000000084800000, 0x0000000084900000, 0x0000000084900000|100%| O|  |TAMS 0x0000000084900000, 0x0000000084800000| Untracked 
|   5|0x0000000084900000, 0x0000000084a00000, 0x0000000084a00000|100%| O|  |TAMS 0x0000000084a00000, 0x0000000084900000| Untracked 
|   6|0x0000000084a00000, 0x0000000084b00000, 0x0000000084b00000|100%| O|  |TAMS 0x0000000084b00000, 0x0000000084a00000| Untracked 
|   7|0x0000000084b00000, 0x0000000084c00000, 0x0000000084c00000|100%| O|  |TAMS 0x0000000084b08000, 0x0000000084b00000| Untracked 
|   8|0x0000000084c00000, 0x0000000084d00000, 0x0000000084d00000|100%| O|  |TAMS 0x0000000084c00000, 0x0000000084c00000| Untracked 
|   9|0x0000000084d00000, 0x0000000084ddea00, 0x0000000084e00000| 86%| O|  |TAMS 0x0000000084d00000, 0x0000000084d00000| Untracked 
|  10|0x0000000084e00000, 0x0000000084e00000, 0x0000000084f00000|  0%| F|  |TAMS 0x0000000084e00000, 0x0000000084e00000| Untracked 
|  11|0x0000000084f00000, 0x0000000084f00000, 0x0000000085000000|  0%| F|  |TAMS 0x0000000084f00000, 0x0000000084f00000| Untracked 
|  12|0x0000000085000000, 0x0000000085000000, 0x0000000085100000|  0%| F|  |TAMS 0x0000000085000000, 0x0000000085000000| Untracked 
|  13|0x0000000085100000, 0x0000000085100000, 0x0000000085200000|  0%| F|  |TAMS 0x0000000085100000, 0x0000000085100000| Untracked 
|  14|0x0000000085200000, 0x0000000085200000, 0x0000000085300000|  0%| F|  |TAMS 0x0000000085200000, 0x0000000085200000| Untracked 
|  15|0x0000000085300000, 0x0000000085300000, 0x0000000085400000|  0%| F|  |TAMS 0x0000000085300000, 0x0000000085300000| Untracked 
|  16|0x0000000085400000, 0x0000000085400000, 0x0000000085500000|  0%| F|  |TAMS 0x0000000085400000, 0x0000000085400000| Untracked 
|  17|0x0000000085500000, 0x0000000085500000, 0x0000000085600000|  0%| F|  |TAMS 0x0000000085500000, 0x0000000085500000| Untracked 
|  18|0x0000000085600000, 0x0000000085600000, 0x0000000085700000|  0%| F|  |TAMS 0x0000000085600000, 0x0000000085600000| Untracked 
|  19|0x0000000085700000, 0x0000000085700000, 0x0000000085800000|  0%| F|  |TAMS 0x0000000085700000, 0x0000000085700000| Untracked 
|  20|0x0000000085800000, 0x0000000085800000, 0x0000000085900000|  0%| F|  |TAMS 0x0000000085800000, 0x0000000085800000| Untracked 
|  21|0x0000000085900000, 0x0000000085900000, 0x0000000085a00000|  0%| F|  |TAMS 0x0000000085900000, 0x0000000085900000| Untracked 
|  22|0x0000000085a00000, 0x0000000085a00000, 0x0000000085b00000|  0%| F|  |TAMS 0x0000000085a00000, 0x0000000085a00000| Untracked 
|  23|0x0000000085b00000, 0x0000000085b00000, 0x0000000085c00000|  0%| F|  |TAMS 0x0000000085b00000, 0x0000000085b00000| Untracked 
|  24|0x0000000085c00000, 0x0000000085c00000, 0x0000000085d00000|  0%| F|  |TAMS 0x0000000085c00000, 0x0000000085c00000| Untracked 
|  25|0x0000000085d00000, 0x0000000085d00000, 0x0000000085e00000|  0%| F|  |TAMS 0x0000000085d00000, 0x0000000085d00000| Untracked 
|  26|0x0000000085e00000, 0x0000000085e00000, 0x0000000085f00000|  0%| F|  |TAMS 0x0000000085e00000, 0x0000000085e00000| Untracked 
|  27|0x0000000085f00000, 0x0000000085f00000, 0x0000000086000000|  0%| F|  |TAMS 0x0000000085f00000, 0x0000000085f00000| Untracked 
|  28|0x0000000086000000, 0x0000000086000000, 0x0000000086100000|  0%| F|  |TAMS 0x0000000086000000, 0x0000000086000000| Untracked 
|  29|0x0000000086100000, 0x0000000086100000, 0x0000000086200000|  0%| F|  |TAMS 0x0000000086100000, 0x0000000086100000| Untracked 
|  30|0x0000000086200000, 0x0000000086200000, 0x0000000086300000|  0%| F|  |TAMS 0x0000000086200000, 0x0000000086200000| Untracked 
|  31|0x0000000086300000, 0x0000000086300000, 0x0000000086400000|  0%| F|  |TAMS 0x0000000086300000, 0x0000000086300000| Untracked 
|  32|0x0000000086400000, 0x0000000086400000, 0x0000000086500000|  0%| F|  |TAMS 0x0000000086400000, 0x0000000086400000| Untracked 
|  33|0x0000000086500000, 0x0000000086500000, 0x0000000086600000|  0%| F|  |TAMS 0x0000000086500000, 0x0000000086500000| Untracked 
|  34|0x0000000086600000, 0x0000000086600000, 0x0000000086700000|  0%| F|  |TAMS 0x0000000086600000, 0x0000000086600000| Untracked 
|  35|0x0000000086700000, 0x0000000086700000, 0x0000000086800000|  0%| F|  |TAMS 0x0000000086700000, 0x0000000086700000| Untracked 
|  36|0x0000000086800000, 0x0000000086800000, 0x0000000086900000|  0%| F|  |TAMS 0x0000000086800000, 0x0000000086800000| Untracked 
|  37|0x0000000086900000, 0x0000000086900000, 0x0000000086a00000|  0%| F|  |TAMS 0x0000000086900000, 0x0000000086900000| Untracked 
|  38|0x0000000086a00000, 0x0000000086a00000, 0x0000000086b00000|  0%| F|  |TAMS 0x0000000086a00000, 0x0000000086a00000| Untracked 
|  39|0x0000000086b00000, 0x0000000086b00000, 0x0000000086c00000|  0%| F|  |TAMS 0x0000000086b00000, 0x0000000086b00000| Untracked 
|  40|0x0000000086c00000, 0x0000000086c00000, 0x0000000086d00000|  0%| F|  |TAMS 0x0000000086c00000, 0x0000000086c00000| Untracked 
|  41|0x0000000086d00000, 0x0000000086d00000, 0x0000000086e00000|  0%| F|  |TAMS 0x0000000086d00000, 0x0000000086d00000| Untracked 
|  42|0x0000000086e00000, 0x0000000086e00000, 0x0000000086f00000|  0%| F|  |TAMS 0x0000000086e00000, 0x0000000086e00000| Untracked 
|  43|0x0000000086f00000, 0x0000000086f00000, 0x0000000087000000|  0%| F|  |TAMS 0x0000000086f00000, 0x0000000086f00000| Untracked 
|  44|0x0000000087000000, 0x000000008705be18, 0x0000000087100000| 35%| S|CS|TAMS 0x0000000087000000, 0x0000000087000000| Complete 
|  45|0x0000000087100000, 0x0000000087200000, 0x0000000087200000|100%| S|CS|TAMS 0x0000000087100000, 0x0000000087100000| Complete 
|  46|0x0000000087200000, 0x0000000087300000, 0x0000000087300000|100%| S|CS|TAMS 0x0000000087200000, 0x0000000087200000| Complete 
|  47|0x0000000087300000, 0x0000000087300000, 0x0000000087400000|  0%| F|  |TAMS 0x0000000087300000, 0x0000000087300000| Untracked 
|  48|0x0000000087400000, 0x0000000087400000, 0x0000000087500000|  0%| F|  |TAMS 0x0000000087400000, 0x0000000087400000| Untracked 
|  49|0x0000000087500000, 0x0000000087500000, 0x0000000087600000|  0%| F|  |TAMS 0x0000000087500000, 0x0000000087500000| Untracked 
|  50|0x0000000087600000, 0x0000000087600000, 0x0000000087700000|  0%| F|  |TAMS 0x0000000087600000, 0x0000000087600000| Untracked 
|  51|0x0000000087700000, 0x0000000087700000, 0x0000000087800000|  0%| F|  |TAMS 0x0000000087700000, 0x0000000087700000| Untracked 
|  52|0x0000000087800000, 0x0000000087900000, 0x0000000087900000|100%| S|CS|TAMS 0x0000000087800000, 0x0000000087800000| Complete 
|  53|0x0000000087900000, 0x0000000087a00000, 0x0000000087a00000|100%| S|CS|TAMS 0x0000000087900000, 0x0000000087900000| Complete 
|  54|0x0000000087a00000, 0x0000000087b00000, 0x0000000087b00000|100%| S|CS|TAMS 0x0000000087a00000, 0x0000000087a00000| Complete 
|  55|0x0000000087b00000, 0x0000000087c00000, 0x0000000087c00000|100%| S|CS|TAMS 0x0000000087b00000, 0x0000000087b00000| Complete 
|  56|0x0000000087c00000, 0x0000000087c00000, 0x0000000087d00000|  0%| F|  |TAMS 0x0000000087c00000, 0x0000000087c00000| Untracked 
|  57|0x0000000087d00000, 0x0000000087d00000, 0x0000000087e00000|  0%| F|  |TAMS 0x0000000087d00000, 0x0000000087d00000| Untracked 
|  58|0x0000000087e00000, 0x0000000087e00000, 0x0000000087f00000|  0%| F|  |TAMS 0x0000000087e00000, 0x0000000087e00000| Untracked 
|  59|0x0000000087f00000, 0x0000000087f00000, 0x0000000088000000|  0%| F|  |TAMS 0x0000000087f00000, 0x0000000087f00000| Untracked 
|  60|0x0000000088000000, 0x0000000088000000, 0x0000000088100000|  0%| F|  |TAMS 0x0000000088000000, 0x0000000088000000| Untracked 
|  61|0x0000000088100000, 0x0000000088100000, 0x0000000088200000|  0%| F|  |TAMS 0x0000000088100000, 0x0000000088100000| Untracked 
|  62|0x0000000088200000, 0x0000000088200000, 0x0000000088300000|  0%| F|  |TAMS 0x0000000088200000, 0x0000000088200000| Untracked 
|  63|0x0000000088300000, 0x0000000088300000, 0x0000000088400000|  0%| F|  |TAMS 0x0000000088300000, 0x0000000088300000| Untracked 
|  64|0x0000000088400000, 0x0000000088400000, 0x0000000088500000|  0%| F|  |TAMS 0x0000000088400000, 0x0000000088400000| Untracked 
|  65|0x0000000088500000, 0x0000000088500000, 0x0000000088600000|  0%| F|  |TAMS 0x0000000088500000, 0x0000000088500000| Untracked 
|  66|0x0000000088600000, 0x0000000088600000, 0x0000000088700000|  0%| F|  |TAMS 0x0000000088600000, 0x0000000088600000| Untracked 
|  67|0x0000000088700000, 0x0000000088700000, 0x0000000088800000|  0%| F|  |TAMS 0x0000000088700000, 0x0000000088700000| Untracked 
|  68|0x0000000088800000, 0x0000000088800000, 0x0000000088900000|  0%| F|  |TAMS 0x0000000088800000, 0x0000000088800000| Untracked 
|  69|0x0000000088900000, 0x0000000088900000, 0x0000000088a00000|  0%| F|  |TAMS 0x0000000088900000, 0x0000000088900000| Untracked 
|  70|0x0000000088a00000, 0x0000000088a00000, 0x0000000088b00000|  0%| F|  |TAMS 0x0000000088a00000, 0x0000000088a00000| Untracked 
|  71|0x0000000088b00000, 0x0000000088b00000, 0x0000000088c00000|  0%| F|  |TAMS 0x0000000088b00000, 0x0000000088b00000| Untracked 
|  72|0x0000000088c00000, 0x0000000088c00000, 0x0000000088d00000|  0%| F|  |TAMS 0x0000000088c00000, 0x0000000088c00000| Untracked 
|  73|0x0000000088d00000, 0x0000000088d00000, 0x0000000088e00000|  0%| F|  |TAMS 0x0000000088d00000, 0x0000000088d00000| Untracked 
|  74|0x0000000088e00000, 0x0000000088e00000, 0x0000000088f00000|  0%| F|  |TAMS 0x0000000088e00000, 0x0000000088e00000| Untracked 
|  75|0x0000000088f00000, 0x0000000088f00000, 0x0000000089000000|  0%| F|  |TAMS 0x0000000088f00000, 0x0000000088f00000| Untracked 
|  76|0x0000000089000000, 0x0000000089000000, 0x0000000089100000|  0%| F|  |TAMS 0x0000000089000000, 0x0000000089000000| Untracked 
|  77|0x0000000089100000, 0x0000000089100000, 0x0000000089200000|  0%| F|  |TAMS 0x0000000089100000, 0x0000000089100000| Untracked 
|  78|0x0000000089200000, 0x0000000089200000, 0x0000000089300000|  0%| F|  |TAMS 0x0000000089200000, 0x0000000089200000| Untracked 
|  79|0x0000000089300000, 0x0000000089300000, 0x0000000089400000|  0%| F|  |TAMS 0x0000000089300000, 0x0000000089300000| Untracked 
|  80|0x0000000089400000, 0x0000000089400000, 0x0000000089500000|  0%| F|  |TAMS 0x0000000089400000, 0x0000000089400000| Untracked 
|  81|0x0000000089500000, 0x0000000089500000, 0x0000000089600000|  0%| F|  |TAMS 0x0000000089500000, 0x0000000089500000| Untracked 
|  82|0x0000000089600000, 0x0000000089600000, 0x0000000089700000|  0%| F|  |TAMS 0x0000000089600000, 0x0000000089600000| Untracked 
|  83|0x0000000089700000, 0x0000000089700000, 0x0000000089800000|  0%| F|  |TAMS 0x0000000089700000, 0x0000000089700000| Untracked 
|  84|0x0000000089800000, 0x0000000089800000, 0x0000000089900000|  0%| F|  |TAMS 0x0000000089800000, 0x0000000089800000| Untracked 
|  85|0x0000000089900000, 0x0000000089900000, 0x0000000089a00000|  0%| F|  |TAMS 0x0000000089900000, 0x0000000089900000| Untracked 
|  86|0x0000000089a00000, 0x0000000089a00000, 0x0000000089b00000|  0%| F|  |TAMS 0x0000000089a00000, 0x0000000089a00000| Untracked 
|  87|0x0000000089b00000, 0x0000000089b00000, 0x0000000089c00000|  0%| F|  |TAMS 0x0000000089b00000, 0x0000000089b00000| Untracked 
|  88|0x0000000089c00000, 0x0000000089c00000, 0x0000000089d00000|  0%| F|  |TAMS 0x0000000089c00000, 0x0000000089c00000| Untracked 
|  89|0x0000000089d00000, 0x0000000089d00000, 0x0000000089e00000|  0%| F|  |TAMS 0x0000000089d00000, 0x0000000089d00000| Untracked 
|  90|0x0000000089e00000, 0x0000000089e00000, 0x0000000089f00000|  0%| F|  |TAMS 0x0000000089e00000, 0x0000000089e00000| Untracked 
|  91|0x0000000089f00000, 0x000000008a000000, 0x000000008a000000|100%| E|  |TAMS 0x0000000089f00000, 0x0000000089f00000| Complete 
|  92|0x000000008a000000, 0x000000008a100000, 0x000000008a100000|100%| E|CS|TAMS 0x000000008a000000, 0x000000008a000000| Complete 
|  93|0x000000008a100000, 0x000000008a200000, 0x000000008a200000|100%| E|CS|TAMS 0x000000008a100000, 0x000000008a100000| Complete 
|  94|0x000000008a200000, 0x000000008a300000, 0x000000008a300000|100%| E|CS|TAMS 0x000000008a200000, 0x000000008a200000| Complete 
|  95|0x000000008a300000, 0x000000008a400000, 0x000000008a400000|100%| E|CS|TAMS 0x000000008a300000, 0x000000008a300000| Complete 
|  96|0x000000008a400000, 0x000000008a500000, 0x000000008a500000|100%| E|CS|TAMS 0x000000008a400000, 0x000000008a400000| Complete 
|  97|0x000000008a500000, 0x000000008a600000, 0x000000008a600000|100%| E|CS|TAMS 0x000000008a500000, 0x000000008a500000| Complete 
|  98|0x000000008a600000, 0x000000008a700000, 0x000000008a700000|100%| E|CS|TAMS 0x000000008a600000, 0x000000008a600000| Complete 
|  99|0x000000008a700000, 0x000000008a800000, 0x000000008a800000|100%| E|CS|TAMS 0x000000008a700000, 0x000000008a700000| Complete 
| 100|0x000000008a800000, 0x000000008a900000, 0x000000008a900000|100%| E|CS|TAMS 0x000000008a800000, 0x000000008a800000| Complete 
| 101|0x000000008a900000, 0x000000008aa00000, 0x000000008aa00000|100%| E|CS|TAMS 0x000000008a900000, 0x000000008a900000| Complete 
| 102|0x000000008aa00000, 0x000000008ab00000, 0x000000008ab00000|100%| E|CS|TAMS 0x000000008aa00000, 0x000000008aa00000| Complete 
| 103|0x000000008ab00000, 0x000000008ac00000, 0x000000008ac00000|100%| E|CS|TAMS 0x000000008ab00000, 0x000000008ab00000| Complete 
| 104|0x000000008ac00000, 0x000000008ad00000, 0x000000008ad00000|100%| E|CS|TAMS 0x000000008ac00000, 0x000000008ac00000| Complete 
| 105|0x000000008ad00000, 0x000000008ae00000, 0x000000008ae00000|100%| E|CS|TAMS 0x000000008ad00000, 0x000000008ad00000| Complete 
| 106|0x000000008ae00000, 0x000000008af00000, 0x000000008af00000|100%| E|CS|TAMS 0x000000008ae00000, 0x000000008ae00000| Complete 
| 107|0x000000008af00000, 0x000000008b000000, 0x000000008b000000|100%| E|CS|TAMS 0x000000008af00000, 0x000000008af00000| Complete 
| 108|0x000000008b000000, 0x000000008b100000, 0x000000008b100000|100%| E|CS|TAMS 0x000000008b000000, 0x000000008b000000| Complete 
| 109|0x000000008b100000, 0x000000008b200000, 0x000000008b200000|100%| E|CS|TAMS 0x000000008b100000, 0x000000008b100000| Complete 
| 110|0x000000008b200000, 0x000000008b300000, 0x000000008b300000|100%| E|CS|TAMS 0x000000008b200000, 0x000000008b200000| Complete 
| 111|0x000000008b300000, 0x000000008b400000, 0x000000008b400000|100%| E|CS|TAMS 0x000000008b300000, 0x000000008b300000| Complete 
| 112|0x000000008b400000, 0x000000008b500000, 0x000000008b500000|100%| E|CS|TAMS 0x000000008b400000, 0x000000008b400000| Complete 
| 113|0x000000008b500000, 0x000000008b600000, 0x000000008b600000|100%| E|CS|TAMS 0x000000008b500000, 0x000000008b500000| Complete 
| 114|0x000000008b600000, 0x000000008b700000, 0x000000008b700000|100%| E|CS|TAMS 0x000000008b600000, 0x000000008b600000| Complete 
| 115|0x000000008b700000, 0x000000008b800000, 0x000000008b800000|100%| E|CS|TAMS 0x000000008b700000, 0x000000008b700000| Complete 
| 116|0x000000008b800000, 0x000000008b900000, 0x000000008b900000|100%| E|CS|TAMS 0x000000008b800000, 0x000000008b800000| Complete 
| 117|0x000000008b900000, 0x000000008ba00000, 0x000000008ba00000|100%| E|CS|TAMS 0x000000008b900000, 0x000000008b900000| Complete 
| 118|0x000000008ba00000, 0x000000008bb00000, 0x000000008bb00000|100%| E|CS|TAMS 0x000000008ba00000, 0x000000008ba00000| Complete 
| 119|0x000000008bb00000, 0x000000008bc00000, 0x000000008bc00000|100%| E|CS|TAMS 0x000000008bb00000, 0x000000008bb00000| Complete 
| 120|0x000000008bc00000, 0x000000008bd00000, 0x000000008bd00000|100%| E|CS|TAMS 0x000000008bc00000, 0x000000008bc00000| Complete 
| 121|0x000000008bd00000, 0x000000008be00000, 0x000000008be00000|100%| E|CS|TAMS 0x000000008bd00000, 0x000000008bd00000| Complete 
| 122|0x000000008be00000, 0x000000008bf00000, 0x000000008bf00000|100%| E|CS|TAMS 0x000000008be00000, 0x000000008be00000| Complete 
| 123|0x000000008bf00000, 0x000000008c000000, 0x000000008c000000|100%| E|CS|TAMS 0x000000008bf00000, 0x000000008bf00000| Complete 
| 124|0x000000008c000000, 0x000000008c100000, 0x000000008c100000|100%| E|CS|TAMS 0x000000008c000000, 0x000000008c000000| Complete 
| 125|0x000000008c100000, 0x000000008c200000, 0x000000008c200000|100%| E|CS|TAMS 0x000000008c100000, 0x000000008c100000| Complete 
| 126|0x000000008c200000, 0x000000008c300000, 0x000000008c300000|100%| E|CS|TAMS 0x000000008c200000, 0x000000008c200000| Complete 
| 127|0x000000008c300000, 0x000000008c400000, 0x000000008c400000|100%| E|CS|TAMS 0x000000008c300000, 0x000000008c300000| Complete 
| 128|0x000000008c400000, 0x000000008c500000, 0x000000008c500000|100%| E|CS|TAMS 0x000000008c400000, 0x000000008c400000| Complete 
| 129|0x000000008c500000, 0x000000008c600000, 0x000000008c600000|100%| E|CS|TAMS 0x000000008c500000, 0x000000008c500000| Complete 
| 130|0x000000008c600000, 0x000000008c700000, 0x000000008c700000|100%| E|CS|TAMS 0x000000008c600000, 0x000000008c600000| Complete 
| 131|0x000000008c700000, 0x000000008c800000, 0x000000008c800000|100%| E|CS|TAMS 0x000000008c700000, 0x000000008c700000| Complete 
| 132|0x000000008c800000, 0x000000008c900000, 0x000000008c900000|100%| E|CS|TAMS 0x000000008c800000, 0x000000008c800000| Complete 
| 133|0x000000008c900000, 0x000000008ca00000, 0x000000008ca00000|100%| E|CS|TAMS 0x000000008c900000, 0x000000008c900000| Complete 
| 134|0x000000008ca00000, 0x000000008cb00000, 0x000000008cb00000|100%| E|CS|TAMS 0x000000008ca00000, 0x000000008ca00000| Complete 
| 135|0x000000008cb00000, 0x000000008cc00000, 0x000000008cc00000|100%| E|CS|TAMS 0x000000008cb00000, 0x000000008cb00000| Complete 
| 136|0x000000008cc00000, 0x000000008cd00000, 0x000000008cd00000|100%| E|CS|TAMS 0x000000008cc00000, 0x000000008cc00000| Complete 
| 137|0x000000008cd00000, 0x000000008ce00000, 0x000000008ce00000|100%| E|CS|TAMS 0x000000008cd00000, 0x000000008cd00000| Complete 
| 138|0x000000008ce00000, 0x000000008cf00000, 0x000000008cf00000|100%| E|CS|TAMS 0x000000008ce00000, 0x000000008ce00000| Complete 
| 139|0x000000008cf00000, 0x000000008d000000, 0x000000008d000000|100%| E|CS|TAMS 0x000000008cf00000, 0x000000008cf00000| Complete 
| 140|0x000000008d000000, 0x000000008d100000, 0x000000008d100000|100%| E|CS|TAMS 0x000000008d000000, 0x000000008d000000| Complete 
| 141|0x000000008d100000, 0x000000008d200000, 0x000000008d200000|100%| E|CS|TAMS 0x000000008d100000, 0x000000008d100000| Complete 
| 142|0x000000008d200000, 0x000000008d300000, 0x000000008d300000|100%| E|CS|TAMS 0x000000008d200000, 0x000000008d200000| Complete 
| 143|0x000000008d300000, 0x000000008d400000, 0x000000008d400000|100%| E|CS|TAMS 0x000000008d300000, 0x000000008d300000| Complete 
| 144|0x000000008d400000, 0x000000008d500000, 0x000000008d500000|100%| E|CS|TAMS 0x000000008d400000, 0x000000008d400000| Complete 
| 145|0x000000008d500000, 0x000000008d600000, 0x000000008d600000|100%| E|CS|TAMS 0x000000008d500000, 0x000000008d500000| Complete 
| 146|0x000000008d600000, 0x000000008d700000, 0x000000008d700000|100%| E|CS|TAMS 0x000000008d600000, 0x000000008d600000| Complete 
| 147|0x000000008d700000, 0x000000008d800000, 0x000000008d800000|100%| E|CS|TAMS 0x000000008d700000, 0x000000008d700000| Complete 
| 148|0x000000008d800000, 0x000000008d900000, 0x000000008d900000|100%| E|CS|TAMS 0x000000008d800000, 0x000000008d800000| Complete 

Card table byte_map: [0x0000025af2260000,0x0000025af2640000] _byte_map_base: 0x0000025af1e3e000

Marking Bits (Prev, Next): (CMBitMap*) 0x0000025ae970ff80, (CMBitMap*) 0x0000025ae970ff48
 Prev Bits: [0x0000025af4910000, 0x0000025af6800000)
 Next Bits: [0x0000025af2a20000, 0x0000025af4910000)

Polling page: 0x0000025ae7610000

Metaspace:

Usage:
  Non-class:     28.16 MB capacity,    27.68 MB ( 98%) used,   394.48 KB (  1%) free+waste,    92.88 KB ( <1%) overhead. 
      Class:      3.95 MB capacity,     3.66 MB ( 93%) used,   247.69 KB (  6%) free+waste,    43.69 KB (  1%) overhead. 
       Both:     32.11 MB capacity,    31.34 MB ( 98%) used,   642.17 KB (  2%) free+waste,   136.56 KB ( <1%) overhead. 

Virtual space:
  Non-class space:       30.00 MB reserved,      28.25 MB ( 94%) committed 
      Class space:        1.00 GB reserved,       4.00 MB ( <1%) committed 
             Both:        1.03 GB reserved,      32.25 MB (  3%) committed 

Chunk freelists:
   Non-Class:  3.75 KB
       Class:  2.75 KB
        Both:  6.50 KB

CodeHeap 'non-profiled nmethods': size=120000Kb used=1832Kb max_used=1832Kb free=118167Kb
 bounds [0x0000025a87ad0000, 0x0000025a87d40000, 0x0000025a8f000000]
CodeHeap 'profiled nmethods': size=120000Kb used=7412Kb max_used=7412Kb free=112587Kb
 bounds [0x0000025a805a0000, 0x0000025a80ce0000, 0x0000025a87ad0000]
CodeHeap 'non-nmethods': size=5760Kb used=1216Kb max_used=1272Kb free=4543Kb
 bounds [0x0000025a80000000, 0x0000025a80270000, 0x0000025a805a0000]
 total_blobs=3735 nmethods=3296 adapters=357
 compilation: enabled
              stopped_count=0, restarted_count=0
 full_count=0

Compilation events (10 events):
Event: 1.931 Thread 0x0000025af9ab3800 3295       1       java.util.Spliterators$ArraySpliterator::characteristics (5 bytes)
Event: 1.931 Thread 0x0000025af9ab3800 nmethod 3295 0x0000025a87c95510 code [0x0000025a87c956a0, 0x0000025a87c95758]
Event: 1.933 Thread 0x0000025af9ab3800 3296       3       java.lang.invoke.LambdaFormEditor$Transform::of (49 bytes)
Event: 1.933 Thread 0x0000025af9ab3800 nmethod 3296 0x0000025a80cd9510 code [0x0000025a80cd9760, 0x0000025a80cda058]
Event: 1.933 Thread 0x0000025af9ab3800 3297       3       java.lang.invoke.LambdaFormEditor$Transform::packedBytes (32 bytes)
Event: 1.933 Thread 0x0000025af9ab3800 nmethod 3297 0x0000025a80cda390 code [0x0000025a80cda520, 0x0000025a80cda618]
Event: 1.935 Thread 0x0000025af9ab2800 nmethod 3294 0x0000025a87c95810 code [0x0000025a87c95a00, 0x0000025a87c96730]
Event: 1.943 Thread 0x0000025af9ab2800 3298       4       java.io.File::exists (43 bytes)
Event: 1.948 Thread 0x0000025af9ab2800 nmethod 3298 0x0000025a87c96d90 code [0x0000025a87c96f40, 0x0000025a87c97308]
Event: 1.952 Thread 0x0000025af9ab2800 3299       4       java.io.WinNTFileSystem::resolve (275 bytes)

GC Heap History (10 events):
Event: 0.399 GC heap before
{Heap before GC invocations=0 (full 0):
 garbage-first heap   total 126976K, used 25600K [0x0000000084400000, 0x0000000100000000)
  region size 1024K, 24 young (24576K), 0 survivors (0K)
 Metaspace       used 9572K, capacity 9755K, committed 9984K, reserved 1058816K
  class space    used 866K, capacity 914K, committed 1024K, reserved 1048576K
}
Event: 0.404 GC heap after
{Heap after GC invocations=1 (full 0):
 garbage-first heap   total 126976K, used 10272K [0x0000000084400000, 0x0000000100000000)
  region size 1024K, 3 young (3072K), 3 survivors (3072K)
 Metaspace       used 9572K, capacity 9755K, committed 9984K, reserved 1058816K
  class space    used 866K, capacity 914K, committed 1024K, reserved 1048576K
}
Event: 0.672 GC heap before
{Heap before GC invocations=1 (full 0):
 garbage-first heap   total 126976K, used 80928K [0x0000000084400000, 0x0000000100000000)
  region size 1024K, 73 young (74752K), 3 survivors (3072K)
 Metaspace       used 14441K, capacity 14749K, committed 14976K, reserved 1062912K
  class space    used 1445K, capacity 1564K, committed 1664K, reserved 1048576K
}
Event: 0.675 GC heap after
{Heap after GC invocations=2 (full 0):
 garbage-first heap   total 126976K, used 11243K [0x0000000084400000, 0x0000000100000000)
  region size 1024K, 4 young (4096K), 4 survivors (4096K)
 Metaspace       used 14441K, capacity 14749K, committed 14976K, reserved 1062912K
  class space    used 1445K, capacity 1564K, committed 1664K, reserved 1048576K
}
Event: 0.991 GC heap before
{Heap before GC invocations=2 (full 0):
 garbage-first heap   total 126976K, used 62443K [0x0000000084400000, 0x0000000100000000)
  region size 1024K, 56 young (57344K), 4 survivors (4096K)
 Metaspace       used 20636K, capacity 21145K, committed 21248K, reserved 1069056K
  class space    used 2296K, capacity 2482K, committed 2560K, reserved 1048576K
}
Event: 0.996 GC heap after
{Heap after GC invocations=3 (full 0):
 garbage-first heap   total 126976K, used 13121K [0x0000000084400000, 0x0000000100000000)
  region size 1024K, 6 young (6144K), 6 survivors (6144K)
 Metaspace       used 20636K, capacity 21145K, committed 21248K, reserved 1069056K
  class space    used 2296K, capacity 2482K, committed 2560K, reserved 1048576K
}
Event: 1.288 GC heap before
{Heap before GC invocations=4 (full 0):
 garbage-first heap   total 126976K, used 79681K [0x0000000084400000, 0x0000000100000000)
  region size 1024K, 72 young (73728K), 6 survivors (6144K)
 Metaspace       used 27895K, capacity 28575K, committed 28928K, reserved 1075200K
  class space    used 3228K, capacity 3483K, committed 3584K, reserved 1048576K
}
Event: 1.296 GC heap after
{Heap after GC invocations=5 (full 0):
 garbage-first heap   total 126976K, used 15004K [0x0000000084400000, 0x0000000100000000)
  region size 1024K, 5 young (5120K), 5 survivors (5120K)
 Metaspace       used 27895K, capacity 28575K, committed 28928K, reserved 1075200K
  class space    used 3228K, capacity 3483K, committed 3584K, reserved 1048576K
}
Event: 1.566 GC heap before
{Heap before GC invocations=5 (full 0):
 garbage-first heap   total 126976K, used 83612K [0x0000000084400000, 0x0000000100000000)
  region size 1024K, 73 young (74752K), 5 survivors (5120K)
 Metaspace       used 30268K, capacity 31033K, committed 31232K, reserved 1077248K
  class space    used 3499K, capacity 3795K, committed 3840K, reserved 1048576K
}
Event: 1.571 GC heap after
{Heap after GC invocations=6 (full 0):
 garbage-first heap   total 152576K, used 16618K [0x0000000084400000, 0x0000000100000000)
  region size 1024K, 7 young (7168K), 7 survivors (7168K)
 Metaspace       used 30268K, capacity 31033K, committed 31232K, reserved 1077248K
  class space    used 3499K, capacity 3795K, committed 3840K, reserved 1048576K
}

Deoptimization events (10 events):
Event: 1.607 Thread 0x0000025afb145800 Uncommon trap: reason=array_check action=maybe_recompile pc=0x0000025a87c47fbc method=java.util.AbstractCollection.toArray([Ljava/lang/Object;)[Ljava/lang/Object; @ 116 c2
Event: 1.607 Thread 0x0000025afb145800 Uncommon trap: reason=array_check action=maybe_recompile pc=0x0000025a87c47fbc method=java.util.AbstractCollection.toArray([Ljava/lang/Object;)[Ljava/lang/Object; @ 116 c2
Event: 1.607 Thread 0x0000025afb145800 Uncommon trap: reason=array_check action=maybe_recompile pc=0x0000025a87c47fbc method=java.util.AbstractCollection.toArray([Ljava/lang/Object;)[Ljava/lang/Object; @ 116 c2
Event: 1.616 Thread 0x0000025afb145800 Uncommon trap: reason=intrinsic_or_type_checked_inlining action=make_not_entrant pc=0x0000025a87c53e78 method=java.util.ArrayList.toArray([Ljava/lang/Object;)[Ljava/lang/Object; @ 36 c2
Event: 1.680 Thread 0x0000025afb145800 Uncommon trap: reason=unstable_if action=reinterpret pc=0x0000025a87c4121c method=java.util.ArrayDeque.addFirst(Ljava/lang/Object;)V @ 42 c2
Event: 1.738 Thread 0x0000025afb145800 Uncommon trap: reason=unstable_if action=reinterpret pc=0x0000025a87ade204 method=java.io.WinNTFileSystem.isSlash(C)Z @ 9 c2
Event: 1.836 Thread 0x0000025afb145800 Uncommon trap: reason=class_check action=make_not_entrant pc=0x0000025a87c8a100 method=java.util.ArrayList.toArray([Ljava/lang/Object;)[Ljava/lang/Object; @ 21 c2
Event: 1.842 Thread 0x0000025afb145800 Uncommon trap: reason=unstable_if action=reinterpret pc=0x0000025a87c630bc method=jdk.internal.jimage.ImageLocation.verify(Ljava/lang/String;Ljava/lang/String;[JLjdk/internal/jimage/ImageStrings;)Z @ 18 c2
Event: 1.920 Thread 0x0000025afb145800 Uncommon trap: reason=class_check action=maybe_recompile pc=0x0000025a87c2d310 method=org.springframework.util.ConcurrentReferenceHashMap$Segment.findInChain(Lorg/springframework/util/ConcurrentReferenceHashMap$Reference;Ljava/lang/Object;I)Lorg/springfra
Event: 1.920 Thread 0x0000025afb145800 Uncommon trap: reason=class_check action=maybe_recompile pc=0x0000025a87c7e334 method=org.springframework.util.ConcurrentReferenceHashMap.get(Ljava/lang/Object;)Ljava/lang/Object; @ 14 c2

Classes redefined (0 events):
No events

Internal exceptions (10 events):
Event: 1.310 Thread 0x0000025afb58d800 Exception <a 'java/lang/NoSuchMethodError'{0x000000008becfdc0}: java.lang.invoke.DirectMethodHandle$Holder.invokeStatic(Ljava/lang/Object;Ljava/lang/Object;)J> (0x000000008becfdc0) thrown at [./open/src/hotspot/share/interpreter/linkResolver.cpp, line 772
Event: 1.311 Thread 0x0000025afb58d800 Exception <a 'java/lang/NoSuchMethodError'{0x000000008bed2be8}: java.lang.invoke.DirectMethodHandle$Holder.invokeStaticInit(Ljava/lang/Object;Ljava/lang/Object;)J> (0x000000008bed2be8) thrown at [./open/src/hotspot/share/interpreter/linkResolver.cpp, line
Event: 1.312 Thread 0x0000025afb58d800 Exception <a 'java/lang/NoSuchMethodError'{0x000000008bedf0a8}: java.lang.invoke.DirectMethodHandle$Holder.invokeInterface(Ljava/lang/Object;Ljava/lang/Object;)J> (0x000000008bedf0a8) thrown at [./open/src/hotspot/share/interpreter/linkResolver.cpp, line 
Event: 1.312 Thread 0x0000025afb58d800 Exception <a 'java/lang/IncompatibleClassChangeError'{0x000000008bee1e40}: Found class java.lang.Object, but interface was expected> (0x000000008bee1e40) thrown at [./open/src/hotspot/share/interpreter/linkResolver.cpp, line 838]
Event: 1.322 Thread 0x0000025afb58d800 Exception <a 'java/lang/NoSuchMethodError'{0x000000008bc4bdf0}: java.lang.invoke.DirectMethodHandle$Holder.invokeVirtual(Ljava/lang/Object;Ljava/lang/Object;Ljava/lang/Object;Ljava/lang/Object;)Ljava/lang/Object;> (0x000000008bc4bdf0) thrown at [./open/sr
Event: 1.403 Thread 0x0000025afb145800 Exception <a 'java/lang/IncompatibleClassChangeError'{0x0000000088eaf9f0}: Found class java.lang.Object, but interface was expected> (0x0000000088eaf9f0) thrown at [./open/src/hotspot/share/interpreter/linkResolver.cpp, line 838]
Event: 1.432 Thread 0x0000025afb145800 Exception <a 'java/lang/NoSuchMethodError'{0x0000000088b42328}: java.lang.invoke.DirectMethodHandle$Holder.invokeInterface(Ljava/lang/Object;Ljava/lang/Object;Ljava/lang/Object;Ljava/lang/Object;)V> (0x0000000088b42328) thrown at [./open/src/hotspot/share
Event: 1.506 Thread 0x0000025afb145800 Implicit null exception at 0x0000025a87baca38 to 0x0000025a87bae7ec
Event: 1.507 Thread 0x0000025afb145800 Exception <a 'java/security/PrivilegedActionException'{0x00000000883e2fa0}> (0x00000000883e2fa0) thrown at [./open/src/hotspot/share/prims/jvm.cpp, line 1305]
Event: 1.507 Thread 0x0000025afb145800 Exception <a 'java/security/PrivilegedActionException'{0x00000000883e3518}> (0x00000000883e3518) thrown at [./open/src/hotspot/share/prims/jvm.cpp, line 1305]

Events (10 events):
Event: 1.956 loading class reactor/core/publisher/MonoFromPublisher
Event: 1.956 loading class reactor/core/publisher/MonoFromPublisher done
Event: 1.957 loading class reactor/core/publisher/MonoSourceFluxFuseable
Event: 1.957 loading class reactor/core/publisher/MonoSourceFluxFuseable done
Event: 1.957 loading class reactor/core/publisher/MonoSourceFlux
Event: 1.957 loading class reactor/core/publisher/MonoSourceFlux done
Event: 1.958 loading class reactor/core/publisher/MonoSourceFuseable
Event: 1.958 loading class reactor/core/publisher/MonoSourceFuseable done
Event: 1.958 loading class reactor/core/publisher/MonoSource
Event: 1.958 loading class reactor/core/publisher/MonoSource done


Dynamic libraries:
0x00007ff79e250000 - 0x00007ff79e25f000 	C:\Program Files\Java\jdk-11.0.12\bin\java.exe
0x00007ffea65f0000 - 0x00007ffea67e5000 	C:\Windows\SYSTEM32\ntdll.dll
0x00007ffea5550000 - 0x00007ffea560e000 	C:\Windows\System32\KERNEL32.DLL
0x00007ffea4200000 - 0x00007ffea44c9000 	C:\Windows\System32\KERNELBASE.dll
0x00007ffea4100000 - 0x00007ffea4200000 	C:\Windows\System32\ucrtbase.dll
0x00007ffe8c3c0000 - 0x00007ffe8c3d5000 	C:\Program Files\Java\jdk-11.0.12\bin\VCRUNTIME140.dll
0x00007ffe9b8e0000 - 0x00007ffe9b8f8000 	C:\Program Files\Java\jdk-11.0.12\bin\jli.dll
0x00007ffea5ab0000 - 0x00007ffea5b5c000 	C:\Windows\System32\ADVAPI32.dll
0x00007ffea5e90000 - 0x00007ffea5f2e000 	C:\Windows\System32\msvcrt.dll
0x00007ffea64f0000 - 0x00007ffea658b000 	C:\Windows\System32\sechost.dll
0x00007ffea5420000 - 0x00007ffea554a000 	C:\Windows\System32\RPCRT4.dll
0x00007ffea5b60000 - 0x00007ffea5d01000 	C:\Windows\System32\USER32.dll
0x00007ffea45e0000 - 0x00007ffea4602000 	C:\Windows\System32\win32u.dll
0x00007ffe8c770000 - 0x00007ffe8ca0a000 	C:\Windows\WinSxS\amd64_microsoft.windows.common-controls_6595b64144ccf1df_6.0.19041.1110_none_60b5254171f9507e\COMCTL32.dll
0x00007ffea4640000 - 0x00007ffea466b000 	C:\Windows\System32\GDI32.dll
0x00007ffea3ff0000 - 0x00007ffea40fb000 	C:\Windows\System32\gdi32full.dll
0x00007ffea3f50000 - 0x00007ffea3fed000 	C:\Windows\System32\msvcp_win.dll
0x00007ffe96e40000 - 0x00007ffe96e4a000 	C:\Windows\SYSTEM32\VERSION.dll
0x00007ffea6230000 - 0x00007ffea6260000 	C:\Windows\System32\IMM32.DLL
0x00007ffe538e0000 - 0x00007ffe5397b000 	C:\Program Files\Java\jdk-11.0.12\bin\msvcp140.dll
0x00007ffe4fa10000 - 0x00007ffe5050f000 	C:\Program Files\Java\jdk-11.0.12\bin\server\jvm.dll
0x00007ffea5d80000 - 0x00007ffea5d88000 	C:\Windows\System32\PSAPI.DLL
0x00007ffe96bd0000 - 0x00007ffe96bd9000 	C:\Windows\SYSTEM32\WSOCK32.dll
0x00007ffe8c080000 - 0x00007ffe8c0a7000 	C:\Windows\SYSTEM32\WINMM.dll
0x00007ffea5d10000 - 0x00007ffea5d7b000 	C:\Windows\System32\WS2_32.dll
0x00007ffea2840000 - 0x00007ffea2852000 	C:\Windows\SYSTEM32\kernel.appcore.dll
0x00007ffe936d0000 - 0x00007ffe936e0000 	C:\Program Files\Java\jdk-11.0.12\bin\verify.dll
0x00007ffea1950000 - 0x00007ffea1b34000 	C:\Windows\SYSTEM32\DBGHELP.DLL
0x00007ffe8d9c0000 - 0x00007ffe8d9ec000 	C:\Windows\SYSTEM32\dbgcore.DLL
0x00007ffea3d60000 - 0x00007ffea3de3000 	C:\Windows\System32\bcryptPrimitives.dll
0x00007ffe8c350000 - 0x00007ffe8c378000 	C:\Program Files\Java\jdk-11.0.12\bin\java.dll
0x00007ffe93420000 - 0x00007ffe9342a000 	C:\Program Files\Java\jdk-11.0.12\bin\jimage.dll
0x00007ffe826e0000 - 0x00007ffe82718000 	C:\Program Files\Java\jdk-11.0.12\bin\jdwp.dll
0x00007ffe8c330000 - 0x00007ffe8c346000 	C:\Program Files\Java\jdk-11.0.12\bin\zip.dll
0x00007ffea4670000 - 0x00007ffea4daf000 	C:\Windows\System32\SHELL32.dll
0x00007ffea1b40000 - 0x00007ffea22d0000 	C:\Windows\SYSTEM32\windows.storage.dll
0x00007ffea5750000 - 0x00007ffea5aa5000 	C:\Windows\System32\combase.dll
0x00007ffea3760000 - 0x00007ffea378c000 	C:\Windows\SYSTEM32\Wldp.dll
0x00007ffea6440000 - 0x00007ffea64ed000 	C:\Windows\System32\SHCORE.dll
0x00007ffea63e0000 - 0x00007ffea6435000 	C:\Windows\System32\shlwapi.dll
0x00007ffea3c50000 - 0x00007ffea3c6f000 	C:\Windows\SYSTEM32\profapi.dll
0x00007ffe8d2a0000 - 0x00007ffe8d2aa000 	C:\Program Files\Java\jdk-11.0.12\bin\dt_socket.dll
0x00007ffea34c0000 - 0x00007ffea352a000 	C:\Windows\System32\mswsock.dll
0x00007ffea31a0000 - 0x00007ffea326c000 	C:\Windows\SYSTEM32\DNSAPI.dll
0x00007ffea3160000 - 0x00007ffea319b000 	C:\Windows\SYSTEM32\IPHLPAPI.DLL
0x00007ffea5e20000 - 0x00007ffea5e28000 	C:\Windows\System32\NSI.dll
0x00007ffe95510000 - 0x00007ffe9558f000 	C:\Windows\System32\fwpuclnt.dll
0x00007ffea4610000 - 0x00007ffea4637000 	C:\Windows\System32\bcrypt.dll
0x00007ffe95db0000 - 0x00007ffe95dba000 	C:\Windows\System32\rasadhlp.dll
0x00007ffe8c180000 - 0x00007ffe8c199000 	C:\Program Files\Java\jdk-11.0.12\bin\net.dll
0x00007ffe9a800000 - 0x00007ffe9a908000 	C:\Windows\SYSTEM32\WINHTTP.dll
0x00007ffe8c120000 - 0x00007ffe8c132000 	C:\Program Files\Java\jdk-11.0.12\bin\nio.dll
0x00007ffe93570000 - 0x00007ffe93579000 	C:\Program Files\Java\jdk-11.0.12\bin\management.dll
0x00007ffe93560000 - 0x00007ffe9356b000 	C:\Program Files\Java\jdk-11.0.12\bin\management_ext.dll
0x00007ffe61cc0000 - 0x00007ffe61cd7000 	C:\Windows\system32\napinsp.dll
0x00007ffe61ca0000 - 0x00007ffe61cbb000 	C:\Windows\system32\pnrpnsp.dll
0x00007ffe9a980000 - 0x00007ffe9a995000 	C:\Windows\system32\wshbth.dll
0x00007ffe9b800000 - 0x00007ffe9b81d000 	C:\Windows\system32\NLAapi.dll
0x00007ffe450b0000 - 0x00007ffe450c2000 	C:\Windows\System32\winrnr.dll

dbghelp: loaded successfully - version: 4.0.5 - missing functions: none
symbol engine: initialized successfully - sym options: 0x614 - pdb path: .;C:\Program Files\Java\jdk-11.0.12\bin;C:\Windows\SYSTEM32;C:\Windows\WinSxS\amd64_microsoft.windows.common-controls_6595b64144ccf1df_6.0.19041.1110_none_60b5254171f9507e;C:\Program Files\Java\jdk-11.0.12\bin\server

VM Arguments:
jvm_args: -agentlib:jdwp=transport=dt_socket,server=n,address=50534 
java_command: com.backend.ingest.PlatinApplication
java_class_path (initial): D:\Josue\Proyectos\geosatelital\backend\BackendPlatin\platin\target\classes;C:\Users\FAMLETO\.m2\repository\org\springframework\boot\spring-boot-starter-data-jpa\2.5.3\spring-boot-starter-data-jpa-2.5.3.jar;C:\Users\FAMLETO\.m2\repository\org\springframework\boot\spring-boot-starter-aop\2.5.3\spring-boot-starter-aop-2.5.3.jar;C:\Users\FAMLETO\.m2\repository\org\aspectj\aspectjweaver\1.9.7\aspectjweaver-1.9.7.jar;C:\Users\FAMLETO\.m2\repository\org\springframework\boot\spring-boot-starter-jdbc\2.5.3\spring-boot-starter-jdbc-2.5.3.jar;C:\Users\FAMLETO\.m2\repository\com\zaxxer\HikariCP\4.0.3\HikariCP-4.0.3.jar;C:\Users\FAMLETO\.m2\repository\org\springframework\spring-jdbc\5.3.9\spring-jdbc-5.3.9.jar;C:\Users\FAMLETO\.m2\repository\jakarta\transaction\jakarta.transaction-api\1.3.3\jakarta.transaction-api-1.3.3.jar;C:\Users\FAMLETO\.m2\repository\jakarta\persistence\jakarta.persistence-api\2.2.3\jakarta.persistence-api-2.2.3.jar;C:\Users\FAMLETO\.m2\repository\org\hibernate\hibernate-core\5.4.32.Final\hibernate-core-5.4.32.Final.jar;C:\Users\FAMLETO\.m2\repository\org\jboss\logging\jboss-logging\3.4.2.Final\jboss-logging-3.4.2.Final.jar;C:\Users\FAMLETO\.m2\repository\net\bytebuddy\byte-buddy\1.10.22\byte-buddy-1.10.22.jar;C:\Users\FAMLETO\.m2\repository\antlr\antlr\2.7.7\antlr-2.7.7.jar;C:\Users\FAMLETO\.m2\repository\org\jboss\jandex\2.2.3.Final\jandex-2.2.3.Final.jar;C:\Users\FAMLETO\.m2\repository\org\dom4j\dom4j\2.1.3\dom4j-2.1.3.jar;C:\Users\FAMLETO\.m2\repository\org\hibernate\common\hibernate-commons-annotations\5.1.2.Final\hibernate-commons-annotations-5.1.2.Final.jar;C:\Users\FAMLETO\.m2\repository\org\glassfish\jaxb\jaxb-runtime\2.3.4\jaxb-runtime-2.3.4.jar;C:\Users\FAMLETO\.m2\repository\org\glassfish\jaxb\txw2\2.3.4\txw2-2.3.4.jar;C:\Users\FAMLETO\.m2\repository\com\sun\istack\istack-commons-runtime\3.0.12\istack-commons-runtime-3.0.12.jar;C:\Users\FAMLETO\.m2\repository\org\springframework\data\spring-data-jpa\2.5.3\spring-dat
Launcher Type: SUN_STANDARD

[Global flags]
     intx CICompilerCount                          = 4                                         {product} {ergonomic}
     uint ConcGCThreads                            = 2                                         {product} {ergonomic}
     uint G1ConcRefinementThreads                  = 8                                         {product} {ergonomic}
   size_t G1HeapRegionSize                         = 1048576                                   {product} {ergonomic}
    uintx GCDrainStackTargetSize                   = 64                                        {product} {ergonomic}
   size_t InitialHeapSize                          = 130023424                                 {product} {ergonomic}
   size_t MarkStackSize                            = 4194304                                   {product} {ergonomic}
   size_t MaxHeapSize                              = 2076180480                                {product} {ergonomic}
   size_t MaxNewSize                               = 1245708288                                {product} {ergonomic}
   size_t MinHeapDeltaBytes                        = 1048576                                   {product} {ergonomic}
    uintx NonNMethodCodeHeapSize                   = 5836300                                {pd product} {ergonomic}
    uintx NonProfiledCodeHeapSize                  = 122910970                              {pd product} {ergonomic}
    uintx ProfiledCodeHeapSize                     = 122910970                              {pd product} {ergonomic}
    uintx ReservedCodeCacheSize                    = 251658240                              {pd product} {ergonomic}
     bool SegmentedCodeCache                       = true                                      {product} {ergonomic}
     bool UseCompressedClassPointers               = true                                 {lp64_product} {ergonomic}
     bool UseCompressedOops                        = true                                 {lp64_product} {ergonomic}
     bool UseG1GC                                  = true                                      {product} {ergonomic}
     bool UseLargePagesIndividualAllocation        = false                                  {pd product} {ergonomic}

Logging:
Log output configuration:
 #0: stdout all=warning uptime,level,tags
 #1: stderr all=off uptime,level,tags

Environment Variables:
JAVA_HOME=C:\Program Files\Java\jdk-11.0.12
PATH=C:\Program Files\Microsoft MPI\Bin\;C:\Program Files (x86)\VMware\VMware Workstation\bin\;C:\Windows\system32;C:\Windows;C:\Windows\System32\Wbem;C:\Windows\System32\WindowsPowerShell\v1.0\;C:\Windows\System32\OpenSSH\;C:\Program Files\Git\cmd;C:\Program Files\Java\jdk-11.0.12\bin;D:\Josue\instaladores\maven\apache-maven-3.8.2\bin;C:\nsq-1.2.1.windows-amd64.go1.16.6\bin;C:\Program Files\nodejs\;C:\Program Files\Redis\;C:\Program Files (x86)\Microsoft SQL Server\140\Tools\Binn\;C:\Program Files\Microsoft SQL Server\140\Tools\Binn\;C:\Program Files (x86)\Microsoft SQL Server\140\DTS\Binn\;C:\Program Files\Microsoft SQL Server\140\DTS\Binn\;C:\Program Files\Microsoft SQL Server\Client SDK\ODBC\130\Tools\Binn\;C:\Program Files\Azure Data Studio\bin;C:\Program Files\dotnet\;C:\Program Files\Microsoft SQL Server\130\Tools\Binn\;C:\Program Files\Microsoft SQL Server\Client SDK\ODBC\170\Tools\Binn\;C:\Users\FAMLETO\AppData\Local\Microsoft\WindowsApps;;C:\Users\FAMLETO\AppData\Local\Programs\Microsoft VS Code\bin;C:\Users\FAMLETO\AppData\Roaming\npm;C:\Program Files\JetBrains\IntelliJ IDEA Community Edition 2021.2\bin;;C:\Program Files\Azure Data Studio\bin;C:\Users\FAMLETO\.dotnet\tools
USERNAME=FAMLETO
OS=Windows_NT
PROCESSOR_IDENTIFIER=Intel64 Family 6 Model 140 Stepping 1, GenuineIntel



---------------  S Y S T E M  ---------------

OS: Windows 10 , 64 bit Build 19041 (10.0.19041.1202)

CPU:total 8 (initial active 8) (4 cores per cpu, 2 threads per core) family 6 model 140 stepping 1 microcode 0x86, cmov, cx8, fxsr, mmx, sse, sse2, sse3, ssse3, sse4.1, sse4.2, popcnt, avx, avx2, aes, clmul, erms, 3dnowpref, lzcnt, ht, tsc, tscinvbit, bmi1, bmi2, adx, evex, sha, fma

Memory: 4k page, system-wide physical 7918M (528M free)
TotalPageFile size 15456M (AvailPageFile size 5M)
current process WorkingSet (physical memory assigned to process): 293M, peak: 293M
current process commit charge ("private bytes"): 375M, peak: 378M

vm_info: Java HotSpot(TM) 64-Bit Server VM (11.0.12+8-LTS-237) for windows-amd64 JRE (11.0.12+8-LTS-237), built on Jun  8 2021 11:25:59 by "mach5one" with MS VC++ 15.9 (VS2017)

END.
